CRITICAL - 2022-02-15 19:43:57 --> Undefined variable $pager
#0 C:\xampps\htdocs\helpdeskLPC\app\Views\Ticket\index.php(52): CodeIgniter\Debug\Exceptions->errorHandler(2, 'Undefined varia...', 'C:\\xampps\\htdoc...', 52)
#1 C:\xampps\htdocs\helpdeskLPC\system\View\View.php(210): include('C:\\xampps\\htdoc...')
#2 C:\xampps\htdocs\helpdeskLPC\system\View\View.php(213): CodeIgniter\View\View->CodeIgniter\View\{closure}()
#3 C:\xampps\htdocs\helpdeskLPC\system\Common.php(1089): CodeIgniter\View\View->render('ticket/index', Array, true)
#4 C:\xampps\htdocs\helpdeskLPC\system\Helpers\sn_helper.php(7): view('ticket/index', Array)
#5 C:\xampps\htdocs\helpdeskLPC\app\Controllers\Ticket.php(265): tampilan('ticket/index', Array)
#6 C:\xampps\htdocs\helpdeskLPC\system\CodeIgniter.php(825): App\Controllers\Ticket->ubah()
#7 C:\xampps\htdocs\helpdeskLPC\system\CodeIgniter.php(412): CodeIgniter\CodeIgniter->runController(Object(App\Controllers\Ticket))
#8 C:\xampps\htdocs\helpdeskLPC\system\CodeIgniter.php(320): CodeIgniter\CodeIgniter->handleRequest(NULL, Object(Config\Cache), false)
#9 C:\xampps\htdocs\helpdeskLPC\public\index.php(37): CodeIgniter\CodeIgniter->run()
#10 C:\xampps\htdocs\helpdeskLPC\system\Commands\Server\rewrite.php(43): require_once('C:\\xampps\\htdoc...')
#11 {main}
CRITICAL - 2022-02-15 19:44:50 --> Undefined variable $pager
#0 C:\xampps\htdocs\helpdeskLPC\app\Views\Ticket\index.php(52): CodeIgniter\Debug\Exceptions->errorHandler(2, 'Undefined varia...', 'C:\\xampps\\htdoc...', 52)
#1 C:\xampps\htdocs\helpdeskLPC\system\View\View.php(210): include('C:\\xampps\\htdoc...')
#2 C:\xampps\htdocs\helpdeskLPC\system\View\View.php(213): CodeIgniter\View\View->CodeIgniter\View\{closure}()
#3 C:\xampps\htdocs\helpdeskLPC\system\Common.php(1089): CodeIgniter\View\View->render('ticket/index', Array, true)
#4 C:\xampps\htdocs\helpdeskLPC\system\Helpers\sn_helper.php(7): view('ticket/index', Array)
#5 C:\xampps\htdocs\helpdeskLPC\app\Controllers\Ticket.php(266): tampilan('ticket/index', Array)
#6 C:\xampps\htdocs\helpdeskLPC\system\CodeIgniter.php(825): App\Controllers\Ticket->ubah()
#7 C:\xampps\htdocs\helpdeskLPC\system\CodeIgniter.php(412): CodeIgniter\CodeIgniter->runController(Object(App\Controllers\Ticket))
#8 C:\xampps\htdocs\helpdeskLPC\system\CodeIgniter.php(320): CodeIgniter\CodeIgniter->handleRequest(NULL, Object(Config\Cache), false)
#9 C:\xampps\htdocs\helpdeskLPC\public\index.php(37): CodeIgniter\CodeIgniter->run()
#10 C:\xampps\htdocs\helpdeskLPC\system\Commands\Server\rewrite.php(43): require_once('C:\\xampps\\htdoc...')
#11 {main}
CRITICAL - 2022-02-15 19:44:57 --> Undefined variable $pager
#0 C:\xampps\htdocs\helpdeskLPC\app\Views\Ticket\index.php(52): CodeIgniter\Debug\Exceptions->errorHandler(2, 'Undefined varia...', 'C:\\xampps\\htdoc...', 52)
#1 C:\xampps\htdocs\helpdeskLPC\system\View\View.php(210): include('C:\\xampps\\htdoc...')
#2 C:\xampps\htdocs\helpdeskLPC\system\View\View.php(213): CodeIgniter\View\View->CodeIgniter\View\{closure}()
#3 C:\xampps\htdocs\helpdeskLPC\system\Common.php(1089): CodeIgniter\View\View->render('ticket/index', Array, true)
#4 C:\xampps\htdocs\helpdeskLPC\system\Helpers\sn_helper.php(7): view('ticket/index', Array)
#5 C:\xampps\htdocs\helpdeskLPC\app\Controllers\Ticket.php(266): tampilan('ticket/index', Array)
#6 C:\xampps\htdocs\helpdeskLPC\system\CodeIgniter.php(825): App\Controllers\Ticket->ubah()
#7 C:\xampps\htdocs\helpdeskLPC\system\CodeIgniter.php(412): CodeIgniter\CodeIgniter->runController(Object(App\Controllers\Ticket))
#8 C:\xampps\htdocs\helpdeskLPC\system\CodeIgniter.php(320): CodeIgniter\CodeIgniter->handleRequest(NULL, Object(Config\Cache), false)
#9 C:\xampps\htdocs\helpdeskLPC\public\index.php(37): CodeIgniter\CodeIgniter->run()
#10 C:\xampps\htdocs\helpdeskLPC\system\Commands\Server\rewrite.php(43): require_once('C:\\xampps\\htdoc...')
#11 {main}
CRITICAL - 2022-02-15 19:45:07 --> Call to a member function links() on null
#0 C:\xampps\htdocs\helpdeskLPC\system\View\View.php(210): include()
#1 C:\xampps\htdocs\helpdeskLPC\system\View\View.php(213): CodeIgniter\View\View->CodeIgniter\View\{closure}()
#2 C:\xampps\htdocs\helpdeskLPC\system\Common.php(1089): CodeIgniter\View\View->render('ticket/index', Array, true)
#3 C:\xampps\htdocs\helpdeskLPC\system\Helpers\sn_helper.php(7): view('ticket/index', Array)
#4 C:\xampps\htdocs\helpdeskLPC\app\Controllers\Ticket.php(57): tampilan('ticket/index', Array)
#5 C:\xampps\htdocs\helpdeskLPC\system\CodeIgniter.php(825): App\Controllers\Ticket->index()
#6 C:\xampps\htdocs\helpdeskLPC\system\CodeIgniter.php(412): CodeIgniter\CodeIgniter->runController(Object(App\Controllers\Ticket))
#7 C:\xampps\htdocs\helpdeskLPC\system\CodeIgniter.php(320): CodeIgniter\CodeIgniter->handleRequest(NULL, Object(Config\Cache), false)
#8 C:\xampps\htdocs\helpdeskLPC\public\index.php(37): CodeIgniter\CodeIgniter->run()
#9 C:\xampps\htdocs\helpdeskLPC\system\Commands\Server\rewrite.php(43): require_once('C:\\xampps\\htdoc...')
#10 {main}
CRITICAL - 2022-02-15 19:45:17 --> Call to a member function links() on null
#0 C:\xampps\htdocs\helpdeskLPC\system\View\View.php(210): include()
#1 C:\xampps\htdocs\helpdeskLPC\system\View\View.php(213): CodeIgniter\View\View->CodeIgniter\View\{closure}()
#2 C:\xampps\htdocs\helpdeskLPC\system\Common.php(1089): CodeIgniter\View\View->render('ticket/index', Array, true)
#3 C:\xampps\htdocs\helpdeskLPC\system\Helpers\sn_helper.php(7): view('ticket/index', Array)
#4 C:\xampps\htdocs\helpdeskLPC\app\Controllers\Ticket.php(57): tampilan('ticket/index', Array)
#5 C:\xampps\htdocs\helpdeskLPC\system\CodeIgniter.php(825): App\Controllers\Ticket->index()
#6 C:\xampps\htdocs\helpdeskLPC\system\CodeIgniter.php(412): CodeIgniter\CodeIgniter->runController(Object(App\Controllers\Ticket))
#7 C:\xampps\htdocs\helpdeskLPC\system\CodeIgniter.php(320): CodeIgniter\CodeIgniter->handleRequest(NULL, Object(Config\Cache), false)
#8 C:\xampps\htdocs\helpdeskLPC\public\index.php(37): CodeIgniter\CodeIgniter->run()
#9 C:\xampps\htdocs\helpdeskLPC\system\Commands\Server\rewrite.php(43): require_once('C:\\xampps\\htdoc...')
#10 {main}
CRITICAL - 2022-02-15 19:46:42 --> Call to a member function links() on null
#0 C:\xampps\htdocs\helpdeskLPC\system\View\View.php(210): include()
#1 C:\xampps\htdocs\helpdeskLPC\system\View\View.php(213): CodeIgniter\View\View->CodeIgniter\View\{closure}()
#2 C:\xampps\htdocs\helpdeskLPC\system\Common.php(1089): CodeIgniter\View\View->render('ticket/index', Array, true)
#3 C:\xampps\htdocs\helpdeskLPC\system\Helpers\sn_helper.php(7): view('ticket/index', Array)
#4 C:\xampps\htdocs\helpdeskLPC\app\Controllers\Ticket.php(57): tampilan('ticket/index', Array)
#5 C:\xampps\htdocs\helpdeskLPC\system\CodeIgniter.php(825): App\Controllers\Ticket->index()
#6 C:\xampps\htdocs\helpdeskLPC\system\CodeIgniter.php(412): CodeIgniter\CodeIgniter->runController(Object(App\Controllers\Ticket))
#7 C:\xampps\htdocs\helpdeskLPC\system\CodeIgniter.php(320): CodeIgniter\CodeIgniter->handleRequest(NULL, Object(Config\Cache), false)
#8 C:\xampps\htdocs\helpdeskLPC\public\index.php(37): CodeIgniter\CodeIgniter->run()
#9 C:\xampps\htdocs\helpdeskLPC\system\Commands\Server\rewrite.php(43): require_once('C:\\xampps\\htdoc...')
#10 {main}
CRITICAL - 2022-02-15 19:47:29 --> Call to a member function links() on null
#0 C:\xampps\htdocs\helpdeskLPC\system\View\View.php(210): include()
#1 C:\xampps\htdocs\helpdeskLPC\system\View\View.php(213): CodeIgniter\View\View->CodeIgniter\View\{closure}()
#2 C:\xampps\htdocs\helpdeskLPC\system\Common.php(1089): CodeIgniter\View\View->render('ticket/index', Array, true)
#3 C:\xampps\htdocs\helpdeskLPC\system\Helpers\sn_helper.php(7): view('ticket/index', Array)
#4 C:\xampps\htdocs\helpdeskLPC\app\Controllers\Ticket.php(57): tampilan('ticket/index', Array)
#5 C:\xampps\htdocs\helpdeskLPC\system\CodeIgniter.php(825): App\Controllers\Ticket->index()
#6 C:\xampps\htdocs\helpdeskLPC\system\CodeIgniter.php(412): CodeIgniter\CodeIgniter->runController(Object(App\Controllers\Ticket))
#7 C:\xampps\htdocs\helpdeskLPC\system\CodeIgniter.php(320): CodeIgniter\CodeIgniter->handleRequest(NULL, Object(Config\Cache), false)
#8 C:\xampps\htdocs\helpdeskLPC\public\index.php(37): CodeIgniter\CodeIgniter->run()
#9 C:\xampps\htdocs\helpdeskLPC\system\Commands\Server\rewrite.php(43): require_once('C:\\xampps\\htdoc...')
#10 {main}
CRITICAL - 2022-02-15 19:47:33 --> Call to a member function links() on null
#0 C:\xampps\htdocs\helpdeskLPC\system\View\View.php(210): include()
#1 C:\xampps\htdocs\helpdeskLPC\system\View\View.php(213): CodeIgniter\View\View->CodeIgniter\View\{closure}()
#2 C:\xampps\htdocs\helpdeskLPC\system\Common.php(1089): CodeIgniter\View\View->render('ticket/index', Array, true)
#3 C:\xampps\htdocs\helpdeskLPC\system\Helpers\sn_helper.php(7): view('ticket/index', Array)
#4 C:\xampps\htdocs\helpdeskLPC\app\Controllers\Ticket.php(57): tampilan('ticket/index', Array)
#5 C:\xampps\htdocs\helpdeskLPC\system\CodeIgniter.php(825): App\Controllers\Ticket->index()
#6 C:\xampps\htdocs\helpdeskLPC\system\CodeIgniter.php(412): CodeIgniter\CodeIgniter->runController(Object(App\Controllers\Ticket))
#7 C:\xampps\htdocs\helpdeskLPC\system\CodeIgniter.php(320): CodeIgniter\CodeIgniter->handleRequest(NULL, Object(Config\Cache), false)
#8 C:\xampps\htdocs\helpdeskLPC\public\index.php(37): CodeIgniter\CodeIgniter->run()
#9 C:\xampps\htdocs\helpdeskLPC\system\Commands\Server\rewrite.php(43): require_once('C:\\xampps\\htdoc...')
#10 {main}
CRITICAL - 2022-02-15 19:47:37 --> Call to a member function links() on null
#0 C:\xampps\htdocs\helpdeskLPC\system\View\View.php(210): include()
#1 C:\xampps\htdocs\helpdeskLPC\system\View\View.php(213): CodeIgniter\View\View->CodeIgniter\View\{closure}()
#2 C:\xampps\htdocs\helpdeskLPC\system\Common.php(1089): CodeIgniter\View\View->render('ticket/index', Array, true)
#3 C:\xampps\htdocs\helpdeskLPC\system\Helpers\sn_helper.php(7): view('ticket/index', Array)
#4 C:\xampps\htdocs\helpdeskLPC\app\Controllers\Ticket.php(57): tampilan('ticket/index', Array)
#5 C:\xampps\htdocs\helpdeskLPC\system\CodeIgniter.php(825): App\Controllers\Ticket->index()
#6 C:\xampps\htdocs\helpdeskLPC\system\CodeIgniter.php(412): CodeIgniter\CodeIgniter->runController(Object(App\Controllers\Ticket))
#7 C:\xampps\htdocs\helpdeskLPC\system\CodeIgniter.php(320): CodeIgniter\CodeIgniter->handleRequest(NULL, Object(Config\Cache), false)
#8 C:\xampps\htdocs\helpdeskLPC\public\index.php(37): CodeIgniter\CodeIgniter->run()
#9 C:\xampps\htdocs\helpdeskLPC\system\Commands\Server\rewrite.php(43): require_once('C:\\xampps\\htdoc...')
#10 {main}
CRITICAL - 2022-02-15 19:47:39 --> Call to a member function links() on null
#0 C:\xampps\htdocs\helpdeskLPC\system\View\View.php(210): include()
#1 C:\xampps\htdocs\helpdeskLPC\system\View\View.php(213): CodeIgniter\View\View->CodeIgniter\View\{closure}()
#2 C:\xampps\htdocs\helpdeskLPC\system\Common.php(1089): CodeIgniter\View\View->render('ticket/index', Array, true)
#3 C:\xampps\htdocs\helpdeskLPC\system\Helpers\sn_helper.php(7): view('ticket/index', Array)
#4 C:\xampps\htdocs\helpdeskLPC\app\Controllers\Ticket.php(57): tampilan('ticket/index', Array)
#5 C:\xampps\htdocs\helpdeskLPC\system\CodeIgniter.php(825): App\Controllers\Ticket->index()
#6 C:\xampps\htdocs\helpdeskLPC\system\CodeIgniter.php(412): CodeIgniter\CodeIgniter->runController(Object(App\Controllers\Ticket))
#7 C:\xampps\htdocs\helpdeskLPC\system\CodeIgniter.php(320): CodeIgniter\CodeIgniter->handleRequest(NULL, Object(Config\Cache), false)
#8 C:\xampps\htdocs\helpdeskLPC\public\index.php(37): CodeIgniter\CodeIgniter->run()
#9 C:\xampps\htdocs\helpdeskLPC\system\Commands\Server\rewrite.php(43): require_once('C:\\xampps\\htdoc...')
#10 {main}
CRITICAL - 2022-02-15 19:49:15 --> Undefined variable $company
#0 C:\xampps\htdocs\helpdeskLPC\app\Views\Ticket\index.php(182): CodeIgniter\Debug\Exceptions->errorHandler(2, 'Undefined varia...', 'C:\\xampps\\htdoc...', 182)
#1 C:\xampps\htdocs\helpdeskLPC\system\View\View.php(210): include('C:\\xampps\\htdoc...')
#2 C:\xampps\htdocs\helpdeskLPC\system\View\View.php(213): CodeIgniter\View\View->CodeIgniter\View\{closure}()
#3 C:\xampps\htdocs\helpdeskLPC\system\Common.php(1089): CodeIgniter\View\View->render('ticket/index', Array, true)
#4 C:\xampps\htdocs\helpdeskLPC\system\Helpers\sn_helper.php(7): view('ticket/index', Array)
#5 C:\xampps\htdocs\helpdeskLPC\app\Controllers\Ticket.php(266): tampilan('ticket/index', Array)
#6 C:\xampps\htdocs\helpdeskLPC\system\CodeIgniter.php(825): App\Controllers\Ticket->ubah()
#7 C:\xampps\htdocs\helpdeskLPC\system\CodeIgniter.php(412): CodeIgniter\CodeIgniter->runController(Object(App\Controllers\Ticket))
#8 C:\xampps\htdocs\helpdeskLPC\system\CodeIgniter.php(320): CodeIgniter\CodeIgniter->handleRequest(NULL, Object(Config\Cache), false)
#9 C:\xampps\htdocs\helpdeskLPC\public\index.php(37): CodeIgniter\CodeIgniter->run()
#10 C:\xampps\htdocs\helpdeskLPC\system\Commands\Server\rewrite.php(43): require_once('C:\\xampps\\htdoc...')
#11 {main}
CRITICAL - 2022-02-15 19:54:09 --> Undefined variable $company
#0 C:\xampps\htdocs\helpdeskLPC\app\Views\Ticket\index.php(182): CodeIgniter\Debug\Exceptions->errorHandler(2, 'Undefined varia...', 'C:\\xampps\\htdoc...', 182)
#1 C:\xampps\htdocs\helpdeskLPC\system\View\View.php(210): include('C:\\xampps\\htdoc...')
#2 C:\xampps\htdocs\helpdeskLPC\system\View\View.php(213): CodeIgniter\View\View->CodeIgniter\View\{closure}()
#3 C:\xampps\htdocs\helpdeskLPC\system\Common.php(1089): CodeIgniter\View\View->render('ticket/index', Array, true)
#4 C:\xampps\htdocs\helpdeskLPC\system\Helpers\sn_helper.php(7): view('ticket/index', Array)
#5 C:\xampps\htdocs\helpdeskLPC\app\Controllers\Ticket.php(267): tampilan('ticket/index', Array)
#6 C:\xampps\htdocs\helpdeskLPC\system\CodeIgniter.php(825): App\Controllers\Ticket->ubah()
#7 C:\xampps\htdocs\helpdeskLPC\system\CodeIgniter.php(412): CodeIgniter\CodeIgniter->runController(Object(App\Controllers\Ticket))
#8 C:\xampps\htdocs\helpdeskLPC\system\CodeIgniter.php(320): CodeIgniter\CodeIgniter->handleRequest(NULL, Object(Config\Cache), false)
#9 C:\xampps\htdocs\helpdeskLPC\public\index.php(37): CodeIgniter\CodeIgniter->run()
#10 C:\xampps\htdocs\helpdeskLPC\system\Commands\Server\rewrite.php(43): require_once('C:\\xampps\\htdoc...')
#11 {main}
CRITICAL - 2022-02-15 19:55:28 --> Undefined variable $company
#0 C:\xampps\htdocs\helpdeskLPC\app\Views\Ticket\index.php(182): CodeIgniter\Debug\Exceptions->errorHandler(2, 'Undefined varia...', 'C:\\xampps\\htdoc...', 182)
#1 C:\xampps\htdocs\helpdeskLPC\system\View\View.php(210): include('C:\\xampps\\htdoc...')
#2 C:\xampps\htdocs\helpdeskLPC\system\View\View.php(213): CodeIgniter\View\View->CodeIgniter\View\{closure}()
#3 C:\xampps\htdocs\helpdeskLPC\system\Common.php(1089): CodeIgniter\View\View->render('ticket/index', Array, true)
#4 C:\xampps\htdocs\helpdeskLPC\system\Helpers\sn_helper.php(7): view('ticket/index', Array)
#5 C:\xampps\htdocs\helpdeskLPC\app\Controllers\Ticket.php(267): tampilan('ticket/index', Array)
#6 C:\xampps\htdocs\helpdeskLPC\system\CodeIgniter.php(825): App\Controllers\Ticket->ubah()
#7 C:\xampps\htdocs\helpdeskLPC\system\CodeIgniter.php(412): CodeIgniter\CodeIgniter->runController(Object(App\Controllers\Ticket))
#8 C:\xampps\htdocs\helpdeskLPC\system\CodeIgniter.php(320): CodeIgniter\CodeIgniter->handleRequest(NULL, Object(Config\Cache), false)
#9 C:\xampps\htdocs\helpdeskLPC\public\index.php(37): CodeIgniter\CodeIgniter->run()
#10 C:\xampps\htdocs\helpdeskLPC\system\Commands\Server\rewrite.php(43): require_once('C:\\xampps\\htdoc...')
#11 {main}
CRITICAL - 2022-02-15 19:58:38 --> Undefined variable $company
#0 C:\xampps\htdocs\helpdeskLPC\app\Views\Ticket\index.php(182): CodeIgniter\Debug\Exceptions->errorHandler(2, 'Undefined varia...', 'C:\\xampps\\htdoc...', 182)
#1 C:\xampps\htdocs\helpdeskLPC\system\View\View.php(210): include('C:\\xampps\\htdoc...')
#2 C:\xampps\htdocs\helpdeskLPC\system\View\View.php(213): CodeIgniter\View\View->CodeIgniter\View\{closure}()
#3 C:\xampps\htdocs\helpdeskLPC\system\Common.php(1089): CodeIgniter\View\View->render('ticket/index', Array, true)
#4 C:\xampps\htdocs\helpdeskLPC\system\Helpers\sn_helper.php(7): view('ticket/index', Array)
#5 C:\xampps\htdocs\helpdeskLPC\app\Controllers\Ticket.php(267): tampilan('ticket/index', Array)
#6 C:\xampps\htdocs\helpdeskLPC\system\CodeIgniter.php(825): App\Controllers\Ticket->ubah()
#7 C:\xampps\htdocs\helpdeskLPC\system\CodeIgniter.php(412): CodeIgniter\CodeIgniter->runController(Object(App\Controllers\Ticket))
#8 C:\xampps\htdocs\helpdeskLPC\system\CodeIgniter.php(320): CodeIgniter\CodeIgniter->handleRequest(NULL, Object(Config\Cache), false)
#9 C:\xampps\htdocs\helpdeskLPC\public\index.php(37): CodeIgniter\CodeIgniter->run()
#10 C:\xampps\htdocs\helpdeskLPC\system\Commands\Server\rewrite.php(43): require_once('C:\\xampps\\htdoc...')
#11 {main}
CRITICAL - 2022-02-15 20:03:51 --> Undefined variable $company
#0 C:\xampps\htdocs\helpdeskLPC\app\Views\Ticket\index.php(182): CodeIgniter\Debug\Exceptions->errorHandler(2, 'Undefined varia...', 'C:\\xampps\\htdoc...', 182)
#1 C:\xampps\htdocs\helpdeskLPC\system\View\View.php(210): include('C:\\xampps\\htdoc...')
#2 C:\xampps\htdocs\helpdeskLPC\system\View\View.php(213): CodeIgniter\View\View->CodeIgniter\View\{closure}()
#3 C:\xampps\htdocs\helpdeskLPC\system\Common.php(1089): CodeIgniter\View\View->render('ticket/index', Array, true)
#4 C:\xampps\htdocs\helpdeskLPC\system\Helpers\sn_helper.php(7): view('ticket/index', Array)
#5 C:\xampps\htdocs\helpdeskLPC\app\Controllers\Ticket.php(267): tampilan('ticket/index', Array)
#6 C:\xampps\htdocs\helpdeskLPC\system\CodeIgniter.php(825): App\Controllers\Ticket->ubah()
#7 C:\xampps\htdocs\helpdeskLPC\system\CodeIgniter.php(412): CodeIgniter\CodeIgniter->runController(Object(App\Controllers\Ticket))
#8 C:\xampps\htdocs\helpdeskLPC\system\CodeIgniter.php(320): CodeIgniter\CodeIgniter->handleRequest(NULL, Object(Config\Cache), false)
#9 C:\xampps\htdocs\helpdeskLPC\public\index.php(37): CodeIgniter\CodeIgniter->run()
#10 C:\xampps\htdocs\helpdeskLPC\system\Commands\Server\rewrite.php(43): require_once('C:\\xampps\\htdoc...')
#11 {main}
CRITICAL - 2022-02-15 20:04:23 --> Undefined variable $company
#0 C:\xampps\htdocs\helpdeskLPC\app\Views\Ticket\index.php(182): CodeIgniter\Debug\Exceptions->errorHandler(2, 'Undefined varia...', 'C:\\xampps\\htdoc...', 182)
#1 C:\xampps\htdocs\helpdeskLPC\system\View\View.php(210): include('C:\\xampps\\htdoc...')
#2 C:\xampps\htdocs\helpdeskLPC\system\View\View.php(213): CodeIgniter\View\View->CodeIgniter\View\{closure}()
#3 C:\xampps\htdocs\helpdeskLPC\system\Common.php(1089): CodeIgniter\View\View->render('ticket/index', Array, true)
#4 C:\xampps\htdocs\helpdeskLPC\system\Helpers\sn_helper.php(7): view('ticket/index', Array)
#5 C:\xampps\htdocs\helpdeskLPC\app\Controllers\Ticket.php(267): tampilan('ticket/index', Array)
#6 C:\xampps\htdocs\helpdeskLPC\system\CodeIgniter.php(825): App\Controllers\Ticket->ubah()
#7 C:\xampps\htdocs\helpdeskLPC\system\CodeIgniter.php(412): CodeIgniter\CodeIgniter->runController(Object(App\Controllers\Ticket))
#8 C:\xampps\htdocs\helpdeskLPC\system\CodeIgniter.php(320): CodeIgniter\CodeIgniter->handleRequest(NULL, Object(Config\Cache), false)
#9 C:\xampps\htdocs\helpdeskLPC\public\index.php(37): CodeIgniter\CodeIgniter->run()
#10 C:\xampps\htdocs\helpdeskLPC\system\Commands\Server\rewrite.php(43): require_once('C:\\xampps\\htdoc...')
#11 {main}
CRITICAL - 2022-02-15 20:05:25 --> Undefined variable $company
#0 C:\xampps\htdocs\helpdeskLPC\app\Views\Ticket\index.php(182): CodeIgniter\Debug\Exceptions->errorHandler(2, 'Undefined varia...', 'C:\\xampps\\htdoc...', 182)
#1 C:\xampps\htdocs\helpdeskLPC\system\View\View.php(210): include('C:\\xampps\\htdoc...')
#2 C:\xampps\htdocs\helpdeskLPC\system\View\View.php(213): CodeIgniter\View\View->CodeIgniter\View\{closure}()
#3 C:\xampps\htdocs\helpdeskLPC\system\Common.php(1089): CodeIgniter\View\View->render('ticket/index', Array, true)
#4 C:\xampps\htdocs\helpdeskLPC\system\Helpers\sn_helper.php(7): view('ticket/index', Array)
#5 C:\xampps\htdocs\helpdeskLPC\app\Controllers\Ticket.php(267): tampilan('ticket/index', Array)
#6 C:\xampps\htdocs\helpdeskLPC\system\CodeIgniter.php(825): App\Controllers\Ticket->ubah()
#7 C:\xampps\htdocs\helpdeskLPC\system\CodeIgniter.php(412): CodeIgniter\CodeIgniter->runController(Object(App\Controllers\Ticket))
#8 C:\xampps\htdocs\helpdeskLPC\system\CodeIgniter.php(320): CodeIgniter\CodeIgniter->handleRequest(NULL, Object(Config\Cache), false)
#9 C:\xampps\htdocs\helpdeskLPC\public\index.php(37): CodeIgniter\CodeIgniter->run()
#10 C:\xampps\htdocs\helpdeskLPC\system\Commands\Server\rewrite.php(43): require_once('C:\\xampps\\htdoc...')
#11 {main}
CRITICAL - 2022-02-15 20:09:21 --> Undefined variable $company
#0 C:\xampps\htdocs\helpdeskLPC\app\Views\Ticket\index.php(182): CodeIgniter\Debug\Exceptions->errorHandler(2, 'Undefined varia...', 'C:\\xampps\\htdoc...', 182)
#1 C:\xampps\htdocs\helpdeskLPC\system\View\View.php(210): include('C:\\xampps\\htdoc...')
#2 C:\xampps\htdocs\helpdeskLPC\system\View\View.php(213): CodeIgniter\View\View->CodeIgniter\View\{closure}()
#3 C:\xampps\htdocs\helpdeskLPC\system\Common.php(1089): CodeIgniter\View\View->render('ticket/index', Array, true)
#4 C:\xampps\htdocs\helpdeskLPC\system\Helpers\sn_helper.php(7): view('ticket/index', Array)
#5 C:\xampps\htdocs\helpdeskLPC\app\Controllers\Ticket.php(266): tampilan('ticket/index', Array)
#6 C:\xampps\htdocs\helpdeskLPC\system\CodeIgniter.php(825): App\Controllers\Ticket->ubah()
#7 C:\xampps\htdocs\helpdeskLPC\system\CodeIgniter.php(412): CodeIgniter\CodeIgniter->runController(Object(App\Controllers\Ticket))
#8 C:\xampps\htdocs\helpdeskLPC\system\CodeIgniter.php(320): CodeIgniter\CodeIgniter->handleRequest(NULL, Object(Config\Cache), false)
#9 C:\xampps\htdocs\helpdeskLPC\public\index.php(37): CodeIgniter\CodeIgniter->run()
#10 C:\xampps\htdocs\helpdeskLPC\system\Commands\Server\rewrite.php(43): require_once('C:\\xampps\\htdoc...')
#11 {main}
CRITICAL - 2022-02-15 20:09:27 --> Undefined variable $company
#0 C:\xampps\htdocs\helpdeskLPC\app\Views\Ticket\index.php(182): CodeIgniter\Debug\Exceptions->errorHandler(2, 'Undefined varia...', 'C:\\xampps\\htdoc...', 182)
#1 C:\xampps\htdocs\helpdeskLPC\system\View\View.php(210): include('C:\\xampps\\htdoc...')
#2 C:\xampps\htdocs\helpdeskLPC\system\View\View.php(213): CodeIgniter\View\View->CodeIgniter\View\{closure}()
#3 C:\xampps\htdocs\helpdeskLPC\system\Common.php(1089): CodeIgniter\View\View->render('ticket/index', Array, true)
#4 C:\xampps\htdocs\helpdeskLPC\system\Helpers\sn_helper.php(7): view('ticket/index', Array)
#5 C:\xampps\htdocs\helpdeskLPC\app\Controllers\Ticket.php(266): tampilan('ticket/index', Array)
#6 C:\xampps\htdocs\helpdeskLPC\system\CodeIgniter.php(825): App\Controllers\Ticket->ubah()
#7 C:\xampps\htdocs\helpdeskLPC\system\CodeIgniter.php(412): CodeIgniter\CodeIgniter->runController(Object(App\Controllers\Ticket))
#8 C:\xampps\htdocs\helpdeskLPC\system\CodeIgniter.php(320): CodeIgniter\CodeIgniter->handleRequest(NULL, Object(Config\Cache), false)
#9 C:\xampps\htdocs\helpdeskLPC\public\index.php(37): CodeIgniter\CodeIgniter->run()
#10 C:\xampps\htdocs\helpdeskLPC\system\Commands\Server\rewrite.php(43): require_once('C:\\xampps\\htdoc...')
#11 {main}
CRITICAL - 2022-02-15 20:12:01 --> Undefined variable $raw
#0 C:\xampps\htdocs\helpdeskLPC\app\Views\Ticket\index.php(118): CodeIgniter\Debug\Exceptions->errorHandler(2, 'Undefined varia...', 'C:\\xampps\\htdoc...', 118)
#1 C:\xampps\htdocs\helpdeskLPC\system\View\View.php(210): include('C:\\xampps\\htdoc...')
#2 C:\xampps\htdocs\helpdeskLPC\system\View\View.php(213): CodeIgniter\View\View->CodeIgniter\View\{closure}()
#3 C:\xampps\htdocs\helpdeskLPC\system\Common.php(1089): CodeIgniter\View\View->render('ticket/index', Array, true)
#4 C:\xampps\htdocs\helpdeskLPC\system\Helpers\sn_helper.php(7): view('ticket/index', Array)
#5 C:\xampps\htdocs\helpdeskLPC\app\Controllers\Ticket.php(266): tampilan('ticket/index', Array)
#6 C:\xampps\htdocs\helpdeskLPC\system\CodeIgniter.php(825): App\Controllers\Ticket->ubah()
#7 C:\xampps\htdocs\helpdeskLPC\system\CodeIgniter.php(412): CodeIgniter\CodeIgniter->runController(Object(App\Controllers\Ticket))
#8 C:\xampps\htdocs\helpdeskLPC\system\CodeIgniter.php(320): CodeIgniter\CodeIgniter->handleRequest(NULL, Object(Config\Cache), false)
#9 C:\xampps\htdocs\helpdeskLPC\public\index.php(37): CodeIgniter\CodeIgniter->run()
#10 C:\xampps\htdocs\helpdeskLPC\system\Commands\Server\rewrite.php(43): require_once('C:\\xampps\\htdoc...')
#11 {main}
CRITICAL - 2022-02-15 20:21:41 --> Undefined variable $company
#0 C:\xampps\htdocs\helpdeskLPC\app\Views\Ticket\index.php(182): CodeIgniter\Debug\Exceptions->errorHandler(2, 'Undefined varia...', 'C:\\xampps\\htdoc...', 182)
#1 C:\xampps\htdocs\helpdeskLPC\system\View\View.php(210): include('C:\\xampps\\htdoc...')
#2 C:\xampps\htdocs\helpdeskLPC\system\View\View.php(213): CodeIgniter\View\View->CodeIgniter\View\{closure}()
#3 C:\xampps\htdocs\helpdeskLPC\system\Common.php(1089): CodeIgniter\View\View->render('ticket/index', Array, true)
#4 C:\xampps\htdocs\helpdeskLPC\system\Helpers\sn_helper.php(7): view('ticket/index', Array)
#5 C:\xampps\htdocs\helpdeskLPC\app\Controllers\Ticket.php(266): tampilan('ticket/index', Array)
#6 C:\xampps\htdocs\helpdeskLPC\system\CodeIgniter.php(825): App\Controllers\Ticket->ubah()
#7 C:\xampps\htdocs\helpdeskLPC\system\CodeIgniter.php(412): CodeIgniter\CodeIgniter->runController(Object(App\Controllers\Ticket))
#8 C:\xampps\htdocs\helpdeskLPC\system\CodeIgniter.php(320): CodeIgniter\CodeIgniter->handleRequest(NULL, Object(Config\Cache), false)
#9 C:\xampps\htdocs\helpdeskLPC\public\index.php(37): CodeIgniter\CodeIgniter->run()
#10 C:\xampps\htdocs\helpdeskLPC\system\Commands\Server\rewrite.php(43): require_once('C:\\xampps\\htdoc...')
#11 {main}
CRITICAL - 2022-02-15 20:25:21 --> Undefined variable $company
#0 C:\xampps\htdocs\helpdeskLPC\app\Views\Ticket\index.php(81): CodeIgniter\Debug\Exceptions->errorHandler(2, 'Undefined varia...', 'C:\\xampps\\htdoc...', 81)
#1 C:\xampps\htdocs\helpdeskLPC\system\View\View.php(210): include('C:\\xampps\\htdoc...')
#2 C:\xampps\htdocs\helpdeskLPC\system\View\View.php(213): CodeIgniter\View\View->CodeIgniter\View\{closure}()
#3 C:\xampps\htdocs\helpdeskLPC\system\Common.php(1089): CodeIgniter\View\View->render('ticket/index', Array, true)
#4 C:\xampps\htdocs\helpdeskLPC\system\Helpers\sn_helper.php(7): view('ticket/index', Array)
#5 C:\xampps\htdocs\helpdeskLPC\app\Controllers\Ticket.php(266): tampilan('ticket/index', Array)
#6 C:\xampps\htdocs\helpdeskLPC\system\CodeIgniter.php(825): App\Controllers\Ticket->ubah()
#7 C:\xampps\htdocs\helpdeskLPC\system\CodeIgniter.php(412): CodeIgniter\CodeIgniter->runController(Object(App\Controllers\Ticket))
#8 C:\xampps\htdocs\helpdeskLPC\system\CodeIgniter.php(320): CodeIgniter\CodeIgniter->handleRequest(NULL, Object(Config\Cache), false)
#9 C:\xampps\htdocs\helpdeskLPC\public\index.php(37): CodeIgniter\CodeIgniter->run()
#10 C:\xampps\htdocs\helpdeskLPC\system\Commands\Server\rewrite.php(43): require_once('C:\\xampps\\htdoc...')
#11 {main}
CRITICAL - 2022-02-15 20:27:38 --> Undefined variable $company
#0 C:\xampps\htdocs\helpdeskLPC\app\Views\Ticket\index.php(182): CodeIgniter\Debug\Exceptions->errorHandler(2, 'Undefined varia...', 'C:\\xampps\\htdoc...', 182)
#1 C:\xampps\htdocs\helpdeskLPC\system\View\View.php(210): include('C:\\xampps\\htdoc...')
#2 C:\xampps\htdocs\helpdeskLPC\system\View\View.php(213): CodeIgniter\View\View->CodeIgniter\View\{closure}()
#3 C:\xampps\htdocs\helpdeskLPC\system\Common.php(1089): CodeIgniter\View\View->render('ticket/index', Array, true)
#4 C:\xampps\htdocs\helpdeskLPC\system\Helpers\sn_helper.php(7): view('ticket/index', Array)
#5 C:\xampps\htdocs\helpdeskLPC\app\Controllers\Ticket.php(266): tampilan('ticket/index', Array)
#6 C:\xampps\htdocs\helpdeskLPC\system\CodeIgniter.php(825): App\Controllers\Ticket->ubah()
#7 C:\xampps\htdocs\helpdeskLPC\system\CodeIgniter.php(412): CodeIgniter\CodeIgniter->runController(Object(App\Controllers\Ticket))
#8 C:\xampps\htdocs\helpdeskLPC\system\CodeIgniter.php(320): CodeIgniter\CodeIgniter->handleRequest(NULL, Object(Config\Cache), false)
#9 C:\xampps\htdocs\helpdeskLPC\public\index.php(37): CodeIgniter\CodeIgniter->run()
#10 C:\xampps\htdocs\helpdeskLPC\system\Commands\Server\rewrite.php(43): require_once('C:\\xampps\\htdoc...')
#11 {main}
CRITICAL - 2022-02-15 20:27:42 --> Undefined variable $company
#0 C:\xampps\htdocs\helpdeskLPC\app\Views\Ticket\index.php(182): CodeIgniter\Debug\Exceptions->errorHandler(2, 'Undefined varia...', 'C:\\xampps\\htdoc...', 182)
#1 C:\xampps\htdocs\helpdeskLPC\system\View\View.php(210): include('C:\\xampps\\htdoc...')
#2 C:\xampps\htdocs\helpdeskLPC\system\View\View.php(213): CodeIgniter\View\View->CodeIgniter\View\{closure}()
#3 C:\xampps\htdocs\helpdeskLPC\system\Common.php(1089): CodeIgniter\View\View->render('ticket/index', Array, true)
#4 C:\xampps\htdocs\helpdeskLPC\system\Helpers\sn_helper.php(7): view('ticket/index', Array)
#5 C:\xampps\htdocs\helpdeskLPC\app\Controllers\Ticket.php(266): tampilan('ticket/index', Array)
#6 C:\xampps\htdocs\helpdeskLPC\system\CodeIgniter.php(825): App\Controllers\Ticket->ubah()
#7 C:\xampps\htdocs\helpdeskLPC\system\CodeIgniter.php(412): CodeIgniter\CodeIgniter->runController(Object(App\Controllers\Ticket))
#8 C:\xampps\htdocs\helpdeskLPC\system\CodeIgniter.php(320): CodeIgniter\CodeIgniter->handleRequest(NULL, Object(Config\Cache), false)
#9 C:\xampps\htdocs\helpdeskLPC\public\index.php(37): CodeIgniter\CodeIgniter->run()
#10 C:\xampps\htdocs\helpdeskLPC\system\Commands\Server\rewrite.php(43): require_once('C:\\xampps\\htdoc...')
#11 {main}
CRITICAL - 2022-02-15 20:27:46 --> Undefined variable $company
#0 C:\xampps\htdocs\helpdeskLPC\app\Views\Ticket\index.php(182): CodeIgniter\Debug\Exceptions->errorHandler(2, 'Undefined varia...', 'C:\\xampps\\htdoc...', 182)
#1 C:\xampps\htdocs\helpdeskLPC\system\View\View.php(210): include('C:\\xampps\\htdoc...')
#2 C:\xampps\htdocs\helpdeskLPC\system\View\View.php(213): CodeIgniter\View\View->CodeIgniter\View\{closure}()
#3 C:\xampps\htdocs\helpdeskLPC\system\Common.php(1089): CodeIgniter\View\View->render('ticket/index', Array, true)
#4 C:\xampps\htdocs\helpdeskLPC\system\Helpers\sn_helper.php(7): view('ticket/index', Array)
#5 C:\xampps\htdocs\helpdeskLPC\app\Controllers\Ticket.php(266): tampilan('ticket/index', Array)
#6 C:\xampps\htdocs\helpdeskLPC\system\CodeIgniter.php(825): App\Controllers\Ticket->ubah()
#7 C:\xampps\htdocs\helpdeskLPC\system\CodeIgniter.php(412): CodeIgniter\CodeIgniter->runController(Object(App\Controllers\Ticket))
#8 C:\xampps\htdocs\helpdeskLPC\system\CodeIgniter.php(320): CodeIgniter\CodeIgniter->handleRequest(NULL, Object(Config\Cache), false)
#9 C:\xampps\htdocs\helpdeskLPC\public\index.php(37): CodeIgniter\CodeIgniter->run()
#10 C:\xampps\htdocs\helpdeskLPC\system\Commands\Server\rewrite.php(43): require_once('C:\\xampps\\htdoc...')
#11 {main}
CRITICAL - 2022-02-15 20:34:48 --> Undefined variable $pic
#0 C:\xampps\htdocs\helpdeskLPC\app\Views\Ticket\index.php(190): CodeIgniter\Debug\Exceptions->errorHandler(2, 'Undefined varia...', 'C:\\xampps\\htdoc...', 190)
#1 C:\xampps\htdocs\helpdeskLPC\system\View\View.php(210): include('C:\\xampps\\htdoc...')
#2 C:\xampps\htdocs\helpdeskLPC\system\View\View.php(213): CodeIgniter\View\View->CodeIgniter\View\{closure}()
#3 C:\xampps\htdocs\helpdeskLPC\system\Common.php(1089): CodeIgniter\View\View->render('ticket/index', Array, true)
#4 C:\xampps\htdocs\helpdeskLPC\system\Helpers\sn_helper.php(7): view('ticket/index', Array)
#5 C:\xampps\htdocs\helpdeskLPC\app\Controllers\Ticket.php(268): tampilan('ticket/index', Array)
#6 C:\xampps\htdocs\helpdeskLPC\system\CodeIgniter.php(825): App\Controllers\Ticket->ubah()
#7 C:\xampps\htdocs\helpdeskLPC\system\CodeIgniter.php(412): CodeIgniter\CodeIgniter->runController(Object(App\Controllers\Ticket))
#8 C:\xampps\htdocs\helpdeskLPC\system\CodeIgniter.php(320): CodeIgniter\CodeIgniter->handleRequest(NULL, Object(Config\Cache), false)
#9 C:\xampps\htdocs\helpdeskLPC\public\index.php(37): CodeIgniter\CodeIgniter->run()
#10 C:\xampps\htdocs\helpdeskLPC\system\Commands\Server\rewrite.php(43): require_once('C:\\xampps\\htdoc...')
#11 {main}
