CRITICAL - 2022-02-09 01:27:42 --> Invalid file: company/index.php
#0 C:\xampps\htdocs\helpdeskLPC\system\View\View.php(198): CodeIgniter\Exceptions\FrameworkException::forInvalidFile('company/index.p...')
#1 C:\xampps\htdocs\helpdeskLPC\system\Common.php(1089): CodeIgniter\View\View->render('company/index', Array, true)
#2 C:\xampps\htdocs\helpdeskLPC\system\Helpers\sn_helper.php(7): view('company/index', Array)
#3 C:\xampps\htdocs\helpdeskLPC\app\Controllers\Company.php(44): tampilan('company/index', Array)
#4 C:\xampps\htdocs\helpdeskLPC\system\CodeIgniter.php(825): App\Controllers\Company->index()
#5 C:\xampps\htdocs\helpdeskLPC\system\CodeIgniter.php(412): CodeIgniter\CodeIgniter->runController(Object(App\Controllers\Company))
#6 C:\xampps\htdocs\helpdeskLPC\system\CodeIgniter.php(320): CodeIgniter\CodeIgniter->handleRequest(NULL, Object(Config\Cache), false)
#7 C:\xampps\htdocs\helpdeskLPC\public\index.php(37): CodeIgniter\CodeIgniter->run()
#8 C:\xampps\htdocs\helpdeskLPC\system\Commands\Server\rewrite.php(43): require_once('C:\\xampps\\htdoc...')
#9 {main}
CRITICAL - 2022-02-09 01:28:00 --> Invalid file: company/index.php
#0 C:\xampps\htdocs\helpdeskLPC\system\View\View.php(198): CodeIgniter\Exceptions\FrameworkException::forInvalidFile('company/index.p...')
#1 C:\xampps\htdocs\helpdeskLPC\system\Common.php(1089): CodeIgniter\View\View->render('company/index', Array, true)
#2 C:\xampps\htdocs\helpdeskLPC\system\Helpers\sn_helper.php(7): view('company/index', Array)
#3 C:\xampps\htdocs\helpdeskLPC\app\Controllers\Company.php(44): tampilan('company/index', Array)
#4 C:\xampps\htdocs\helpdeskLPC\system\CodeIgniter.php(825): App\Controllers\Company->index()
#5 C:\xampps\htdocs\helpdeskLPC\system\CodeIgniter.php(412): CodeIgniter\CodeIgniter->runController(Object(App\Controllers\Company))
#6 C:\xampps\htdocs\helpdeskLPC\system\CodeIgniter.php(320): CodeIgniter\CodeIgniter->handleRequest(NULL, Object(Config\Cache), false)
#7 C:\xampps\htdocs\helpdeskLPC\public\index.php(37): CodeIgniter\CodeIgniter->run()
#8 C:\xampps\htdocs\helpdeskLPC\system\Commands\Server\rewrite.php(43): require_once('C:\\xampps\\htdoc...')
#9 {main}
CRITICAL - 2022-02-09 01:28:04 --> Invalid file: company/index.php
#0 C:\xampps\htdocs\helpdeskLPC\system\View\View.php(198): CodeIgniter\Exceptions\FrameworkException::forInvalidFile('company/index.p...')
#1 C:\xampps\htdocs\helpdeskLPC\system\Common.php(1089): CodeIgniter\View\View->render('company/index', Array, true)
#2 C:\xampps\htdocs\helpdeskLPC\system\Helpers\sn_helper.php(7): view('company/index', Array)
#3 C:\xampps\htdocs\helpdeskLPC\app\Controllers\Company.php(44): tampilan('company/index', Array)
#4 C:\xampps\htdocs\helpdeskLPC\system\CodeIgniter.php(825): App\Controllers\Company->index()
#5 C:\xampps\htdocs\helpdeskLPC\system\CodeIgniter.php(412): CodeIgniter\CodeIgniter->runController(Object(App\Controllers\Company))
#6 C:\xampps\htdocs\helpdeskLPC\system\CodeIgniter.php(320): CodeIgniter\CodeIgniter->handleRequest(NULL, Object(Config\Cache), false)
#7 C:\xampps\htdocs\helpdeskLPC\public\index.php(37): CodeIgniter\CodeIgniter->run()
#8 C:\xampps\htdocs\helpdeskLPC\system\Commands\Server\rewrite.php(43): require_once('C:\\xampps\\htdoc...')
#9 {main}
CRITICAL - 2022-02-09 01:28:59 --> Invalid file: company/index.php
#0 C:\xampps\htdocs\helpdeskLPC\system\View\View.php(198): CodeIgniter\Exceptions\FrameworkException::forInvalidFile('company/index.p...')
#1 C:\xampps\htdocs\helpdeskLPC\system\Common.php(1089): CodeIgniter\View\View->render('company/index', Array, true)
#2 C:\xampps\htdocs\helpdeskLPC\system\Helpers\sn_helper.php(7): view('company/index', Array)
#3 C:\xampps\htdocs\helpdeskLPC\app\Controllers\Company.php(44): tampilan('company/index', Array)
#4 C:\xampps\htdocs\helpdeskLPC\system\CodeIgniter.php(825): App\Controllers\Company->index()
#5 C:\xampps\htdocs\helpdeskLPC\system\CodeIgniter.php(412): CodeIgniter\CodeIgniter->runController(Object(App\Controllers\Company))
#6 C:\xampps\htdocs\helpdeskLPC\system\CodeIgniter.php(320): CodeIgniter\CodeIgniter->handleRequest(NULL, Object(Config\Cache), false)
#7 C:\xampps\htdocs\helpdeskLPC\public\index.php(37): CodeIgniter\CodeIgniter->run()
#8 C:\xampps\htdocs\helpdeskLPC\system\Commands\Server\rewrite.php(43): require_once('C:\\xampps\\htdoc...')
#9 {main}
CRITICAL - 2022-02-09 01:29:28 --> Undefined variable $pager
#0 C:\xampps\htdocs\helpdeskLPC\app\Views\company\index.php(54): CodeIgniter\Debug\Exceptions->errorHandler(2, 'Undefined varia...', 'C:\\xampps\\htdoc...', 54)
#1 C:\xampps\htdocs\helpdeskLPC\system\View\View.php(210): include('C:\\xampps\\htdoc...')
#2 C:\xampps\htdocs\helpdeskLPC\system\View\View.php(213): CodeIgniter\View\View->CodeIgniter\View\{closure}()
#3 C:\xampps\htdocs\helpdeskLPC\system\Common.php(1089): CodeIgniter\View\View->render('company/index', Array, true)
#4 C:\xampps\htdocs\helpdeskLPC\system\Helpers\sn_helper.php(7): view('company/index', Array)
#5 C:\xampps\htdocs\helpdeskLPC\app\Controllers\Company.php(73): tampilan('company/index', Array)
#6 C:\xampps\htdocs\helpdeskLPC\system\CodeIgniter.php(825): App\Controllers\Company->tambah()
#7 C:\xampps\htdocs\helpdeskLPC\system\CodeIgniter.php(412): CodeIgniter\CodeIgniter->runController(Object(App\Controllers\Company))
#8 C:\xampps\htdocs\helpdeskLPC\system\CodeIgniter.php(320): CodeIgniter\CodeIgniter->handleRequest(NULL, Object(Config\Cache), false)
#9 C:\xampps\htdocs\helpdeskLPC\public\index.php(37): CodeIgniter\CodeIgniter->run()
#10 C:\xampps\htdocs\helpdeskLPC\system\Commands\Server\rewrite.php(43): require_once('C:\\xampps\\htdoc...')
#11 {main}
