CRITICAL - 2022-01-23 20:24:52 --> CodeIgniter\Router\RouteCollection::group(): Argument #1 ($name) must be of type string, array given, called in C:\xampps\htdocs\helpdeskLPC\app\Config\Routes.php on line 36
#0 C:\xampps\htdocs\helpdeskLPC\app\Config\Routes.php(36): CodeIgniter\Router\RouteCollection->group(Array, Object(Closure))
#1 C:\xampps\htdocs\helpdeskLPC\system\CodeIgniter.php(706): require('C:\\xampps\\htdoc...')
#2 C:\xampps\htdocs\helpdeskLPC\system\CodeIgniter.php(361): CodeIgniter\CodeIgniter->tryToRouteIt(Object(CodeIgniter\Router\RouteCollection))
#3 C:\xampps\htdocs\helpdeskLPC\system\CodeIgniter.php(320): CodeIgniter\CodeIgniter->handleRequest(NULL, Object(Config\Cache), false)
#4 C:\xampps\htdocs\helpdeskLPC\system\CLI\Console.php(48): CodeIgniter\CodeIgniter->run()
#5 C:\xampps\htdocs\helpdeskLPC\spark(63): CodeIgniter\CLI\Console->run()
#6 {main}
CRITICAL - 2022-01-23 20:34:56 --> CodeIgniter\Router\RouteCollection::group(): Argument #1 ($name) must be of type string, array given, called in C:\xampps\htdocs\helpdeskLPC\app\Config\Routes.php on line 36
#0 C:\xampps\htdocs\helpdeskLPC\app\Config\Routes.php(36): CodeIgniter\Router\RouteCollection->group(Array, Object(Closure))
#1 C:\xampps\htdocs\helpdeskLPC\system\CodeIgniter.php(706): require('C:\\xampps\\htdoc...')
#2 C:\xampps\htdocs\helpdeskLPC\system\CodeIgniter.php(361): CodeIgniter\CodeIgniter->tryToRouteIt(Object(CodeIgniter\Router\RouteCollection))
#3 C:\xampps\htdocs\helpdeskLPC\system\CodeIgniter.php(320): CodeIgniter\CodeIgniter->handleRequest(NULL, Object(Config\Cache), false)
#4 C:\xampps\htdocs\helpdeskLPC\system\CLI\Console.php(48): CodeIgniter\CodeIgniter->run()
#5 C:\xampps\htdocs\helpdeskLPC\spark(63): CodeIgniter\CLI\Console->run()
#6 {main}
ERROR - 2022-01-23 21:28:45 --> Email: sendWithMail throwed mail(): Failed to connect to mailserver at &quot;localhost&quot; port 25, verify your &quot;SMTP&quot; and &quot;smtp_port&quot; setting in php.ini or use ini_set()
ERROR - 2022-01-23 21:31:49 --> Email: sendWithMail throwed mail(): Failed to connect to mailserver at &quot;localhost&quot; port 25, verify your &quot;SMTP&quot; and &quot;smtp_port&quot; setting in php.ini or use ini_set()
ERROR - 2022-01-23 21:34:58 --> Email: sendWithMail throwed mail(): Failed to connect to mailserver at &quot;localhost&quot; port 25, verify your &quot;SMTP&quot; and &quot;smtp_port&quot; setting in php.ini or use ini_set()
ERROR - 2022-01-23 21:37:46 --> Email: sendWithMail throwed mail(): Failed to connect to mailserver at &quot;localhost&quot; port 25, verify your &quot;SMTP&quot; and &quot;smtp_port&quot; setting in php.ini or use ini_set()
ERROR - 2022-01-23 21:38:23 --> Email: sendWithMail throwed mail(): Failed to connect to mailserver at &quot;localhost&quot; port 25, verify your &quot;SMTP&quot; and &quot;smtp_port&quot; setting in php.ini or use ini_set()
ERROR - 2022-01-23 22:08:49 --> Email: sendWithMail throwed mail(): Failed to connect to mailserver at &quot;localhost&quot; port 25, verify your &quot;SMTP&quot; and &quot;smtp_port&quot; setting in php.ini or use ini_set()
