CRITICAL - 2022-02-06 22:53:34 --> Undefined variable $judul
#0 C:\xampps\htdocs\helpdeskLPC\app\Views\admin\index.php(5): CodeIgniter\Debug\Exceptions->errorHandler(2, 'Undefined varia...', 'C:\\xampps\\htdoc...', 5)
#1 C:\xampps\htdocs\helpdeskLPC\system\View\View.php(210): include('C:\\xampps\\htdoc...')
#2 C:\xampps\htdocs\helpdeskLPC\system\View\View.php(213): CodeIgniter\View\View->CodeIgniter\View\{closure}()
#3 C:\xampps\htdocs\helpdeskLPC\system\Common.php(1089): CodeIgniter\View\View->render('admin/index', Array, true)
#4 C:\xampps\htdocs\helpdeskLPC\app\Controllers\Admin.php(9): view('admin/index')
#5 C:\xampps\htdocs\helpdeskLPC\system\CodeIgniter.php(825): App\Controllers\Admin->index()
#6 C:\xampps\htdocs\helpdeskLPC\system\CodeIgniter.php(412): CodeIgniter\CodeIgniter->runController(Object(App\Controllers\Admin))
#7 C:\xampps\htdocs\helpdeskLPC\system\CodeIgniter.php(320): CodeIgniter\CodeIgniter->handleRequest(NULL, Object(Config\Cache), false)
#8 C:\xampps\htdocs\helpdeskLPC\public\index.php(37): CodeIgniter\CodeIgniter->run()
#9 C:\xampps\htdocs\helpdeskLPC\system\Commands\Server\rewrite.php(43): require_once('C:\\xampps\\htdoc...')
#10 {main}
CRITICAL - 2022-02-06 22:55:15 --> Undefined variable $judul
#0 C:\xampps\htdocs\helpdeskLPC\app\Views\admin\index.php(5): CodeIgniter\Debug\Exceptions->errorHandler(2, 'Undefined varia...', 'C:\\xampps\\htdoc...', 5)
#1 C:\xampps\htdocs\helpdeskLPC\system\View\View.php(210): include('C:\\xampps\\htdoc...')
#2 C:\xampps\htdocs\helpdeskLPC\system\View\View.php(213): CodeIgniter\View\View->CodeIgniter\View\{closure}()
#3 C:\xampps\htdocs\helpdeskLPC\system\Common.php(1089): CodeIgniter\View\View->render('admin/index', Array, true)
#4 C:\xampps\htdocs\helpdeskLPC\app\Controllers\Admin.php(9): view('admin/index')
#5 C:\xampps\htdocs\helpdeskLPC\system\CodeIgniter.php(825): App\Controllers\Admin->index()
#6 C:\xampps\htdocs\helpdeskLPC\system\CodeIgniter.php(412): CodeIgniter\CodeIgniter->runController(Object(App\Controllers\Admin))
#7 C:\xampps\htdocs\helpdeskLPC\system\CodeIgniter.php(320): CodeIgniter\CodeIgniter->handleRequest(NULL, Object(Config\Cache), false)
#8 C:\xampps\htdocs\helpdeskLPC\public\index.php(37): CodeIgniter\CodeIgniter->run()
#9 C:\xampps\htdocs\helpdeskLPC\system\Commands\Server\rewrite.php(43): require_once('C:\\xampps\\htdoc...')
#10 {main}
CRITICAL - 2022-02-06 22:55:15 --> Undefined variable $judul
#0 C:\xampps\htdocs\helpdeskLPC\app\Views\admin\index.php(5): CodeIgniter\Debug\Exceptions->errorHandler(2, 'Undefined varia...', 'C:\\xampps\\htdoc...', 5)
#1 C:\xampps\htdocs\helpdeskLPC\system\View\View.php(210): include('C:\\xampps\\htdoc...')
#2 C:\xampps\htdocs\helpdeskLPC\system\View\View.php(213): CodeIgniter\View\View->CodeIgniter\View\{closure}()
#3 C:\xampps\htdocs\helpdeskLPC\system\Common.php(1089): CodeIgniter\View\View->render('admin/index', Array, true)
#4 C:\xampps\htdocs\helpdeskLPC\app\Controllers\Admin.php(9): view('admin/index')
#5 C:\xampps\htdocs\helpdeskLPC\system\CodeIgniter.php(825): App\Controllers\Admin->index()
#6 C:\xampps\htdocs\helpdeskLPC\system\CodeIgniter.php(412): CodeIgniter\CodeIgniter->runController(Object(App\Controllers\Admin))
#7 C:\xampps\htdocs\helpdeskLPC\system\CodeIgniter.php(320): CodeIgniter\CodeIgniter->handleRequest(NULL, Object(Config\Cache), false)
#8 C:\xampps\htdocs\helpdeskLPC\public\index.php(37): CodeIgniter\CodeIgniter->run()
#9 C:\xampps\htdocs\helpdeskLPC\system\Commands\Server\rewrite.php(43): require_once('C:\\xampps\\htdoc...')
#10 {main}
CRITICAL - 2022-02-06 22:55:17 --> Undefined variable $judul
#0 C:\xampps\htdocs\helpdeskLPC\app\Views\admin\index.php(5): CodeIgniter\Debug\Exceptions->errorHandler(2, 'Undefined varia...', 'C:\\xampps\\htdoc...', 5)
#1 C:\xampps\htdocs\helpdeskLPC\system\View\View.php(210): include('C:\\xampps\\htdoc...')
#2 C:\xampps\htdocs\helpdeskLPC\system\View\View.php(213): CodeIgniter\View\View->CodeIgniter\View\{closure}()
#3 C:\xampps\htdocs\helpdeskLPC\system\Common.php(1089): CodeIgniter\View\View->render('admin/index', Array, true)
#4 C:\xampps\htdocs\helpdeskLPC\app\Controllers\Admin.php(9): view('admin/index')
#5 C:\xampps\htdocs\helpdeskLPC\system\CodeIgniter.php(825): App\Controllers\Admin->index()
#6 C:\xampps\htdocs\helpdeskLPC\system\CodeIgniter.php(412): CodeIgniter\CodeIgniter->runController(Object(App\Controllers\Admin))
#7 C:\xampps\htdocs\helpdeskLPC\system\CodeIgniter.php(320): CodeIgniter\CodeIgniter->handleRequest(NULL, Object(Config\Cache), false)
#8 C:\xampps\htdocs\helpdeskLPC\public\index.php(37): CodeIgniter\CodeIgniter->run()
#9 C:\xampps\htdocs\helpdeskLPC\system\Commands\Server\rewrite.php(43): require_once('C:\\xampps\\htdoc...')
#10 {main}
CRITICAL - 2022-02-06 22:55:18 --> Undefined variable $judul
#0 C:\xampps\htdocs\helpdeskLPC\app\Views\admin\index.php(5): CodeIgniter\Debug\Exceptions->errorHandler(2, 'Undefined varia...', 'C:\\xampps\\htdoc...', 5)
#1 C:\xampps\htdocs\helpdeskLPC\system\View\View.php(210): include('C:\\xampps\\htdoc...')
#2 C:\xampps\htdocs\helpdeskLPC\system\View\View.php(213): CodeIgniter\View\View->CodeIgniter\View\{closure}()
#3 C:\xampps\htdocs\helpdeskLPC\system\Common.php(1089): CodeIgniter\View\View->render('admin/index', Array, true)
#4 C:\xampps\htdocs\helpdeskLPC\app\Controllers\Admin.php(9): view('admin/index')
#5 C:\xampps\htdocs\helpdeskLPC\system\CodeIgniter.php(825): App\Controllers\Admin->index()
#6 C:\xampps\htdocs\helpdeskLPC\system\CodeIgniter.php(412): CodeIgniter\CodeIgniter->runController(Object(App\Controllers\Admin))
#7 C:\xampps\htdocs\helpdeskLPC\system\CodeIgniter.php(320): CodeIgniter\CodeIgniter->handleRequest(NULL, Object(Config\Cache), false)
#8 C:\xampps\htdocs\helpdeskLPC\public\index.php(37): CodeIgniter\CodeIgniter->run()
#9 C:\xampps\htdocs\helpdeskLPC\system\Commands\Server\rewrite.php(43): require_once('C:\\xampps\\htdoc...')
#10 {main}
CRITICAL - 2022-02-06 22:56:08 --> Undefined variable $judul
#0 C:\xampps\htdocs\helpdeskLPC\app\Views\admin\index.php(5): CodeIgniter\Debug\Exceptions->errorHandler(2, 'Undefined varia...', 'C:\\xampps\\htdoc...', 5)
#1 C:\xampps\htdocs\helpdeskLPC\system\View\View.php(210): include('C:\\xampps\\htdoc...')
#2 C:\xampps\htdocs\helpdeskLPC\system\View\View.php(213): CodeIgniter\View\View->CodeIgniter\View\{closure}()
#3 C:\xampps\htdocs\helpdeskLPC\system\Common.php(1089): CodeIgniter\View\View->render('admin/index', Array, true)
#4 C:\xampps\htdocs\helpdeskLPC\app\Controllers\Admin.php(9): view('admin/index')
#5 C:\xampps\htdocs\helpdeskLPC\system\CodeIgniter.php(825): App\Controllers\Admin->index()
#6 C:\xampps\htdocs\helpdeskLPC\system\CodeIgniter.php(412): CodeIgniter\CodeIgniter->runController(Object(App\Controllers\Admin))
#7 C:\xampps\htdocs\helpdeskLPC\system\CodeIgniter.php(320): CodeIgniter\CodeIgniter->handleRequest(NULL, Object(Config\Cache), false)
#8 C:\xampps\htdocs\helpdeskLPC\public\index.php(37): CodeIgniter\CodeIgniter->run()
#9 C:\xampps\htdocs\helpdeskLPC\system\Commands\Server\rewrite.php(43): require_once('C:\\xampps\\htdoc...')
#10 {main}
CRITICAL - 2022-02-06 22:56:43 --> Undefined variable $judul
#0 C:\xampps\htdocs\helpdeskLPC\app\Views\admin\index.php(5): CodeIgniter\Debug\Exceptions->errorHandler(2, 'Undefined varia...', 'C:\\xampps\\htdoc...', 5)
#1 C:\xampps\htdocs\helpdeskLPC\system\View\View.php(210): include('C:\\xampps\\htdoc...')
#2 C:\xampps\htdocs\helpdeskLPC\system\View\View.php(213): CodeIgniter\View\View->CodeIgniter\View\{closure}()
#3 C:\xampps\htdocs\helpdeskLPC\system\Common.php(1089): CodeIgniter\View\View->render('admin/index', Array, true)
#4 C:\xampps\htdocs\helpdeskLPC\app\Controllers\Admin.php(9): view('admin/index')
#5 C:\xampps\htdocs\helpdeskLPC\system\CodeIgniter.php(825): App\Controllers\Admin->index()
#6 C:\xampps\htdocs\helpdeskLPC\system\CodeIgniter.php(412): CodeIgniter\CodeIgniter->runController(Object(App\Controllers\Admin))
#7 C:\xampps\htdocs\helpdeskLPC\system\CodeIgniter.php(320): CodeIgniter\CodeIgniter->handleRequest(NULL, Object(Config\Cache), false)
#8 C:\xampps\htdocs\helpdeskLPC\public\index.php(37): CodeIgniter\CodeIgniter->run()
#9 C:\xampps\htdocs\helpdeskLPC\system\Commands\Server\rewrite.php(43): require_once('C:\\xampps\\htdoc...')
#10 {main}
CRITICAL - 2022-02-06 22:58:18 --> Undefined variable $judul
#0 C:\xampps\htdocs\helpdeskLPC\app\Views\admin\index.php(5): CodeIgniter\Debug\Exceptions->errorHandler(2, 'Undefined varia...', 'C:\\xampps\\htdoc...', 5)
#1 C:\xampps\htdocs\helpdeskLPC\system\View\View.php(210): include('C:\\xampps\\htdoc...')
#2 C:\xampps\htdocs\helpdeskLPC\system\View\View.php(213): CodeIgniter\View\View->CodeIgniter\View\{closure}()
#3 C:\xampps\htdocs\helpdeskLPC\system\Common.php(1089): CodeIgniter\View\View->render('admin/index', Array, true)
#4 C:\xampps\htdocs\helpdeskLPC\app\Controllers\Admin.php(9): view('admin/index')
#5 C:\xampps\htdocs\helpdeskLPC\system\CodeIgniter.php(825): App\Controllers\Admin->index()
#6 C:\xampps\htdocs\helpdeskLPC\system\CodeIgniter.php(412): CodeIgniter\CodeIgniter->runController(Object(App\Controllers\Admin))
#7 C:\xampps\htdocs\helpdeskLPC\system\CodeIgniter.php(320): CodeIgniter\CodeIgniter->handleRequest(NULL, Object(Config\Cache), false)
#8 C:\xampps\htdocs\helpdeskLPC\public\index.php(37): CodeIgniter\CodeIgniter->run()
#9 C:\xampps\htdocs\helpdeskLPC\system\Commands\Server\rewrite.php(43): require_once('C:\\xampps\\htdoc...')
#10 {main}
CRITICAL - 2022-02-06 22:58:20 --> Undefined variable $judul
#0 C:\xampps\htdocs\helpdeskLPC\app\Views\admin\index.php(5): CodeIgniter\Debug\Exceptions->errorHandler(2, 'Undefined varia...', 'C:\\xampps\\htdoc...', 5)
#1 C:\xampps\htdocs\helpdeskLPC\system\View\View.php(210): include('C:\\xampps\\htdoc...')
#2 C:\xampps\htdocs\helpdeskLPC\system\View\View.php(213): CodeIgniter\View\View->CodeIgniter\View\{closure}()
#3 C:\xampps\htdocs\helpdeskLPC\system\Common.php(1089): CodeIgniter\View\View->render('admin/index', Array, true)
#4 C:\xampps\htdocs\helpdeskLPC\app\Controllers\Admin.php(9): view('admin/index')
#5 C:\xampps\htdocs\helpdeskLPC\system\CodeIgniter.php(825): App\Controllers\Admin->index()
#6 C:\xampps\htdocs\helpdeskLPC\system\CodeIgniter.php(412): CodeIgniter\CodeIgniter->runController(Object(App\Controllers\Admin))
#7 C:\xampps\htdocs\helpdeskLPC\system\CodeIgniter.php(320): CodeIgniter\CodeIgniter->handleRequest(NULL, Object(Config\Cache), false)
#8 C:\xampps\htdocs\helpdeskLPC\public\index.php(37): CodeIgniter\CodeIgniter->run()
#9 C:\xampps\htdocs\helpdeskLPC\system\Commands\Server\rewrite.php(43): require_once('C:\\xampps\\htdoc...')
#10 {main}
CRITICAL - 2022-02-06 22:58:27 --> Undefined variable $judul
#0 C:\xampps\htdocs\helpdeskLPC\app\Views\admin\index.php(5): CodeIgniter\Debug\Exceptions->errorHandler(2, 'Undefined varia...', 'C:\\xampps\\htdoc...', 5)
#1 C:\xampps\htdocs\helpdeskLPC\system\View\View.php(210): include('C:\\xampps\\htdoc...')
#2 C:\xampps\htdocs\helpdeskLPC\system\View\View.php(213): CodeIgniter\View\View->CodeIgniter\View\{closure}()
#3 C:\xampps\htdocs\helpdeskLPC\system\Common.php(1089): CodeIgniter\View\View->render('admin/index', Array, true)
#4 C:\xampps\htdocs\helpdeskLPC\app\Controllers\Admin.php(9): view('admin/index')
#5 C:\xampps\htdocs\helpdeskLPC\system\CodeIgniter.php(825): App\Controllers\Admin->index()
#6 C:\xampps\htdocs\helpdeskLPC\system\CodeIgniter.php(412): CodeIgniter\CodeIgniter->runController(Object(App\Controllers\Admin))
#7 C:\xampps\htdocs\helpdeskLPC\system\CodeIgniter.php(320): CodeIgniter\CodeIgniter->handleRequest(NULL, Object(Config\Cache), false)
#8 C:\xampps\htdocs\helpdeskLPC\public\index.php(37): CodeIgniter\CodeIgniter->run()
#9 C:\xampps\htdocs\helpdeskLPC\system\Commands\Server\rewrite.php(43): require_once('C:\\xampps\\htdoc...')
#10 {main}
CRITICAL - 2022-02-06 22:58:30 --> Undefined variable $judul
#0 C:\xampps\htdocs\helpdeskLPC\app\Views\admin\index.php(5): CodeIgniter\Debug\Exceptions->errorHandler(2, 'Undefined varia...', 'C:\\xampps\\htdoc...', 5)
#1 C:\xampps\htdocs\helpdeskLPC\system\View\View.php(210): include('C:\\xampps\\htdoc...')
#2 C:\xampps\htdocs\helpdeskLPC\system\View\View.php(213): CodeIgniter\View\View->CodeIgniter\View\{closure}()
#3 C:\xampps\htdocs\helpdeskLPC\system\Common.php(1089): CodeIgniter\View\View->render('admin/index', Array, true)
#4 C:\xampps\htdocs\helpdeskLPC\app\Controllers\Admin.php(9): view('admin/index')
#5 C:\xampps\htdocs\helpdeskLPC\system\CodeIgniter.php(825): App\Controllers\Admin->index()
#6 C:\xampps\htdocs\helpdeskLPC\system\CodeIgniter.php(412): CodeIgniter\CodeIgniter->runController(Object(App\Controllers\Admin))
#7 C:\xampps\htdocs\helpdeskLPC\system\CodeIgniter.php(320): CodeIgniter\CodeIgniter->handleRequest(NULL, Object(Config\Cache), false)
#8 C:\xampps\htdocs\helpdeskLPC\public\index.php(37): CodeIgniter\CodeIgniter->run()
#9 C:\xampps\htdocs\helpdeskLPC\system\Commands\Server\rewrite.php(43): require_once('C:\\xampps\\htdoc...')
#10 {main}
CRITICAL - 2022-02-06 22:59:18 --> Undefined variable $judul
#0 C:\xampps\htdocs\helpdeskLPC\app\Views\admin\index.php(5): CodeIgniter\Debug\Exceptions->errorHandler(2, 'Undefined varia...', 'C:\\xampps\\htdoc...', 5)
#1 C:\xampps\htdocs\helpdeskLPC\system\View\View.php(210): include('C:\\xampps\\htdoc...')
#2 C:\xampps\htdocs\helpdeskLPC\system\View\View.php(213): CodeIgniter\View\View->CodeIgniter\View\{closure}()
#3 C:\xampps\htdocs\helpdeskLPC\system\Common.php(1089): CodeIgniter\View\View->render('admin/index', Array, true)
#4 C:\xampps\htdocs\helpdeskLPC\app\Controllers\Admin.php(9): view('admin/index')
#5 C:\xampps\htdocs\helpdeskLPC\system\CodeIgniter.php(825): App\Controllers\Admin->index()
#6 C:\xampps\htdocs\helpdeskLPC\system\CodeIgniter.php(412): CodeIgniter\CodeIgniter->runController(Object(App\Controllers\Admin))
#7 C:\xampps\htdocs\helpdeskLPC\system\CodeIgniter.php(320): CodeIgniter\CodeIgniter->handleRequest(NULL, Object(Config\Cache), false)
#8 C:\xampps\htdocs\helpdeskLPC\public\index.php(37): CodeIgniter\CodeIgniter->run()
#9 C:\xampps\htdocs\helpdeskLPC\system\Commands\Server\rewrite.php(43): require_once('C:\\xampps\\htdoc...')
#10 {main}
CRITICAL - 2022-02-06 22:59:21 --> Undefined variable $judul
#0 C:\xampps\htdocs\helpdeskLPC\app\Views\admin\index.php(5): CodeIgniter\Debug\Exceptions->errorHandler(2, 'Undefined varia...', 'C:\\xampps\\htdoc...', 5)
#1 C:\xampps\htdocs\helpdeskLPC\system\View\View.php(210): include('C:\\xampps\\htdoc...')
#2 C:\xampps\htdocs\helpdeskLPC\system\View\View.php(213): CodeIgniter\View\View->CodeIgniter\View\{closure}()
#3 C:\xampps\htdocs\helpdeskLPC\system\Common.php(1089): CodeIgniter\View\View->render('admin/index', Array, true)
#4 C:\xampps\htdocs\helpdeskLPC\app\Controllers\Admin.php(9): view('admin/index')
#5 C:\xampps\htdocs\helpdeskLPC\system\CodeIgniter.php(825): App\Controllers\Admin->index()
#6 C:\xampps\htdocs\helpdeskLPC\system\CodeIgniter.php(412): CodeIgniter\CodeIgniter->runController(Object(App\Controllers\Admin))
#7 C:\xampps\htdocs\helpdeskLPC\system\CodeIgniter.php(320): CodeIgniter\CodeIgniter->handleRequest(NULL, Object(Config\Cache), false)
#8 C:\xampps\htdocs\helpdeskLPC\public\index.php(37): CodeIgniter\CodeIgniter->run()
#9 C:\xampps\htdocs\helpdeskLPC\system\Commands\Server\rewrite.php(43): require_once('C:\\xampps\\htdoc...')
#10 {main}
CRITICAL - 2022-02-06 22:59:42 --> Undefined variable $judul
#0 C:\xampps\htdocs\helpdeskLPC\app\Views\admin\index.php(5): CodeIgniter\Debug\Exceptions->errorHandler(2, 'Undefined varia...', 'C:\\xampps\\htdoc...', 5)
#1 C:\xampps\htdocs\helpdeskLPC\system\View\View.php(210): include('C:\\xampps\\htdoc...')
#2 C:\xampps\htdocs\helpdeskLPC\system\View\View.php(213): CodeIgniter\View\View->CodeIgniter\View\{closure}()
#3 C:\xampps\htdocs\helpdeskLPC\system\Common.php(1089): CodeIgniter\View\View->render('admin/index', Array, true)
#4 C:\xampps\htdocs\helpdeskLPC\app\Controllers\Admin.php(9): view('admin/index')
#5 C:\xampps\htdocs\helpdeskLPC\system\CodeIgniter.php(825): App\Controllers\Admin->index()
#6 C:\xampps\htdocs\helpdeskLPC\system\CodeIgniter.php(412): CodeIgniter\CodeIgniter->runController(Object(App\Controllers\Admin))
#7 C:\xampps\htdocs\helpdeskLPC\system\CodeIgniter.php(320): CodeIgniter\CodeIgniter->handleRequest(NULL, Object(Config\Cache), false)
#8 C:\xampps\htdocs\helpdeskLPC\public\index.php(37): CodeIgniter\CodeIgniter->run()
#9 C:\xampps\htdocs\helpdeskLPC\system\Commands\Server\rewrite.php(43): require_once('C:\\xampps\\htdoc...')
#10 {main}
CRITICAL - 2022-02-06 23:00:01 --> Undefined variable $judul
#0 C:\xampps\htdocs\helpdeskLPC\app\Views\admin\index.php(5): CodeIgniter\Debug\Exceptions->errorHandler(2, 'Undefined varia...', 'C:\\xampps\\htdoc...', 5)
#1 C:\xampps\htdocs\helpdeskLPC\system\View\View.php(210): include('C:\\xampps\\htdoc...')
#2 C:\xampps\htdocs\helpdeskLPC\system\View\View.php(213): CodeIgniter\View\View->CodeIgniter\View\{closure}()
#3 C:\xampps\htdocs\helpdeskLPC\system\Common.php(1089): CodeIgniter\View\View->render('admin/index', Array, true)
#4 C:\xampps\htdocs\helpdeskLPC\app\Controllers\Admin.php(9): view('admin/index')
#5 C:\xampps\htdocs\helpdeskLPC\system\CodeIgniter.php(825): App\Controllers\Admin->index()
#6 C:\xampps\htdocs\helpdeskLPC\system\CodeIgniter.php(412): CodeIgniter\CodeIgniter->runController(Object(App\Controllers\Admin))
#7 C:\xampps\htdocs\helpdeskLPC\system\CodeIgniter.php(320): CodeIgniter\CodeIgniter->handleRequest(NULL, Object(Config\Cache), false)
#8 C:\xampps\htdocs\helpdeskLPC\public\index.php(37): CodeIgniter\CodeIgniter->run()
#9 C:\xampps\htdocs\helpdeskLPC\system\Commands\Server\rewrite.php(43): require_once('C:\\xampps\\htdoc...')
#10 {main}
CRITICAL - 2022-02-06 23:00:27 --> Undefined variable $judul
#0 C:\xampps\htdocs\helpdeskLPC\app\Views\admin\index.php(5): CodeIgniter\Debug\Exceptions->errorHandler(2, 'Undefined varia...', 'C:\\xampps\\htdoc...', 5)
#1 C:\xampps\htdocs\helpdeskLPC\system\View\View.php(210): include('C:\\xampps\\htdoc...')
#2 C:\xampps\htdocs\helpdeskLPC\system\View\View.php(213): CodeIgniter\View\View->CodeIgniter\View\{closure}()
#3 C:\xampps\htdocs\helpdeskLPC\system\Common.php(1089): CodeIgniter\View\View->render('admin/index', Array, true)
#4 C:\xampps\htdocs\helpdeskLPC\app\Controllers\Admin.php(9): view('admin/index')
#5 C:\xampps\htdocs\helpdeskLPC\system\CodeIgniter.php(825): App\Controllers\Admin->index()
#6 C:\xampps\htdocs\helpdeskLPC\system\CodeIgniter.php(412): CodeIgniter\CodeIgniter->runController(Object(App\Controllers\Admin))
#7 C:\xampps\htdocs\helpdeskLPC\system\CodeIgniter.php(320): CodeIgniter\CodeIgniter->handleRequest(NULL, Object(Config\Cache), false)
#8 C:\xampps\htdocs\helpdeskLPC\public\index.php(37): CodeIgniter\CodeIgniter->run()
#9 C:\xampps\htdocs\helpdeskLPC\system\Commands\Server\rewrite.php(43): require_once('C:\\xampps\\htdoc...')
#10 {main}
CRITICAL - 2022-02-06 23:00:28 --> Undefined variable $judul
#0 C:\xampps\htdocs\helpdeskLPC\app\Views\admin\index.php(5): CodeIgniter\Debug\Exceptions->errorHandler(2, 'Undefined varia...', 'C:\\xampps\\htdoc...', 5)
#1 C:\xampps\htdocs\helpdeskLPC\system\View\View.php(210): include('C:\\xampps\\htdoc...')
#2 C:\xampps\htdocs\helpdeskLPC\system\View\View.php(213): CodeIgniter\View\View->CodeIgniter\View\{closure}()
#3 C:\xampps\htdocs\helpdeskLPC\system\Common.php(1089): CodeIgniter\View\View->render('admin/index', Array, true)
#4 C:\xampps\htdocs\helpdeskLPC\app\Controllers\Admin.php(9): view('admin/index')
#5 C:\xampps\htdocs\helpdeskLPC\system\CodeIgniter.php(825): App\Controllers\Admin->index()
#6 C:\xampps\htdocs\helpdeskLPC\system\CodeIgniter.php(412): CodeIgniter\CodeIgniter->runController(Object(App\Controllers\Admin))
#7 C:\xampps\htdocs\helpdeskLPC\system\CodeIgniter.php(320): CodeIgniter\CodeIgniter->handleRequest(NULL, Object(Config\Cache), false)
#8 C:\xampps\htdocs\helpdeskLPC\public\index.php(37): CodeIgniter\CodeIgniter->run()
#9 C:\xampps\htdocs\helpdeskLPC\system\Commands\Server\rewrite.php(43): require_once('C:\\xampps\\htdoc...')
#10 {main}
CRITICAL - 2022-02-06 23:44:07 --> Undefined variable $judul
#0 C:\xampps\htdocs\helpdeskLPC\app\Views\admin\index.php(5): CodeIgniter\Debug\Exceptions->errorHandler(2, 'Undefined varia...', 'C:\\xampps\\htdoc...', 5)
#1 C:\xampps\htdocs\helpdeskLPC\system\View\View.php(210): include('C:\\xampps\\htdoc...')
#2 C:\xampps\htdocs\helpdeskLPC\system\View\View.php(213): CodeIgniter\View\View->CodeIgniter\View\{closure}()
#3 C:\xampps\htdocs\helpdeskLPC\system\Common.php(1089): CodeIgniter\View\View->render('admin/index', Array, true)
#4 C:\xampps\htdocs\helpdeskLPC\app\Controllers\Admin.php(9): view('admin/index')
#5 C:\xampps\htdocs\helpdeskLPC\system\CodeIgniter.php(825): App\Controllers\Admin->index()
#6 C:\xampps\htdocs\helpdeskLPC\system\CodeIgniter.php(412): CodeIgniter\CodeIgniter->runController(Object(App\Controllers\Admin))
#7 C:\xampps\htdocs\helpdeskLPC\system\CodeIgniter.php(320): CodeIgniter\CodeIgniter->handleRequest(NULL, Object(Config\Cache), false)
#8 C:\xampps\htdocs\helpdeskLPC\public\index.php(37): CodeIgniter\CodeIgniter->run()
#9 C:\xampps\htdocs\helpdeskLPC\system\Commands\Server\rewrite.php(43): require_once('C:\\xampps\\htdoc...')
#10 {main}
CRITICAL - 2022-02-06 23:44:47 --> Undefined variable $judul
#0 C:\xampps\htdocs\helpdeskLPC\app\Views\admin\index.php(5): CodeIgniter\Debug\Exceptions->errorHandler(2, 'Undefined varia...', 'C:\\xampps\\htdoc...', 5)
#1 C:\xampps\htdocs\helpdeskLPC\system\View\View.php(210): include('C:\\xampps\\htdoc...')
#2 C:\xampps\htdocs\helpdeskLPC\system\View\View.php(213): CodeIgniter\View\View->CodeIgniter\View\{closure}()
#3 C:\xampps\htdocs\helpdeskLPC\system\Common.php(1089): CodeIgniter\View\View->render('admin/index', Array, true)
#4 C:\xampps\htdocs\helpdeskLPC\app\Controllers\Admin.php(9): view('admin/index')
#5 C:\xampps\htdocs\helpdeskLPC\system\CodeIgniter.php(825): App\Controllers\Admin->index()
#6 C:\xampps\htdocs\helpdeskLPC\system\CodeIgniter.php(412): CodeIgniter\CodeIgniter->runController(Object(App\Controllers\Admin))
#7 C:\xampps\htdocs\helpdeskLPC\system\CodeIgniter.php(320): CodeIgniter\CodeIgniter->handleRequest(NULL, Object(Config\Cache), false)
#8 C:\xampps\htdocs\helpdeskLPC\public\index.php(37): CodeIgniter\CodeIgniter->run()
#9 C:\xampps\htdocs\helpdeskLPC\system\Commands\Server\rewrite.php(43): require_once('C:\\xampps\\htdoc...')
#10 {main}
CRITICAL - 2022-02-06 23:44:48 --> Undefined variable $judul
#0 C:\xampps\htdocs\helpdeskLPC\app\Views\admin\index.php(5): CodeIgniter\Debug\Exceptions->errorHandler(2, 'Undefined varia...', 'C:\\xampps\\htdoc...', 5)
#1 C:\xampps\htdocs\helpdeskLPC\system\View\View.php(210): include('C:\\xampps\\htdoc...')
#2 C:\xampps\htdocs\helpdeskLPC\system\View\View.php(213): CodeIgniter\View\View->CodeIgniter\View\{closure}()
#3 C:\xampps\htdocs\helpdeskLPC\system\Common.php(1089): CodeIgniter\View\View->render('admin/index', Array, true)
#4 C:\xampps\htdocs\helpdeskLPC\app\Controllers\Admin.php(9): view('admin/index')
#5 C:\xampps\htdocs\helpdeskLPC\system\CodeIgniter.php(825): App\Controllers\Admin->index()
#6 C:\xampps\htdocs\helpdeskLPC\system\CodeIgniter.php(412): CodeIgniter\CodeIgniter->runController(Object(App\Controllers\Admin))
#7 C:\xampps\htdocs\helpdeskLPC\system\CodeIgniter.php(320): CodeIgniter\CodeIgniter->handleRequest(NULL, Object(Config\Cache), false)
#8 C:\xampps\htdocs\helpdeskLPC\public\index.php(37): CodeIgniter\CodeIgniter->run()
#9 C:\xampps\htdocs\helpdeskLPC\system\Commands\Server\rewrite.php(43): require_once('C:\\xampps\\htdoc...')
#10 {main}
CRITICAL - 2022-02-06 23:44:51 --> Undefined variable $judul
#0 C:\xampps\htdocs\helpdeskLPC\app\Views\admin\index.php(5): CodeIgniter\Debug\Exceptions->errorHandler(2, 'Undefined varia...', 'C:\\xampps\\htdoc...', 5)
#1 C:\xampps\htdocs\helpdeskLPC\system\View\View.php(210): include('C:\\xampps\\htdoc...')
#2 C:\xampps\htdocs\helpdeskLPC\system\View\View.php(213): CodeIgniter\View\View->CodeIgniter\View\{closure}()
#3 C:\xampps\htdocs\helpdeskLPC\system\Common.php(1089): CodeIgniter\View\View->render('admin/index', Array, true)
#4 C:\xampps\htdocs\helpdeskLPC\app\Controllers\Admin.php(9): view('admin/index')
#5 C:\xampps\htdocs\helpdeskLPC\system\CodeIgniter.php(825): App\Controllers\Admin->index()
#6 C:\xampps\htdocs\helpdeskLPC\system\CodeIgniter.php(412): CodeIgniter\CodeIgniter->runController(Object(App\Controllers\Admin))
#7 C:\xampps\htdocs\helpdeskLPC\system\CodeIgniter.php(320): CodeIgniter\CodeIgniter->handleRequest(NULL, Object(Config\Cache), false)
#8 C:\xampps\htdocs\helpdeskLPC\public\index.php(37): CodeIgniter\CodeIgniter->run()
#9 C:\xampps\htdocs\helpdeskLPC\system\Commands\Server\rewrite.php(43): require_once('C:\\xampps\\htdoc...')
#10 {main}
CRITICAL - 2022-02-06 23:45:26 --> Undefined variable $judul
#0 C:\xampps\htdocs\helpdeskLPC\app\Views\admin\index.php(5): CodeIgniter\Debug\Exceptions->errorHandler(2, 'Undefined varia...', 'C:\\xampps\\htdoc...', 5)
#1 C:\xampps\htdocs\helpdeskLPC\system\View\View.php(210): include('C:\\xampps\\htdoc...')
#2 C:\xampps\htdocs\helpdeskLPC\system\View\View.php(213): CodeIgniter\View\View->CodeIgniter\View\{closure}()
#3 C:\xampps\htdocs\helpdeskLPC\system\Common.php(1089): CodeIgniter\View\View->render('admin/index', Array, true)
#4 C:\xampps\htdocs\helpdeskLPC\app\Controllers\Admin.php(9): view('admin/index')
#5 C:\xampps\htdocs\helpdeskLPC\system\CodeIgniter.php(825): App\Controllers\Admin->index()
#6 C:\xampps\htdocs\helpdeskLPC\system\CodeIgniter.php(412): CodeIgniter\CodeIgniter->runController(Object(App\Controllers\Admin))
#7 C:\xampps\htdocs\helpdeskLPC\system\CodeIgniter.php(320): CodeIgniter\CodeIgniter->handleRequest(NULL, Object(Config\Cache), false)
#8 C:\xampps\htdocs\helpdeskLPC\public\index.php(37): CodeIgniter\CodeIgniter->run()
#9 C:\xampps\htdocs\helpdeskLPC\system\Commands\Server\rewrite.php(43): require_once('C:\\xampps\\htdoc...')
#10 {main}
CRITICAL - 2022-02-06 23:46:24 --> Undefined variable $judul
#0 C:\xampps\htdocs\helpdeskLPC\app\Views\admin\index.php(5): CodeIgniter\Debug\Exceptions->errorHandler(2, 'Undefined varia...', 'C:\\xampps\\htdoc...', 5)
#1 C:\xampps\htdocs\helpdeskLPC\system\View\View.php(210): include('C:\\xampps\\htdoc...')
#2 C:\xampps\htdocs\helpdeskLPC\system\View\View.php(213): CodeIgniter\View\View->CodeIgniter\View\{closure}()
#3 C:\xampps\htdocs\helpdeskLPC\system\Common.php(1089): CodeIgniter\View\View->render('admin/index', Array, true)
#4 C:\xampps\htdocs\helpdeskLPC\app\Controllers\Admin.php(9): view('admin/index')
#5 C:\xampps\htdocs\helpdeskLPC\system\CodeIgniter.php(825): App\Controllers\Admin->index()
#6 C:\xampps\htdocs\helpdeskLPC\system\CodeIgniter.php(412): CodeIgniter\CodeIgniter->runController(Object(App\Controllers\Admin))
#7 C:\xampps\htdocs\helpdeskLPC\system\CodeIgniter.php(320): CodeIgniter\CodeIgniter->handleRequest(NULL, Object(Config\Cache), false)
#8 C:\xampps\htdocs\helpdeskLPC\public\index.php(37): CodeIgniter\CodeIgniter->run()
#9 C:\xampps\htdocs\helpdeskLPC\system\Commands\Server\rewrite.php(43): require_once('C:\\xampps\\htdoc...')
#10 {main}
CRITICAL - 2022-02-06 23:46:26 --> Undefined variable $judul
#0 C:\xampps\htdocs\helpdeskLPC\app\Views\admin\index.php(5): CodeIgniter\Debug\Exceptions->errorHandler(2, 'Undefined varia...', 'C:\\xampps\\htdoc...', 5)
#1 C:\xampps\htdocs\helpdeskLPC\system\View\View.php(210): include('C:\\xampps\\htdoc...')
#2 C:\xampps\htdocs\helpdeskLPC\system\View\View.php(213): CodeIgniter\View\View->CodeIgniter\View\{closure}()
#3 C:\xampps\htdocs\helpdeskLPC\system\Common.php(1089): CodeIgniter\View\View->render('admin/index', Array, true)
#4 C:\xampps\htdocs\helpdeskLPC\app\Controllers\Admin.php(9): view('admin/index')
#5 C:\xampps\htdocs\helpdeskLPC\system\CodeIgniter.php(825): App\Controllers\Admin->index()
#6 C:\xampps\htdocs\helpdeskLPC\system\CodeIgniter.php(412): CodeIgniter\CodeIgniter->runController(Object(App\Controllers\Admin))
#7 C:\xampps\htdocs\helpdeskLPC\system\CodeIgniter.php(320): CodeIgniter\CodeIgniter->handleRequest(NULL, Object(Config\Cache), false)
#8 C:\xampps\htdocs\helpdeskLPC\public\index.php(37): CodeIgniter\CodeIgniter->run()
#9 C:\xampps\htdocs\helpdeskLPC\system\Commands\Server\rewrite.php(43): require_once('C:\\xampps\\htdoc...')
#10 {main}
CRITICAL - 2022-02-06 23:47:15 --> Undefined variable $judul
#0 C:\xampps\htdocs\helpdeskLPC\app\Views\admin\index.php(5): CodeIgniter\Debug\Exceptions->errorHandler(2, 'Undefined varia...', 'C:\\xampps\\htdoc...', 5)
#1 C:\xampps\htdocs\helpdeskLPC\system\View\View.php(210): include('C:\\xampps\\htdoc...')
#2 C:\xampps\htdocs\helpdeskLPC\system\View\View.php(213): CodeIgniter\View\View->CodeIgniter\View\{closure}()
#3 C:\xampps\htdocs\helpdeskLPC\system\Common.php(1089): CodeIgniter\View\View->render('admin/index', Array, true)
#4 C:\xampps\htdocs\helpdeskLPC\app\Controllers\Admin.php(9): view('admin/index')
#5 C:\xampps\htdocs\helpdeskLPC\system\CodeIgniter.php(825): App\Controllers\Admin->index()
#6 C:\xampps\htdocs\helpdeskLPC\system\CodeIgniter.php(412): CodeIgniter\CodeIgniter->runController(Object(App\Controllers\Admin))
#7 C:\xampps\htdocs\helpdeskLPC\system\CodeIgniter.php(320): CodeIgniter\CodeIgniter->handleRequest(NULL, Object(Config\Cache), false)
#8 C:\xampps\htdocs\helpdeskLPC\public\index.php(37): CodeIgniter\CodeIgniter->run()
#9 C:\xampps\htdocs\helpdeskLPC\system\Commands\Server\rewrite.php(43): require_once('C:\\xampps\\htdoc...')
#10 {main}
CRITICAL - 2022-02-06 23:47:19 --> Undefined variable $judul
#0 C:\xampps\htdocs\helpdeskLPC\app\Views\admin\index.php(5): CodeIgniter\Debug\Exceptions->errorHandler(2, 'Undefined varia...', 'C:\\xampps\\htdoc...', 5)
#1 C:\xampps\htdocs\helpdeskLPC\system\View\View.php(210): include('C:\\xampps\\htdoc...')
#2 C:\xampps\htdocs\helpdeskLPC\system\View\View.php(213): CodeIgniter\View\View->CodeIgniter\View\{closure}()
#3 C:\xampps\htdocs\helpdeskLPC\system\Common.php(1089): CodeIgniter\View\View->render('admin/index', Array, true)
#4 C:\xampps\htdocs\helpdeskLPC\app\Controllers\Admin.php(9): view('admin/index')
#5 C:\xampps\htdocs\helpdeskLPC\system\CodeIgniter.php(825): App\Controllers\Admin->index()
#6 C:\xampps\htdocs\helpdeskLPC\system\CodeIgniter.php(412): CodeIgniter\CodeIgniter->runController(Object(App\Controllers\Admin))
#7 C:\xampps\htdocs\helpdeskLPC\system\CodeIgniter.php(320): CodeIgniter\CodeIgniter->handleRequest(NULL, Object(Config\Cache), false)
#8 C:\xampps\htdocs\helpdeskLPC\public\index.php(37): CodeIgniter\CodeIgniter->run()
#9 C:\xampps\htdocs\helpdeskLPC\system\Commands\Server\rewrite.php(43): require_once('C:\\xampps\\htdoc...')
#10 {main}
CRITICAL - 2022-02-06 23:47:30 --> Undefined variable $judul
#0 C:\xampps\htdocs\helpdeskLPC\app\Views\admin\index.php(5): CodeIgniter\Debug\Exceptions->errorHandler(2, 'Undefined varia...', 'C:\\xampps\\htdoc...', 5)
#1 C:\xampps\htdocs\helpdeskLPC\system\View\View.php(210): include('C:\\xampps\\htdoc...')
#2 C:\xampps\htdocs\helpdeskLPC\system\View\View.php(213): CodeIgniter\View\View->CodeIgniter\View\{closure}()
#3 C:\xampps\htdocs\helpdeskLPC\system\Common.php(1089): CodeIgniter\View\View->render('admin/index', Array, true)
#4 C:\xampps\htdocs\helpdeskLPC\app\Controllers\Admin.php(9): view('admin/index')
#5 C:\xampps\htdocs\helpdeskLPC\system\CodeIgniter.php(825): App\Controllers\Admin->index()
#6 C:\xampps\htdocs\helpdeskLPC\system\CodeIgniter.php(412): CodeIgniter\CodeIgniter->runController(Object(App\Controllers\Admin))
#7 C:\xampps\htdocs\helpdeskLPC\system\CodeIgniter.php(320): CodeIgniter\CodeIgniter->handleRequest(NULL, Object(Config\Cache), false)
#8 C:\xampps\htdocs\helpdeskLPC\public\index.php(37): CodeIgniter\CodeIgniter->run()
#9 C:\xampps\htdocs\helpdeskLPC\system\Commands\Server\rewrite.php(43): require_once('C:\\xampps\\htdoc...')
#10 {main}
CRITICAL - 2022-02-06 23:47:34 --> Undefined variable $judul
#0 C:\xampps\htdocs\helpdeskLPC\app\Views\admin\index.php(5): CodeIgniter\Debug\Exceptions->errorHandler(2, 'Undefined varia...', 'C:\\xampps\\htdoc...', 5)
#1 C:\xampps\htdocs\helpdeskLPC\system\View\View.php(210): include('C:\\xampps\\htdoc...')
#2 C:\xampps\htdocs\helpdeskLPC\system\View\View.php(213): CodeIgniter\View\View->CodeIgniter\View\{closure}()
#3 C:\xampps\htdocs\helpdeskLPC\system\Common.php(1089): CodeIgniter\View\View->render('admin/index', Array, true)
#4 C:\xampps\htdocs\helpdeskLPC\app\Controllers\Admin.php(9): view('admin/index')
#5 C:\xampps\htdocs\helpdeskLPC\system\CodeIgniter.php(825): App\Controllers\Admin->index()
#6 C:\xampps\htdocs\helpdeskLPC\system\CodeIgniter.php(412): CodeIgniter\CodeIgniter->runController(Object(App\Controllers\Admin))
#7 C:\xampps\htdocs\helpdeskLPC\system\CodeIgniter.php(320): CodeIgniter\CodeIgniter->handleRequest(NULL, Object(Config\Cache), false)
#8 C:\xampps\htdocs\helpdeskLPC\public\index.php(37): CodeIgniter\CodeIgniter->run()
#9 C:\xampps\htdocs\helpdeskLPC\system\Commands\Server\rewrite.php(43): require_once('C:\\xampps\\htdoc...')
#10 {main}
CRITICAL - 2022-02-06 23:47:35 --> Undefined variable $judul
#0 C:\xampps\htdocs\helpdeskLPC\app\Views\admin\index.php(5): CodeIgniter\Debug\Exceptions->errorHandler(2, 'Undefined varia...', 'C:\\xampps\\htdoc...', 5)
#1 C:\xampps\htdocs\helpdeskLPC\system\View\View.php(210): include('C:\\xampps\\htdoc...')
#2 C:\xampps\htdocs\helpdeskLPC\system\View\View.php(213): CodeIgniter\View\View->CodeIgniter\View\{closure}()
#3 C:\xampps\htdocs\helpdeskLPC\system\Common.php(1089): CodeIgniter\View\View->render('admin/index', Array, true)
#4 C:\xampps\htdocs\helpdeskLPC\app\Controllers\Admin.php(9): view('admin/index')
#5 C:\xampps\htdocs\helpdeskLPC\system\CodeIgniter.php(825): App\Controllers\Admin->index()
#6 C:\xampps\htdocs\helpdeskLPC\system\CodeIgniter.php(412): CodeIgniter\CodeIgniter->runController(Object(App\Controllers\Admin))
#7 C:\xampps\htdocs\helpdeskLPC\system\CodeIgniter.php(320): CodeIgniter\CodeIgniter->handleRequest(NULL, Object(Config\Cache), false)
#8 C:\xampps\htdocs\helpdeskLPC\public\index.php(37): CodeIgniter\CodeIgniter->run()
#9 C:\xampps\htdocs\helpdeskLPC\system\Commands\Server\rewrite.php(43): require_once('C:\\xampps\\htdoc...')
#10 {main}
CRITICAL - 2022-02-06 23:47:37 --> Undefined variable $judul
#0 C:\xampps\htdocs\helpdeskLPC\app\Views\admin\index.php(5): CodeIgniter\Debug\Exceptions->errorHandler(2, 'Undefined varia...', 'C:\\xampps\\htdoc...', 5)
#1 C:\xampps\htdocs\helpdeskLPC\system\View\View.php(210): include('C:\\xampps\\htdoc...')
#2 C:\xampps\htdocs\helpdeskLPC\system\View\View.php(213): CodeIgniter\View\View->CodeIgniter\View\{closure}()
#3 C:\xampps\htdocs\helpdeskLPC\system\Common.php(1089): CodeIgniter\View\View->render('admin/index', Array, true)
#4 C:\xampps\htdocs\helpdeskLPC\app\Controllers\Admin.php(9): view('admin/index')
#5 C:\xampps\htdocs\helpdeskLPC\system\CodeIgniter.php(825): App\Controllers\Admin->index()
#6 C:\xampps\htdocs\helpdeskLPC\system\CodeIgniter.php(412): CodeIgniter\CodeIgniter->runController(Object(App\Controllers\Admin))
#7 C:\xampps\htdocs\helpdeskLPC\system\CodeIgniter.php(320): CodeIgniter\CodeIgniter->handleRequest(NULL, Object(Config\Cache), false)
#8 C:\xampps\htdocs\helpdeskLPC\public\index.php(37): CodeIgniter\CodeIgniter->run()
#9 C:\xampps\htdocs\helpdeskLPC\system\Commands\Server\rewrite.php(43): require_once('C:\\xampps\\htdoc...')
#10 {main}
CRITICAL - 2022-02-06 23:47:48 --> Undefined variable $judul
#0 C:\xampps\htdocs\helpdeskLPC\app\Views\admin\index.php(5): CodeIgniter\Debug\Exceptions->errorHandler(2, 'Undefined varia...', 'C:\\xampps\\htdoc...', 5)
#1 C:\xampps\htdocs\helpdeskLPC\system\View\View.php(210): include('C:\\xampps\\htdoc...')
#2 C:\xampps\htdocs\helpdeskLPC\system\View\View.php(213): CodeIgniter\View\View->CodeIgniter\View\{closure}()
#3 C:\xampps\htdocs\helpdeskLPC\system\Common.php(1089): CodeIgniter\View\View->render('admin/index', Array, true)
#4 C:\xampps\htdocs\helpdeskLPC\app\Controllers\Admin.php(9): view('admin/index')
#5 C:\xampps\htdocs\helpdeskLPC\system\CodeIgniter.php(825): App\Controllers\Admin->index()
#6 C:\xampps\htdocs\helpdeskLPC\system\CodeIgniter.php(412): CodeIgniter\CodeIgniter->runController(Object(App\Controllers\Admin))
#7 C:\xampps\htdocs\helpdeskLPC\system\CodeIgniter.php(320): CodeIgniter\CodeIgniter->handleRequest(NULL, Object(Config\Cache), false)
#8 C:\xampps\htdocs\helpdeskLPC\public\index.php(37): CodeIgniter\CodeIgniter->run()
#9 C:\xampps\htdocs\helpdeskLPC\system\Commands\Server\rewrite.php(43): require_once('C:\\xampps\\htdoc...')
#10 {main}
CRITICAL - 2022-02-06 23:48:08 --> Undefined variable $judul
#0 C:\xampps\htdocs\helpdeskLPC\app\Views\admin\index.php(5): CodeIgniter\Debug\Exceptions->errorHandler(2, 'Undefined varia...', 'C:\\xampps\\htdoc...', 5)
#1 C:\xampps\htdocs\helpdeskLPC\system\View\View.php(210): include('C:\\xampps\\htdoc...')
#2 C:\xampps\htdocs\helpdeskLPC\system\View\View.php(213): CodeIgniter\View\View->CodeIgniter\View\{closure}()
#3 C:\xampps\htdocs\helpdeskLPC\system\Common.php(1089): CodeIgniter\View\View->render('admin/index', Array, true)
#4 C:\xampps\htdocs\helpdeskLPC\app\Controllers\Admin.php(9): view('admin/index')
#5 C:\xampps\htdocs\helpdeskLPC\system\CodeIgniter.php(825): App\Controllers\Admin->index()
#6 C:\xampps\htdocs\helpdeskLPC\system\CodeIgniter.php(412): CodeIgniter\CodeIgniter->runController(Object(App\Controllers\Admin))
#7 C:\xampps\htdocs\helpdeskLPC\system\CodeIgniter.php(320): CodeIgniter\CodeIgniter->handleRequest(NULL, Object(Config\Cache), false)
#8 C:\xampps\htdocs\helpdeskLPC\public\index.php(37): CodeIgniter\CodeIgniter->run()
#9 C:\xampps\htdocs\helpdeskLPC\system\Commands\Server\rewrite.php(43): require_once('C:\\xampps\\htdoc...')
#10 {main}
CRITICAL - 2022-02-06 23:52:58 --> Undefined variable $judul
#0 C:\xampps\htdocs\helpdeskLPC\app\Views\admin\index.php(5): CodeIgniter\Debug\Exceptions->errorHandler(2, 'Undefined varia...', 'C:\\xampps\\htdoc...', 5)
#1 C:\xampps\htdocs\helpdeskLPC\system\View\View.php(210): include('C:\\xampps\\htdoc...')
#2 C:\xampps\htdocs\helpdeskLPC\system\View\View.php(213): CodeIgniter\View\View->CodeIgniter\View\{closure}()
#3 C:\xampps\htdocs\helpdeskLPC\system\Common.php(1089): CodeIgniter\View\View->render('admin/index', Array, true)
#4 C:\xampps\htdocs\helpdeskLPC\app\Controllers\Admin.php(9): view('admin/index')
#5 C:\xampps\htdocs\helpdeskLPC\system\CodeIgniter.php(825): App\Controllers\Admin->index()
#6 C:\xampps\htdocs\helpdeskLPC\system\CodeIgniter.php(412): CodeIgniter\CodeIgniter->runController(Object(App\Controllers\Admin))
#7 C:\xampps\htdocs\helpdeskLPC\system\CodeIgniter.php(320): CodeIgniter\CodeIgniter->handleRequest(NULL, Object(Config\Cache), false)
#8 C:\xampps\htdocs\helpdeskLPC\public\index.php(37): CodeIgniter\CodeIgniter->run()
#9 C:\xampps\htdocs\helpdeskLPC\system\Commands\Server\rewrite.php(43): require_once('C:\\xampps\\htdoc...')
#10 {main}
CRITICAL - 2022-02-06 23:53:02 --> Undefined variable $judul
#0 C:\xampps\htdocs\helpdeskLPC\app\Views\admin\index.php(5): CodeIgniter\Debug\Exceptions->errorHandler(2, 'Undefined varia...', 'C:\\xampps\\htdoc...', 5)
#1 C:\xampps\htdocs\helpdeskLPC\system\View\View.php(210): include('C:\\xampps\\htdoc...')
#2 C:\xampps\htdocs\helpdeskLPC\system\View\View.php(213): CodeIgniter\View\View->CodeIgniter\View\{closure}()
#3 C:\xampps\htdocs\helpdeskLPC\system\Common.php(1089): CodeIgniter\View\View->render('admin/index', Array, true)
#4 C:\xampps\htdocs\helpdeskLPC\app\Controllers\Admin.php(9): view('admin/index')
#5 C:\xampps\htdocs\helpdeskLPC\system\CodeIgniter.php(825): App\Controllers\Admin->index()
#6 C:\xampps\htdocs\helpdeskLPC\system\CodeIgniter.php(412): CodeIgniter\CodeIgniter->runController(Object(App\Controllers\Admin))
#7 C:\xampps\htdocs\helpdeskLPC\system\CodeIgniter.php(320): CodeIgniter\CodeIgniter->handleRequest(NULL, Object(Config\Cache), false)
#8 C:\xampps\htdocs\helpdeskLPC\public\index.php(37): CodeIgniter\CodeIgniter->run()
#9 C:\xampps\htdocs\helpdeskLPC\system\Commands\Server\rewrite.php(43): require_once('C:\\xampps\\htdoc...')
#10 {main}
CRITICAL - 2022-02-06 23:53:12 --> Undefined variable $judul
#0 C:\xampps\htdocs\helpdeskLPC\app\Views\admin\index.php(5): CodeIgniter\Debug\Exceptions->errorHandler(2, 'Undefined varia...', 'C:\\xampps\\htdoc...', 5)
#1 C:\xampps\htdocs\helpdeskLPC\system\View\View.php(210): include('C:\\xampps\\htdoc...')
#2 C:\xampps\htdocs\helpdeskLPC\system\View\View.php(213): CodeIgniter\View\View->CodeIgniter\View\{closure}()
#3 C:\xampps\htdocs\helpdeskLPC\system\Common.php(1089): CodeIgniter\View\View->render('admin/index', Array, true)
#4 C:\xampps\htdocs\helpdeskLPC\app\Controllers\Admin.php(9): view('admin/index')
#5 C:\xampps\htdocs\helpdeskLPC\system\CodeIgniter.php(825): App\Controllers\Admin->index()
#6 C:\xampps\htdocs\helpdeskLPC\system\CodeIgniter.php(412): CodeIgniter\CodeIgniter->runController(Object(App\Controllers\Admin))
#7 C:\xampps\htdocs\helpdeskLPC\system\CodeIgniter.php(320): CodeIgniter\CodeIgniter->handleRequest(NULL, Object(Config\Cache), false)
#8 C:\xampps\htdocs\helpdeskLPC\public\index.php(37): CodeIgniter\CodeIgniter->run()
#9 C:\xampps\htdocs\helpdeskLPC\system\Commands\Server\rewrite.php(43): require_once('C:\\xampps\\htdoc...')
#10 {main}
CRITICAL - 2022-02-06 23:53:16 --> Undefined variable $judul
#0 C:\xampps\htdocs\helpdeskLPC\app\Views\admin\index.php(5): CodeIgniter\Debug\Exceptions->errorHandler(2, 'Undefined varia...', 'C:\\xampps\\htdoc...', 5)
#1 C:\xampps\htdocs\helpdeskLPC\system\View\View.php(210): include('C:\\xampps\\htdoc...')
#2 C:\xampps\htdocs\helpdeskLPC\system\View\View.php(213): CodeIgniter\View\View->CodeIgniter\View\{closure}()
#3 C:\xampps\htdocs\helpdeskLPC\system\Common.php(1089): CodeIgniter\View\View->render('admin/index', Array, true)
#4 C:\xampps\htdocs\helpdeskLPC\app\Controllers\Admin.php(9): view('admin/index')
#5 C:\xampps\htdocs\helpdeskLPC\system\CodeIgniter.php(825): App\Controllers\Admin->index()
#6 C:\xampps\htdocs\helpdeskLPC\system\CodeIgniter.php(412): CodeIgniter\CodeIgniter->runController(Object(App\Controllers\Admin))
#7 C:\xampps\htdocs\helpdeskLPC\system\CodeIgniter.php(320): CodeIgniter\CodeIgniter->handleRequest(NULL, Object(Config\Cache), false)
#8 C:\xampps\htdocs\helpdeskLPC\public\index.php(37): CodeIgniter\CodeIgniter->run()
#9 C:\xampps\htdocs\helpdeskLPC\system\Commands\Server\rewrite.php(43): require_once('C:\\xampps\\htdoc...')
#10 {main}
CRITICAL - 2022-02-06 23:56:07 --> Undefined variable $pager
#0 C:\xampps\htdocs\helpdeskLPC\app\Views\admin\index.php(52): CodeIgniter\Debug\Exceptions->errorHandler(2, 'Undefined varia...', 'C:\\xampps\\htdoc...', 52)
#1 C:\xampps\htdocs\helpdeskLPC\system\View\View.php(210): include('C:\\xampps\\htdoc...')
#2 C:\xampps\htdocs\helpdeskLPC\system\View\View.php(213): CodeIgniter\View\View->CodeIgniter\View\{closure}()
#3 C:\xampps\htdocs\helpdeskLPC\system\Common.php(1089): CodeIgniter\View\View->render('admin/index', Array, true)
#4 C:\xampps\htdocs\helpdeskLPC\system\Helpers\sn_helper.php(7): view('admin/index', Array)
#5 C:\xampps\htdocs\helpdeskLPC\app\Controllers\Admin.php(28): tampilan('admin/index', Array)
#6 C:\xampps\htdocs\helpdeskLPC\system\CodeIgniter.php(825): App\Controllers\Admin->index()
#7 C:\xampps\htdocs\helpdeskLPC\system\CodeIgniter.php(412): CodeIgniter\CodeIgniter->runController(Object(App\Controllers\Admin))
#8 C:\xampps\htdocs\helpdeskLPC\system\CodeIgniter.php(320): CodeIgniter\CodeIgniter->handleRequest(NULL, Object(Config\Cache), false)
#9 C:\xampps\htdocs\helpdeskLPC\public\index.php(37): CodeIgniter\CodeIgniter->run()
#10 C:\xampps\htdocs\helpdeskLPC\system\Commands\Server\rewrite.php(43): require_once('C:\\xampps\\htdoc...')
#11 {main}
CRITICAL - 2022-02-06 23:56:11 --> Undefined variable $pager
#0 C:\xampps\htdocs\helpdeskLPC\app\Views\admin\index.php(52): CodeIgniter\Debug\Exceptions->errorHandler(2, 'Undefined varia...', 'C:\\xampps\\htdoc...', 52)
#1 C:\xampps\htdocs\helpdeskLPC\system\View\View.php(210): include('C:\\xampps\\htdoc...')
#2 C:\xampps\htdocs\helpdeskLPC\system\View\View.php(213): CodeIgniter\View\View->CodeIgniter\View\{closure}()
#3 C:\xampps\htdocs\helpdeskLPC\system\Common.php(1089): CodeIgniter\View\View->render('admin/index', Array, true)
#4 C:\xampps\htdocs\helpdeskLPC\system\Helpers\sn_helper.php(7): view('admin/index', Array)
#5 C:\xampps\htdocs\helpdeskLPC\app\Controllers\Admin.php(28): tampilan('admin/index', Array)
#6 C:\xampps\htdocs\helpdeskLPC\system\CodeIgniter.php(825): App\Controllers\Admin->index()
#7 C:\xampps\htdocs\helpdeskLPC\system\CodeIgniter.php(412): CodeIgniter\CodeIgniter->runController(Object(App\Controllers\Admin))
#8 C:\xampps\htdocs\helpdeskLPC\system\CodeIgniter.php(320): CodeIgniter\CodeIgniter->handleRequest(NULL, Object(Config\Cache), false)
#9 C:\xampps\htdocs\helpdeskLPC\public\index.php(37): CodeIgniter\CodeIgniter->run()
#10 C:\xampps\htdocs\helpdeskLPC\system\Commands\Server\rewrite.php(43): require_once('C:\\xampps\\htdoc...')
#11 {main}
CRITICAL - 2022-02-06 23:56:12 --> Undefined variable $pager
#0 C:\xampps\htdocs\helpdeskLPC\app\Views\admin\index.php(52): CodeIgniter\Debug\Exceptions->errorHandler(2, 'Undefined varia...', 'C:\\xampps\\htdoc...', 52)
#1 C:\xampps\htdocs\helpdeskLPC\system\View\View.php(210): include('C:\\xampps\\htdoc...')
#2 C:\xampps\htdocs\helpdeskLPC\system\View\View.php(213): CodeIgniter\View\View->CodeIgniter\View\{closure}()
#3 C:\xampps\htdocs\helpdeskLPC\system\Common.php(1089): CodeIgniter\View\View->render('admin/index', Array, true)
#4 C:\xampps\htdocs\helpdeskLPC\system\Helpers\sn_helper.php(7): view('admin/index', Array)
#5 C:\xampps\htdocs\helpdeskLPC\app\Controllers\Admin.php(28): tampilan('admin/index', Array)
#6 C:\xampps\htdocs\helpdeskLPC\system\CodeIgniter.php(825): App\Controllers\Admin->index()
#7 C:\xampps\htdocs\helpdeskLPC\system\CodeIgniter.php(412): CodeIgniter\CodeIgniter->runController(Object(App\Controllers\Admin))
#8 C:\xampps\htdocs\helpdeskLPC\system\CodeIgniter.php(320): CodeIgniter\CodeIgniter->handleRequest(NULL, Object(Config\Cache), false)
#9 C:\xampps\htdocs\helpdeskLPC\public\index.php(37): CodeIgniter\CodeIgniter->run()
#10 C:\xampps\htdocs\helpdeskLPC\system\Commands\Server\rewrite.php(43): require_once('C:\\xampps\\htdoc...')
#11 {main}
CRITICAL - 2022-02-06 23:56:15 --> Undefined variable $pager
#0 C:\xampps\htdocs\helpdeskLPC\app\Views\admin\index.php(52): CodeIgniter\Debug\Exceptions->errorHandler(2, 'Undefined varia...', 'C:\\xampps\\htdoc...', 52)
#1 C:\xampps\htdocs\helpdeskLPC\system\View\View.php(210): include('C:\\xampps\\htdoc...')
#2 C:\xampps\htdocs\helpdeskLPC\system\View\View.php(213): CodeIgniter\View\View->CodeIgniter\View\{closure}()
#3 C:\xampps\htdocs\helpdeskLPC\system\Common.php(1089): CodeIgniter\View\View->render('admin/index', Array, true)
#4 C:\xampps\htdocs\helpdeskLPC\system\Helpers\sn_helper.php(7): view('admin/index', Array)
#5 C:\xampps\htdocs\helpdeskLPC\app\Controllers\Admin.php(28): tampilan('admin/index', Array)
#6 C:\xampps\htdocs\helpdeskLPC\system\CodeIgniter.php(825): App\Controllers\Admin->index()
#7 C:\xampps\htdocs\helpdeskLPC\system\CodeIgniter.php(412): CodeIgniter\CodeIgniter->runController(Object(App\Controllers\Admin))
#8 C:\xampps\htdocs\helpdeskLPC\system\CodeIgniter.php(320): CodeIgniter\CodeIgniter->handleRequest(NULL, Object(Config\Cache), false)
#9 C:\xampps\htdocs\helpdeskLPC\public\index.php(37): CodeIgniter\CodeIgniter->run()
#10 C:\xampps\htdocs\helpdeskLPC\system\Commands\Server\rewrite.php(43): require_once('C:\\xampps\\htdoc...')
#11 {main}
