CRITICAL - 2022-02-04 02:56:26 --> Undefined variable $pager
#0 C:\xampps\htdocs\helpdeskLPC\app\Views\Ticket\index.php(52): CodeIgniter\Debug\Exceptions->errorHandler(2, 'Undefined varia...', 'C:\\xampps\\htdoc...', 52)
#1 C:\xampps\htdocs\helpdeskLPC\system\View\View.php(210): include('C:\\xampps\\htdoc...')
#2 C:\xampps\htdocs\helpdeskLPC\system\View\View.php(213): CodeIgniter\View\View->CodeIgniter\View\{closure}()
#3 C:\xampps\htdocs\helpdeskLPC\system\Common.php(1089): CodeIgniter\View\View->render('ticket/index', Array, true)
#4 C:\xampps\htdocs\helpdeskLPC\system\Helpers\sn_helper.php(7): view('ticket/index', Array)
#5 C:\xampps\htdocs\helpdeskLPC\app\Controllers\Ticket.php(274): tampilan('ticket/index', Array)
#6 C:\xampps\htdocs\helpdeskLPC\system\CodeIgniter.php(825): App\Controllers\Ticket->ubah()
#7 C:\xampps\htdocs\helpdeskLPC\system\CodeIgniter.php(412): CodeIgniter\CodeIgniter->runController(Object(App\Controllers\Ticket))
#8 C:\xampps\htdocs\helpdeskLPC\system\CodeIgniter.php(320): CodeIgniter\CodeIgniter->handleRequest(NULL, Object(Config\Cache), false)
#9 C:\xampps\htdocs\helpdeskLPC\public\index.php(37): CodeIgniter\CodeIgniter->run()
#10 C:\xampps\htdocs\helpdeskLPC\system\Commands\Server\rewrite.php(43): require_once('C:\\xampps\\htdoc...')
#11 {main}
CRITICAL - 2022-02-04 02:56:43 --> Undefined variable $pager
#0 C:\xampps\htdocs\helpdeskLPC\app\Views\Ticket\index.php(52): CodeIgniter\Debug\Exceptions->errorHandler(2, 'Undefined varia...', 'C:\\xampps\\htdoc...', 52)
#1 C:\xampps\htdocs\helpdeskLPC\system\View\View.php(210): include('C:\\xampps\\htdoc...')
#2 C:\xampps\htdocs\helpdeskLPC\system\View\View.php(213): CodeIgniter\View\View->CodeIgniter\View\{closure}()
#3 C:\xampps\htdocs\helpdeskLPC\system\Common.php(1089): CodeIgniter\View\View->render('ticket/index', Array, true)
#4 C:\xampps\htdocs\helpdeskLPC\system\Helpers\sn_helper.php(7): view('ticket/index', Array)
#5 C:\xampps\htdocs\helpdeskLPC\app\Controllers\Ticket.php(274): tampilan('ticket/index', Array)
#6 C:\xampps\htdocs\helpdeskLPC\system\CodeIgniter.php(825): App\Controllers\Ticket->ubah()
#7 C:\xampps\htdocs\helpdeskLPC\system\CodeIgniter.php(412): CodeIgniter\CodeIgniter->runController(Object(App\Controllers\Ticket))
#8 C:\xampps\htdocs\helpdeskLPC\system\CodeIgniter.php(320): CodeIgniter\CodeIgniter->handleRequest(NULL, Object(Config\Cache), false)
#9 C:\xampps\htdocs\helpdeskLPC\public\index.php(37): CodeIgniter\CodeIgniter->run()
#10 C:\xampps\htdocs\helpdeskLPC\system\Commands\Server\rewrite.php(43): require_once('C:\\xampps\\htdoc...')
#11 {main}
