CRITICAL - 2022-06-23 12:46:26 --> Undefined variable $riw
#0 C:\xampps\htdocs\helpdeskLPC11\app\Views\Ticket\index.php(216): CodeIgniter\Debug\Exceptions->errorHandler(2, 'Undefined varia...', 'C:\\xampps\\htdoc...', 216)
#1 C:\xampps\htdocs\helpdeskLPC11\system\View\View.php(210): include('C:\\xampps\\htdoc...')
#2 C:\xampps\htdocs\helpdeskLPC11\system\View\View.php(213): CodeIgniter\View\View->CodeIgniter\View\{closure}()
#3 C:\xampps\htdocs\helpdeskLPC11\system\Common.php(1089): CodeIgniter\View\View->render('ticket/index', Array, true)
#4 C:\xampps\htdocs\helpdeskLPC11\system\Helpers\sn_helper.php(7): view('ticket/index', Array)
#5 C:\xampps\htdocs\helpdeskLPC11\app\Controllers\Ticket.php(59): tampilan('ticket/index', Array)
#6 C:\xampps\htdocs\helpdeskLPC11\system\CodeIgniter.php(825): App\Controllers\Ticket->index()
#7 C:\xampps\htdocs\helpdeskLPC11\system\CodeIgniter.php(412): CodeIgniter\CodeIgniter->runController(Object(App\Controllers\Ticket))
#8 C:\xampps\htdocs\helpdeskLPC11\system\CodeIgniter.php(320): CodeIgniter\CodeIgniter->handleRequest(NULL, Object(Config\Cache), false)
#9 C:\xampps\htdocs\helpdeskLPC11\public\index.php(37): CodeIgniter\CodeIgniter->run()
#10 C:\xampps\htdocs\helpdeskLPC11\system\Commands\Server\rewrite.php(43): require_once('C:\\xampps\\htdoc...')
#11 {main}
CRITICAL - 2022-06-23 17:31:59 --> Undefined variable $nameImage
#0 C:\xampps\htdocs\helpdeskLPC11\app\Controllers\Ticket.php(316): CodeIgniter\Debug\Exceptions->errorHandler(2, 'Undefined varia...', 'C:\\xampps\\htdoc...', 316)
#1 C:\xampps\htdocs\helpdeskLPC11\system\CodeIgniter.php(825): App\Controllers\Ticket->ubah()
#2 C:\xampps\htdocs\helpdeskLPC11\system\CodeIgniter.php(412): CodeIgniter\CodeIgniter->runController(Object(App\Controllers\Ticket))
#3 C:\xampps\htdocs\helpdeskLPC11\system\CodeIgniter.php(320): CodeIgniter\CodeIgniter->handleRequest(NULL, Object(Config\Cache), false)
#4 C:\xampps\htdocs\helpdeskLPC11\public\index.php(37): CodeIgniter\CodeIgniter->run()
#5 C:\xampps\htdocs\helpdeskLPC11\system\Commands\Server\rewrite.php(43): require_once('C:\\xampps\\htdoc...')
#6 {main}
CRITICAL - 2022-06-23 17:32:07 --> Undefined variable $nameImage
#0 C:\xampps\htdocs\helpdeskLPC11\app\Controllers\Ticket.php(316): CodeIgniter\Debug\Exceptions->errorHandler(2, 'Undefined varia...', 'C:\\xampps\\htdoc...', 316)
#1 C:\xampps\htdocs\helpdeskLPC11\system\CodeIgniter.php(825): App\Controllers\Ticket->ubah()
#2 C:\xampps\htdocs\helpdeskLPC11\system\CodeIgniter.php(412): CodeIgniter\CodeIgniter->runController(Object(App\Controllers\Ticket))
#3 C:\xampps\htdocs\helpdeskLPC11\system\CodeIgniter.php(320): CodeIgniter\CodeIgniter->handleRequest(NULL, Object(Config\Cache), false)
#4 C:\xampps\htdocs\helpdeskLPC11\public\index.php(37): CodeIgniter\CodeIgniter->run()
#5 C:\xampps\htdocs\helpdeskLPC11\system\Commands\Server\rewrite.php(43): require_once('C:\\xampps\\htdoc...')
#6 {main}
CRITICAL - 2022-06-23 17:32:30 --> Undefined variable $nameImage
#0 C:\xampps\htdocs\helpdeskLPC11\app\Controllers\Ticket.php(316): CodeIgniter\Debug\Exceptions->errorHandler(2, 'Undefined varia...', 'C:\\xampps\\htdoc...', 316)
#1 C:\xampps\htdocs\helpdeskLPC11\system\CodeIgniter.php(825): App\Controllers\Ticket->ubah()
#2 C:\xampps\htdocs\helpdeskLPC11\system\CodeIgniter.php(412): CodeIgniter\CodeIgniter->runController(Object(App\Controllers\Ticket))
#3 C:\xampps\htdocs\helpdeskLPC11\system\CodeIgniter.php(320): CodeIgniter\CodeIgniter->handleRequest(NULL, Object(Config\Cache), false)
#4 C:\xampps\htdocs\helpdeskLPC11\public\index.php(37): CodeIgniter\CodeIgniter->run()
#5 C:\xampps\htdocs\helpdeskLPC11\system\Commands\Server\rewrite.php(43): require_once('C:\\xampps\\htdoc...')
#6 {main}
CRITICAL - 2022-06-23 17:37:30 --> Undefined variable $nameImage
#0 C:\xampps\htdocs\helpdeskLPC11\app\Controllers\Ticket.php(316): CodeIgniter\Debug\Exceptions->errorHandler(2, 'Undefined varia...', 'C:\\xampps\\htdoc...', 316)
#1 C:\xampps\htdocs\helpdeskLPC11\system\CodeIgniter.php(825): App\Controllers\Ticket->ubah()
#2 C:\xampps\htdocs\helpdeskLPC11\system\CodeIgniter.php(412): CodeIgniter\CodeIgniter->runController(Object(App\Controllers\Ticket))
#3 C:\xampps\htdocs\helpdeskLPC11\system\CodeIgniter.php(320): CodeIgniter\CodeIgniter->handleRequest(NULL, Object(Config\Cache), false)
#4 C:\xampps\htdocs\helpdeskLPC11\public\index.php(37): CodeIgniter\CodeIgniter->run()
#5 C:\xampps\htdocs\helpdeskLPC11\system\Commands\Server\rewrite.php(43): require_once('C:\\xampps\\htdoc...')
#6 {main}
CRITICAL - 2022-06-23 17:38:19 --> Undefined variable $nameImage
#0 C:\xampps\htdocs\helpdeskLPC11\app\Controllers\Ticket.php(316): CodeIgniter\Debug\Exceptions->errorHandler(2, 'Undefined varia...', 'C:\\xampps\\htdoc...', 316)
#1 C:\xampps\htdocs\helpdeskLPC11\system\CodeIgniter.php(825): App\Controllers\Ticket->ubah()
#2 C:\xampps\htdocs\helpdeskLPC11\system\CodeIgniter.php(412): CodeIgniter\CodeIgniter->runController(Object(App\Controllers\Ticket))
#3 C:\xampps\htdocs\helpdeskLPC11\system\CodeIgniter.php(320): CodeIgniter\CodeIgniter->handleRequest(NULL, Object(Config\Cache), false)
#4 C:\xampps\htdocs\helpdeskLPC11\public\index.php(37): CodeIgniter\CodeIgniter->run()
#5 C:\xampps\htdocs\helpdeskLPC11\system\Commands\Server\rewrite.php(43): require_once('C:\\xampps\\htdoc...')
#6 {main}
CRITICAL - 2022-06-23 17:38:31 --> Undefined variable $nameImage
#0 C:\xampps\htdocs\helpdeskLPC11\app\Controllers\Ticket.php(316): CodeIgniter\Debug\Exceptions->errorHandler(2, 'Undefined varia...', 'C:\\xampps\\htdoc...', 316)
#1 C:\xampps\htdocs\helpdeskLPC11\system\CodeIgniter.php(825): App\Controllers\Ticket->ubah()
#2 C:\xampps\htdocs\helpdeskLPC11\system\CodeIgniter.php(412): CodeIgniter\CodeIgniter->runController(Object(App\Controllers\Ticket))
#3 C:\xampps\htdocs\helpdeskLPC11\system\CodeIgniter.php(320): CodeIgniter\CodeIgniter->handleRequest(NULL, Object(Config\Cache), false)
#4 C:\xampps\htdocs\helpdeskLPC11\public\index.php(37): CodeIgniter\CodeIgniter->run()
#5 C:\xampps\htdocs\helpdeskLPC11\system\Commands\Server\rewrite.php(43): require_once('C:\\xampps\\htdoc...')
#6 {main}
CRITICAL - 2022-06-23 17:56:53 --> Undefined variable $nameImage
#0 C:\xampps\htdocs\helpdeskLPC11\app\Controllers\Ticket.php(316): CodeIgniter\Debug\Exceptions->errorHandler(2, 'Undefined varia...', 'C:\\xampps\\htdoc...', 316)
#1 C:\xampps\htdocs\helpdeskLPC11\system\CodeIgniter.php(825): App\Controllers\Ticket->ubah()
#2 C:\xampps\htdocs\helpdeskLPC11\system\CodeIgniter.php(412): CodeIgniter\CodeIgniter->runController(Object(App\Controllers\Ticket))
#3 C:\xampps\htdocs\helpdeskLPC11\system\CodeIgniter.php(320): CodeIgniter\CodeIgniter->handleRequest(NULL, Object(Config\Cache), false)
#4 C:\xampps\htdocs\helpdeskLPC11\public\index.php(37): CodeIgniter\CodeIgniter->run()
#5 C:\xampps\htdocs\helpdeskLPC11\system\Commands\Server\rewrite.php(43): require_once('C:\\xampps\\htdoc...')
#6 {main}
