CRITICAL - 2022-02-08 01:27:57 --> Undefined variable $l
#0 C:\xampps\htdocs\helpdeskLPC\app\Views\Ticket\index.php(134): CodeIgniter\Debug\Exceptions->errorHandler(2, 'Undefined varia...', 'C:\\xampps\\htdoc...', 134)
#1 C:\xampps\htdocs\helpdeskLPC\system\View\View.php(210): include('C:\\xampps\\htdoc...')
#2 C:\xampps\htdocs\helpdeskLPC\system\View\View.php(213): CodeIgniter\View\View->CodeIgniter\View\{closure}()
#3 C:\xampps\htdocs\helpdeskLPC\system\Common.php(1089): CodeIgniter\View\View->render('ticket/index', Array, true)
#4 C:\xampps\htdocs\helpdeskLPC\system\Helpers\sn_helper.php(7): view('ticket/index', Array)
#5 C:\xampps\htdocs\helpdeskLPC\app\Controllers\Ticket.php(44): tampilan('ticket/index', Array)
#6 C:\xampps\htdocs\helpdeskLPC\system\CodeIgniter.php(825): App\Controllers\Ticket->index()
#7 C:\xampps\htdocs\helpdeskLPC\system\CodeIgniter.php(412): CodeIgniter\CodeIgniter->runController(Object(App\Controllers\Ticket))
#8 C:\xampps\htdocs\helpdeskLPC\system\CodeIgniter.php(320): CodeIgniter\CodeIgniter->handleRequest(NULL, Object(Config\Cache), false)
#9 C:\xampps\htdocs\helpdeskLPC\public\index.php(37): CodeIgniter\CodeIgniter->run()
#10 C:\xampps\htdocs\helpdeskLPC\system\Commands\Server\rewrite.php(43): require_once('C:\\xampps\\htdoc...')
#11 {main}
CRITICAL - 2022-02-08 01:28:41 --> Undefined variable $l
#0 C:\xampps\htdocs\helpdeskLPC\app\Views\Ticket\index.php(133): CodeIgniter\Debug\Exceptions->errorHandler(2, 'Undefined varia...', 'C:\\xampps\\htdoc...', 133)
#1 C:\xampps\htdocs\helpdeskLPC\system\View\View.php(210): include('C:\\xampps\\htdoc...')
#2 C:\xampps\htdocs\helpdeskLPC\system\View\View.php(213): CodeIgniter\View\View->CodeIgniter\View\{closure}()
#3 C:\xampps\htdocs\helpdeskLPC\system\Common.php(1089): CodeIgniter\View\View->render('ticket/index', Array, true)
#4 C:\xampps\htdocs\helpdeskLPC\system\Helpers\sn_helper.php(7): view('ticket/index', Array)
#5 C:\xampps\htdocs\helpdeskLPC\app\Controllers\Ticket.php(44): tampilan('ticket/index', Array)
#6 C:\xampps\htdocs\helpdeskLPC\system\CodeIgniter.php(825): App\Controllers\Ticket->index()
#7 C:\xampps\htdocs\helpdeskLPC\system\CodeIgniter.php(412): CodeIgniter\CodeIgniter->runController(Object(App\Controllers\Ticket))
#8 C:\xampps\htdocs\helpdeskLPC\system\CodeIgniter.php(320): CodeIgniter\CodeIgniter->handleRequest(NULL, Object(Config\Cache), false)
#9 C:\xampps\htdocs\helpdeskLPC\public\index.php(37): CodeIgniter\CodeIgniter->run()
#10 C:\xampps\htdocs\helpdeskLPC\system\Commands\Server\rewrite.php(43): require_once('C:\\xampps\\htdoc...')
#11 {main}
CRITICAL - 2022-02-08 01:29:35 --> Undefined variable $l
#0 C:\xampps\htdocs\helpdeskLPC\app\Views\Ticket\index.php(134): CodeIgniter\Debug\Exceptions->errorHandler(2, 'Undefined varia...', 'C:\\xampps\\htdoc...', 134)
#1 C:\xampps\htdocs\helpdeskLPC\system\View\View.php(210): include('C:\\xampps\\htdoc...')
#2 C:\xampps\htdocs\helpdeskLPC\system\View\View.php(213): CodeIgniter\View\View->CodeIgniter\View\{closure}()
#3 C:\xampps\htdocs\helpdeskLPC\system\Common.php(1089): CodeIgniter\View\View->render('ticket/index', Array, true)
#4 C:\xampps\htdocs\helpdeskLPC\system\Helpers\sn_helper.php(7): view('ticket/index', Array)
#5 C:\xampps\htdocs\helpdeskLPC\app\Controllers\Ticket.php(44): tampilan('ticket/index', Array)
#6 C:\xampps\htdocs\helpdeskLPC\system\CodeIgniter.php(825): App\Controllers\Ticket->index()
#7 C:\xampps\htdocs\helpdeskLPC\system\CodeIgniter.php(412): CodeIgniter\CodeIgniter->runController(Object(App\Controllers\Ticket))
#8 C:\xampps\htdocs\helpdeskLPC\system\CodeIgniter.php(320): CodeIgniter\CodeIgniter->handleRequest(NULL, Object(Config\Cache), false)
#9 C:\xampps\htdocs\helpdeskLPC\public\index.php(37): CodeIgniter\CodeIgniter->run()
#10 C:\xampps\htdocs\helpdeskLPC\system\Commands\Server\rewrite.php(43): require_once('C:\\xampps\\htdoc...')
#11 {main}
CRITICAL - 2022-02-08 01:29:37 --> Undefined variable $l
#0 C:\xampps\htdocs\helpdeskLPC\app\Views\Ticket\index.php(134): CodeIgniter\Debug\Exceptions->errorHandler(2, 'Undefined varia...', 'C:\\xampps\\htdoc...', 134)
#1 C:\xampps\htdocs\helpdeskLPC\system\View\View.php(210): include('C:\\xampps\\htdoc...')
#2 C:\xampps\htdocs\helpdeskLPC\system\View\View.php(213): CodeIgniter\View\View->CodeIgniter\View\{closure}()
#3 C:\xampps\htdocs\helpdeskLPC\system\Common.php(1089): CodeIgniter\View\View->render('ticket/index', Array, true)
#4 C:\xampps\htdocs\helpdeskLPC\system\Helpers\sn_helper.php(7): view('ticket/index', Array)
#5 C:\xampps\htdocs\helpdeskLPC\app\Controllers\Ticket.php(44): tampilan('ticket/index', Array)
#6 C:\xampps\htdocs\helpdeskLPC\system\CodeIgniter.php(825): App\Controllers\Ticket->index()
#7 C:\xampps\htdocs\helpdeskLPC\system\CodeIgniter.php(412): CodeIgniter\CodeIgniter->runController(Object(App\Controllers\Ticket))
#8 C:\xampps\htdocs\helpdeskLPC\system\CodeIgniter.php(320): CodeIgniter\CodeIgniter->handleRequest(NULL, Object(Config\Cache), false)
#9 C:\xampps\htdocs\helpdeskLPC\public\index.php(37): CodeIgniter\CodeIgniter->run()
#10 C:\xampps\htdocs\helpdeskLPC\system\Commands\Server\rewrite.php(43): require_once('C:\\xampps\\htdoc...')
#11 {main}
CRITICAL - 2022-02-08 01:29:38 --> Undefined variable $l
#0 C:\xampps\htdocs\helpdeskLPC\app\Views\Ticket\index.php(134): CodeIgniter\Debug\Exceptions->errorHandler(2, 'Undefined varia...', 'C:\\xampps\\htdoc...', 134)
#1 C:\xampps\htdocs\helpdeskLPC\system\View\View.php(210): include('C:\\xampps\\htdoc...')
#2 C:\xampps\htdocs\helpdeskLPC\system\View\View.php(213): CodeIgniter\View\View->CodeIgniter\View\{closure}()
#3 C:\xampps\htdocs\helpdeskLPC\system\Common.php(1089): CodeIgniter\View\View->render('ticket/index', Array, true)
#4 C:\xampps\htdocs\helpdeskLPC\system\Helpers\sn_helper.php(7): view('ticket/index', Array)
#5 C:\xampps\htdocs\helpdeskLPC\app\Controllers\Ticket.php(44): tampilan('ticket/index', Array)
#6 C:\xampps\htdocs\helpdeskLPC\system\CodeIgniter.php(825): App\Controllers\Ticket->index()
#7 C:\xampps\htdocs\helpdeskLPC\system\CodeIgniter.php(412): CodeIgniter\CodeIgniter->runController(Object(App\Controllers\Ticket))
#8 C:\xampps\htdocs\helpdeskLPC\system\CodeIgniter.php(320): CodeIgniter\CodeIgniter->handleRequest(NULL, Object(Config\Cache), false)
#9 C:\xampps\htdocs\helpdeskLPC\public\index.php(37): CodeIgniter\CodeIgniter->run()
#10 C:\xampps\htdocs\helpdeskLPC\system\Commands\Server\rewrite.php(43): require_once('C:\\xampps\\htdoc...')
#11 {main}
CRITICAL - 2022-02-08 01:29:39 --> Undefined variable $l
#0 C:\xampps\htdocs\helpdeskLPC\app\Views\Ticket\index.php(134): CodeIgniter\Debug\Exceptions->errorHandler(2, 'Undefined varia...', 'C:\\xampps\\htdoc...', 134)
#1 C:\xampps\htdocs\helpdeskLPC\system\View\View.php(210): include('C:\\xampps\\htdoc...')
#2 C:\xampps\htdocs\helpdeskLPC\system\View\View.php(213): CodeIgniter\View\View->CodeIgniter\View\{closure}()
#3 C:\xampps\htdocs\helpdeskLPC\system\Common.php(1089): CodeIgniter\View\View->render('ticket/index', Array, true)
#4 C:\xampps\htdocs\helpdeskLPC\system\Helpers\sn_helper.php(7): view('ticket/index', Array)
#5 C:\xampps\htdocs\helpdeskLPC\app\Controllers\Ticket.php(44): tampilan('ticket/index', Array)
#6 C:\xampps\htdocs\helpdeskLPC\system\CodeIgniter.php(825): App\Controllers\Ticket->index()
#7 C:\xampps\htdocs\helpdeskLPC\system\CodeIgniter.php(412): CodeIgniter\CodeIgniter->runController(Object(App\Controllers\Ticket))
#8 C:\xampps\htdocs\helpdeskLPC\system\CodeIgniter.php(320): CodeIgniter\CodeIgniter->handleRequest(NULL, Object(Config\Cache), false)
#9 C:\xampps\htdocs\helpdeskLPC\public\index.php(37): CodeIgniter\CodeIgniter->run()
#10 C:\xampps\htdocs\helpdeskLPC\system\Commands\Server\rewrite.php(43): require_once('C:\\xampps\\htdoc...')
#11 {main}
CRITICAL - 2022-02-08 02:07:22 --> Undefined array key "status_ticket"
#0 C:\xampps\htdocs\helpdeskLPC\app\Views\Ticket\index.php(91): CodeIgniter\Debug\Exceptions->errorHandler(2, 'Undefined array...', 'C:\\xampps\\htdoc...', 91)
#1 C:\xampps\htdocs\helpdeskLPC\system\View\View.php(210): include('C:\\xampps\\htdoc...')
#2 C:\xampps\htdocs\helpdeskLPC\system\View\View.php(213): CodeIgniter\View\View->CodeIgniter\View\{closure}()
#3 C:\xampps\htdocs\helpdeskLPC\system\Common.php(1089): CodeIgniter\View\View->render('ticket/index', Array, true)
#4 C:\xampps\htdocs\helpdeskLPC\system\Helpers\sn_helper.php(7): view('ticket/index', Array)
#5 C:\xampps\htdocs\helpdeskLPC\app\Controllers\Ticket.php(44): tampilan('ticket/index', Array)
#6 C:\xampps\htdocs\helpdeskLPC\system\CodeIgniter.php(825): App\Controllers\Ticket->index()
#7 C:\xampps\htdocs\helpdeskLPC\system\CodeIgniter.php(412): CodeIgniter\CodeIgniter->runController(Object(App\Controllers\Ticket))
#8 C:\xampps\htdocs\helpdeskLPC\system\CodeIgniter.php(320): CodeIgniter\CodeIgniter->handleRequest(NULL, Object(Config\Cache), false)
#9 C:\xampps\htdocs\helpdeskLPC\public\index.php(37): CodeIgniter\CodeIgniter->run()
#10 C:\xampps\htdocs\helpdeskLPC\system\Commands\Server\rewrite.php(43): require_once('C:\\xampps\\htdoc...')
#11 {main}
CRITICAL - 2022-02-08 02:12:27 --> Attempt to read property "status_ticket" on array
#0 C:\xampps\htdocs\helpdeskLPC\app\Views\Ticket\index.php(241): CodeIgniter\Debug\Exceptions->errorHandler(2, 'Attempt to read...', 'C:\\xampps\\htdoc...', 241)
#1 C:\xampps\htdocs\helpdeskLPC\system\View\View.php(210): include('C:\\xampps\\htdoc...')
#2 C:\xampps\htdocs\helpdeskLPC\system\View\View.php(213): CodeIgniter\View\View->CodeIgniter\View\{closure}()
#3 C:\xampps\htdocs\helpdeskLPC\system\Common.php(1089): CodeIgniter\View\View->render('ticket/index', Array, true)
#4 C:\xampps\htdocs\helpdeskLPC\system\Helpers\sn_helper.php(7): view('ticket/index', Array)
#5 C:\xampps\htdocs\helpdeskLPC\app\Controllers\Ticket.php(44): tampilan('ticket/index', Array)
#6 C:\xampps\htdocs\helpdeskLPC\system\CodeIgniter.php(825): App\Controllers\Ticket->index()
#7 C:\xampps\htdocs\helpdeskLPC\system\CodeIgniter.php(412): CodeIgniter\CodeIgniter->runController(Object(App\Controllers\Ticket))
#8 C:\xampps\htdocs\helpdeskLPC\system\CodeIgniter.php(320): CodeIgniter\CodeIgniter->handleRequest(NULL, Object(Config\Cache), false)
#9 C:\xampps\htdocs\helpdeskLPC\public\index.php(37): CodeIgniter\CodeIgniter->run()
#10 C:\xampps\htdocs\helpdeskLPC\system\Commands\Server\rewrite.php(43): require_once('C:\\xampps\\htdoc...')
#11 {main}
CRITICAL - 2022-02-08 02:12:54 --> Attempt to read property "status_ticket" on array
#0 C:\xampps\htdocs\helpdeskLPC\app\Views\Ticket\index.php(241): CodeIgniter\Debug\Exceptions->errorHandler(2, 'Attempt to read...', 'C:\\xampps\\htdoc...', 241)
#1 C:\xampps\htdocs\helpdeskLPC\system\View\View.php(210): include('C:\\xampps\\htdoc...')
#2 C:\xampps\htdocs\helpdeskLPC\system\View\View.php(213): CodeIgniter\View\View->CodeIgniter\View\{closure}()
#3 C:\xampps\htdocs\helpdeskLPC\system\Common.php(1089): CodeIgniter\View\View->render('ticket/index', Array, true)
#4 C:\xampps\htdocs\helpdeskLPC\system\Helpers\sn_helper.php(7): view('ticket/index', Array)
#5 C:\xampps\htdocs\helpdeskLPC\app\Controllers\Ticket.php(44): tampilan('ticket/index', Array)
#6 C:\xampps\htdocs\helpdeskLPC\system\CodeIgniter.php(825): App\Controllers\Ticket->index()
#7 C:\xampps\htdocs\helpdeskLPC\system\CodeIgniter.php(412): CodeIgniter\CodeIgniter->runController(Object(App\Controllers\Ticket))
#8 C:\xampps\htdocs\helpdeskLPC\system\CodeIgniter.php(320): CodeIgniter\CodeIgniter->handleRequest(NULL, Object(Config\Cache), false)
#9 C:\xampps\htdocs\helpdeskLPC\public\index.php(37): CodeIgniter\CodeIgniter->run()
#10 C:\xampps\htdocs\helpdeskLPC\system\Commands\Server\rewrite.php(43): require_once('C:\\xampps\\htdoc...')
#11 {main}
CRITICAL - 2022-02-08 02:12:56 --> Attempt to read property "status_ticket" on array
#0 C:\xampps\htdocs\helpdeskLPC\app\Views\Ticket\index.php(241): CodeIgniter\Debug\Exceptions->errorHandler(2, 'Attempt to read...', 'C:\\xampps\\htdoc...', 241)
#1 C:\xampps\htdocs\helpdeskLPC\system\View\View.php(210): include('C:\\xampps\\htdoc...')
#2 C:\xampps\htdocs\helpdeskLPC\system\View\View.php(213): CodeIgniter\View\View->CodeIgniter\View\{closure}()
#3 C:\xampps\htdocs\helpdeskLPC\system\Common.php(1089): CodeIgniter\View\View->render('ticket/index', Array, true)
#4 C:\xampps\htdocs\helpdeskLPC\system\Helpers\sn_helper.php(7): view('ticket/index', Array)
#5 C:\xampps\htdocs\helpdeskLPC\app\Controllers\Ticket.php(44): tampilan('ticket/index', Array)
#6 C:\xampps\htdocs\helpdeskLPC\system\CodeIgniter.php(825): App\Controllers\Ticket->index()
#7 C:\xampps\htdocs\helpdeskLPC\system\CodeIgniter.php(412): CodeIgniter\CodeIgniter->runController(Object(App\Controllers\Ticket))
#8 C:\xampps\htdocs\helpdeskLPC\system\CodeIgniter.php(320): CodeIgniter\CodeIgniter->handleRequest(NULL, Object(Config\Cache), false)
#9 C:\xampps\htdocs\helpdeskLPC\public\index.php(37): CodeIgniter\CodeIgniter->run()
#10 C:\xampps\htdocs\helpdeskLPC\system\Commands\Server\rewrite.php(43): require_once('C:\\xampps\\htdoc...')
#11 {main}
CRITICAL - 2022-02-08 02:13:46 --> Attempt to read property "status_ticket" on array
#0 C:\xampps\htdocs\helpdeskLPC\app\Views\Ticket\index.php(238): CodeIgniter\Debug\Exceptions->errorHandler(2, 'Attempt to read...', 'C:\\xampps\\htdoc...', 238)
#1 C:\xampps\htdocs\helpdeskLPC\system\View\View.php(210): include('C:\\xampps\\htdoc...')
#2 C:\xampps\htdocs\helpdeskLPC\system\View\View.php(213): CodeIgniter\View\View->CodeIgniter\View\{closure}()
#3 C:\xampps\htdocs\helpdeskLPC\system\Common.php(1089): CodeIgniter\View\View->render('ticket/index', Array, true)
#4 C:\xampps\htdocs\helpdeskLPC\system\Helpers\sn_helper.php(7): view('ticket/index', Array)
#5 C:\xampps\htdocs\helpdeskLPC\app\Controllers\Ticket.php(44): tampilan('ticket/index', Array)
#6 C:\xampps\htdocs\helpdeskLPC\system\CodeIgniter.php(825): App\Controllers\Ticket->index()
#7 C:\xampps\htdocs\helpdeskLPC\system\CodeIgniter.php(412): CodeIgniter\CodeIgniter->runController(Object(App\Controllers\Ticket))
#8 C:\xampps\htdocs\helpdeskLPC\system\CodeIgniter.php(320): CodeIgniter\CodeIgniter->handleRequest(NULL, Object(Config\Cache), false)
#9 C:\xampps\htdocs\helpdeskLPC\public\index.php(37): CodeIgniter\CodeIgniter->run()
#10 C:\xampps\htdocs\helpdeskLPC\system\Commands\Server\rewrite.php(43): require_once('C:\\xampps\\htdoc...')
#11 {main}
CRITICAL - 2022-02-08 02:13:48 --> Attempt to read property "status_ticket" on array
#0 C:\xampps\htdocs\helpdeskLPC\app\Views\Ticket\index.php(238): CodeIgniter\Debug\Exceptions->errorHandler(2, 'Attempt to read...', 'C:\\xampps\\htdoc...', 238)
#1 C:\xampps\htdocs\helpdeskLPC\system\View\View.php(210): include('C:\\xampps\\htdoc...')
#2 C:\xampps\htdocs\helpdeskLPC\system\View\View.php(213): CodeIgniter\View\View->CodeIgniter\View\{closure}()
#3 C:\xampps\htdocs\helpdeskLPC\system\Common.php(1089): CodeIgniter\View\View->render('ticket/index', Array, true)
#4 C:\xampps\htdocs\helpdeskLPC\system\Helpers\sn_helper.php(7): view('ticket/index', Array)
#5 C:\xampps\htdocs\helpdeskLPC\app\Controllers\Ticket.php(44): tampilan('ticket/index', Array)
#6 C:\xampps\htdocs\helpdeskLPC\system\CodeIgniter.php(825): App\Controllers\Ticket->index()
#7 C:\xampps\htdocs\helpdeskLPC\system\CodeIgniter.php(412): CodeIgniter\CodeIgniter->runController(Object(App\Controllers\Ticket))
#8 C:\xampps\htdocs\helpdeskLPC\system\CodeIgniter.php(320): CodeIgniter\CodeIgniter->handleRequest(NULL, Object(Config\Cache), false)
#9 C:\xampps\htdocs\helpdeskLPC\public\index.php(37): CodeIgniter\CodeIgniter->run()
#10 C:\xampps\htdocs\helpdeskLPC\system\Commands\Server\rewrite.php(43): require_once('C:\\xampps\\htdoc...')
#11 {main}
CRITICAL - 2022-02-08 02:13:49 --> Attempt to read property "status_ticket" on array
#0 C:\xampps\htdocs\helpdeskLPC\app\Views\Ticket\index.php(238): CodeIgniter\Debug\Exceptions->errorHandler(2, 'Attempt to read...', 'C:\\xampps\\htdoc...', 238)
#1 C:\xampps\htdocs\helpdeskLPC\system\View\View.php(210): include('C:\\xampps\\htdoc...')
#2 C:\xampps\htdocs\helpdeskLPC\system\View\View.php(213): CodeIgniter\View\View->CodeIgniter\View\{closure}()
#3 C:\xampps\htdocs\helpdeskLPC\system\Common.php(1089): CodeIgniter\View\View->render('ticket/index', Array, true)
#4 C:\xampps\htdocs\helpdeskLPC\system\Helpers\sn_helper.php(7): view('ticket/index', Array)
#5 C:\xampps\htdocs\helpdeskLPC\app\Controllers\Ticket.php(44): tampilan('ticket/index', Array)
#6 C:\xampps\htdocs\helpdeskLPC\system\CodeIgniter.php(825): App\Controllers\Ticket->index()
#7 C:\xampps\htdocs\helpdeskLPC\system\CodeIgniter.php(412): CodeIgniter\CodeIgniter->runController(Object(App\Controllers\Ticket))
#8 C:\xampps\htdocs\helpdeskLPC\system\CodeIgniter.php(320): CodeIgniter\CodeIgniter->handleRequest(NULL, Object(Config\Cache), false)
#9 C:\xampps\htdocs\helpdeskLPC\public\index.php(37): CodeIgniter\CodeIgniter->run()
#10 C:\xampps\htdocs\helpdeskLPC\system\Commands\Server\rewrite.php(43): require_once('C:\\xampps\\htdoc...')
#11 {main}
CRITICAL - 2022-02-08 02:14:32 --> Attempt to read property "status_ticket" on array
#0 C:\xampps\htdocs\helpdeskLPC\app\Views\Ticket\index.php(238): CodeIgniter\Debug\Exceptions->errorHandler(2, 'Attempt to read...', 'C:\\xampps\\htdoc...', 238)
#1 C:\xampps\htdocs\helpdeskLPC\system\View\View.php(210): include('C:\\xampps\\htdoc...')
#2 C:\xampps\htdocs\helpdeskLPC\system\View\View.php(213): CodeIgniter\View\View->CodeIgniter\View\{closure}()
#3 C:\xampps\htdocs\helpdeskLPC\system\Common.php(1089): CodeIgniter\View\View->render('ticket/index', Array, true)
#4 C:\xampps\htdocs\helpdeskLPC\system\Helpers\sn_helper.php(7): view('ticket/index', Array)
#5 C:\xampps\htdocs\helpdeskLPC\app\Controllers\Ticket.php(44): tampilan('ticket/index', Array)
#6 C:\xampps\htdocs\helpdeskLPC\system\CodeIgniter.php(825): App\Controllers\Ticket->index()
#7 C:\xampps\htdocs\helpdeskLPC\system\CodeIgniter.php(412): CodeIgniter\CodeIgniter->runController(Object(App\Controllers\Ticket))
#8 C:\xampps\htdocs\helpdeskLPC\system\CodeIgniter.php(320): CodeIgniter\CodeIgniter->handleRequest(NULL, Object(Config\Cache), false)
#9 C:\xampps\htdocs\helpdeskLPC\public\index.php(37): CodeIgniter\CodeIgniter->run()
#10 C:\xampps\htdocs\helpdeskLPC\system\Commands\Server\rewrite.php(43): require_once('C:\\xampps\\htdoc...')
#11 {main}
CRITICAL - 2022-02-08 02:14:34 --> Attempt to read property "status_ticket" on array
#0 C:\xampps\htdocs\helpdeskLPC\app\Views\Ticket\index.php(238): CodeIgniter\Debug\Exceptions->errorHandler(2, 'Attempt to read...', 'C:\\xampps\\htdoc...', 238)
#1 C:\xampps\htdocs\helpdeskLPC\system\View\View.php(210): include('C:\\xampps\\htdoc...')
#2 C:\xampps\htdocs\helpdeskLPC\system\View\View.php(213): CodeIgniter\View\View->CodeIgniter\View\{closure}()
#3 C:\xampps\htdocs\helpdeskLPC\system\Common.php(1089): CodeIgniter\View\View->render('ticket/index', Array, true)
#4 C:\xampps\htdocs\helpdeskLPC\system\Helpers\sn_helper.php(7): view('ticket/index', Array)
#5 C:\xampps\htdocs\helpdeskLPC\app\Controllers\Ticket.php(44): tampilan('ticket/index', Array)
#6 C:\xampps\htdocs\helpdeskLPC\system\CodeIgniter.php(825): App\Controllers\Ticket->index()
#7 C:\xampps\htdocs\helpdeskLPC\system\CodeIgniter.php(412): CodeIgniter\CodeIgniter->runController(Object(App\Controllers\Ticket))
#8 C:\xampps\htdocs\helpdeskLPC\system\CodeIgniter.php(320): CodeIgniter\CodeIgniter->handleRequest(NULL, Object(Config\Cache), false)
#9 C:\xampps\htdocs\helpdeskLPC\public\index.php(37): CodeIgniter\CodeIgniter->run()
#10 C:\xampps\htdocs\helpdeskLPC\system\Commands\Server\rewrite.php(43): require_once('C:\\xampps\\htdoc...')
#11 {main}
CRITICAL - 2022-02-08 02:43:34 --> Undefined variable $value
#0 C:\xampps\htdocs\helpdeskLPC\app\Views\Ticket\index.php(157): CodeIgniter\Debug\Exceptions->errorHandler(2, 'Undefined varia...', 'C:\\xampps\\htdoc...', 157)
#1 C:\xampps\htdocs\helpdeskLPC\system\View\View.php(210): include('C:\\xampps\\htdoc...')
#2 C:\xampps\htdocs\helpdeskLPC\system\View\View.php(213): CodeIgniter\View\View->CodeIgniter\View\{closure}()
#3 C:\xampps\htdocs\helpdeskLPC\system\Common.php(1089): CodeIgniter\View\View->render('ticket/index', Array, true)
#4 C:\xampps\htdocs\helpdeskLPC\system\Helpers\sn_helper.php(7): view('ticket/index', Array)
#5 C:\xampps\htdocs\helpdeskLPC\app\Controllers\Ticket.php(44): tampilan('ticket/index', Array)
#6 C:\xampps\htdocs\helpdeskLPC\system\CodeIgniter.php(825): App\Controllers\Ticket->index()
#7 C:\xampps\htdocs\helpdeskLPC\system\CodeIgniter.php(412): CodeIgniter\CodeIgniter->runController(Object(App\Controllers\Ticket))
#8 C:\xampps\htdocs\helpdeskLPC\system\CodeIgniter.php(320): CodeIgniter\CodeIgniter->handleRequest(NULL, Object(Config\Cache), false)
#9 C:\xampps\htdocs\helpdeskLPC\public\index.php(37): CodeIgniter\CodeIgniter->run()
#10 C:\xampps\htdocs\helpdeskLPC\system\Commands\Server\rewrite.php(43): require_once('C:\\xampps\\htdoc...')
#11 {main}
CRITICAL - 2022-02-08 02:44:10 --> Undefined variable $value
#0 C:\xampps\htdocs\helpdeskLPC\app\Views\Ticket\index.php(156): CodeIgniter\Debug\Exceptions->errorHandler(2, 'Undefined varia...', 'C:\\xampps\\htdoc...', 156)
#1 C:\xampps\htdocs\helpdeskLPC\system\View\View.php(210): include('C:\\xampps\\htdoc...')
#2 C:\xampps\htdocs\helpdeskLPC\system\View\View.php(213): CodeIgniter\View\View->CodeIgniter\View\{closure}()
#3 C:\xampps\htdocs\helpdeskLPC\system\Common.php(1089): CodeIgniter\View\View->render('ticket/index', Array, true)
#4 C:\xampps\htdocs\helpdeskLPC\system\Helpers\sn_helper.php(7): view('ticket/index', Array)
#5 C:\xampps\htdocs\helpdeskLPC\app\Controllers\Ticket.php(44): tampilan('ticket/index', Array)
#6 C:\xampps\htdocs\helpdeskLPC\system\CodeIgniter.php(825): App\Controllers\Ticket->index()
#7 C:\xampps\htdocs\helpdeskLPC\system\CodeIgniter.php(412): CodeIgniter\CodeIgniter->runController(Object(App\Controllers\Ticket))
#8 C:\xampps\htdocs\helpdeskLPC\system\CodeIgniter.php(320): CodeIgniter\CodeIgniter->handleRequest(NULL, Object(Config\Cache), false)
#9 C:\xampps\htdocs\helpdeskLPC\public\index.php(37): CodeIgniter\CodeIgniter->run()
#10 C:\xampps\htdocs\helpdeskLPC\system\Commands\Server\rewrite.php(43): require_once('C:\\xampps\\htdoc...')
#11 {main}
CRITICAL - 2022-02-08 02:44:11 --> Undefined variable $value
#0 C:\xampps\htdocs\helpdeskLPC\app\Views\Ticket\index.php(156): CodeIgniter\Debug\Exceptions->errorHandler(2, 'Undefined varia...', 'C:\\xampps\\htdoc...', 156)
#1 C:\xampps\htdocs\helpdeskLPC\system\View\View.php(210): include('C:\\xampps\\htdoc...')
#2 C:\xampps\htdocs\helpdeskLPC\system\View\View.php(213): CodeIgniter\View\View->CodeIgniter\View\{closure}()
#3 C:\xampps\htdocs\helpdeskLPC\system\Common.php(1089): CodeIgniter\View\View->render('ticket/index', Array, true)
#4 C:\xampps\htdocs\helpdeskLPC\system\Helpers\sn_helper.php(7): view('ticket/index', Array)
#5 C:\xampps\htdocs\helpdeskLPC\app\Controllers\Ticket.php(44): tampilan('ticket/index', Array)
#6 C:\xampps\htdocs\helpdeskLPC\system\CodeIgniter.php(825): App\Controllers\Ticket->index()
#7 C:\xampps\htdocs\helpdeskLPC\system\CodeIgniter.php(412): CodeIgniter\CodeIgniter->runController(Object(App\Controllers\Ticket))
#8 C:\xampps\htdocs\helpdeskLPC\system\CodeIgniter.php(320): CodeIgniter\CodeIgniter->handleRequest(NULL, Object(Config\Cache), false)
#9 C:\xampps\htdocs\helpdeskLPC\public\index.php(37): CodeIgniter\CodeIgniter->run()
#10 C:\xampps\htdocs\helpdeskLPC\system\Commands\Server\rewrite.php(43): require_once('C:\\xampps\\htdoc...')
#11 {main}
ERROR - 2022-02-08 21:26:22 --> Cannot add or update a child row: a foreign key constraint fails (`helpdesk_lpc1`.`users`, CONSTRAINT `users_1` FOREIGN KEY (`id_authgroup`) REFERENCES `auth_groups` (`id`))
ERROR - 2022-02-08 21:26:22 --> Cannot add or update a child row: a foreign key constraint fails (`helpdesk_lpc1`.`auth_groups_users`, CONSTRAINT `auth_groups_users_user_id_foreign` FOREIGN KEY (`user_id`) REFERENCES `users` (`id`) ON DELETE CASCADE)
CRITICAL - 2022-02-08 22:07:21 --> Undefined variable $row
#0 C:\xampps\htdocs\helpdeskLPC\app\Views\admin\index.php(77): CodeIgniter\Debug\Exceptions->errorHandler(2, 'Undefined varia...', 'C:\\xampps\\htdoc...', 77)
#1 C:\xampps\htdocs\helpdeskLPC\system\View\View.php(210): include('C:\\xampps\\htdoc...')
#2 C:\xampps\htdocs\helpdeskLPC\system\View\View.php(213): CodeIgniter\View\View->CodeIgniter\View\{closure}()
#3 C:\xampps\htdocs\helpdeskLPC\system\Common.php(1089): CodeIgniter\View\View->render('admin/index', Array, true)
#4 C:\xampps\htdocs\helpdeskLPC\system\Helpers\sn_helper.php(7): view('admin/index', Array)
#5 C:\xampps\htdocs\helpdeskLPC\app\Controllers\Admin.php(38): tampilan('admin/index', Array)
#6 C:\xampps\htdocs\helpdeskLPC\system\CodeIgniter.php(825): App\Controllers\Admin->index()
#7 C:\xampps\htdocs\helpdeskLPC\system\CodeIgniter.php(412): CodeIgniter\CodeIgniter->runController(Object(App\Controllers\Admin))
#8 C:\xampps\htdocs\helpdeskLPC\system\CodeIgniter.php(320): CodeIgniter\CodeIgniter->handleRequest(NULL, Object(Config\Cache), false)
#9 C:\xampps\htdocs\helpdeskLPC\public\index.php(37): CodeIgniter\CodeIgniter->run()
#10 C:\xampps\htdocs\helpdeskLPC\system\Commands\Server\rewrite.php(43): require_once('C:\\xampps\\htdoc...')
#11 {main}
CRITICAL - 2022-02-08 22:08:16 --> Undefined property: stdClass::$id
#0 C:\xampps\htdocs\helpdeskLPC\app\Views\admin\index.php(77): CodeIgniter\Debug\Exceptions->errorHandler(2, 'Undefined prope...', 'C:\\xampps\\htdoc...', 77)
#1 C:\xampps\htdocs\helpdeskLPC\system\View\View.php(210): include('C:\\xampps\\htdoc...')
#2 C:\xampps\htdocs\helpdeskLPC\system\View\View.php(213): CodeIgniter\View\View->CodeIgniter\View\{closure}()
#3 C:\xampps\htdocs\helpdeskLPC\system\Common.php(1089): CodeIgniter\View\View->render('admin/index', Array, true)
#4 C:\xampps\htdocs\helpdeskLPC\system\Helpers\sn_helper.php(7): view('admin/index', Array)
#5 C:\xampps\htdocs\helpdeskLPC\app\Controllers\Admin.php(38): tampilan('admin/index', Array)
#6 C:\xampps\htdocs\helpdeskLPC\system\CodeIgniter.php(825): App\Controllers\Admin->index()
#7 C:\xampps\htdocs\helpdeskLPC\system\CodeIgniter.php(412): CodeIgniter\CodeIgniter->runController(Object(App\Controllers\Admin))
#8 C:\xampps\htdocs\helpdeskLPC\system\CodeIgniter.php(320): CodeIgniter\CodeIgniter->handleRequest(NULL, Object(Config\Cache), false)
#9 C:\xampps\htdocs\helpdeskLPC\public\index.php(37): CodeIgniter\CodeIgniter->run()
#10 C:\xampps\htdocs\helpdeskLPC\system\Commands\Server\rewrite.php(43): require_once('C:\\xampps\\htdoc...')
#11 {main}
CRITICAL - 2022-02-08 22:08:20 --> Undefined property: stdClass::$id
#0 C:\xampps\htdocs\helpdeskLPC\app\Views\admin\index.php(77): CodeIgniter\Debug\Exceptions->errorHandler(2, 'Undefined prope...', 'C:\\xampps\\htdoc...', 77)
#1 C:\xampps\htdocs\helpdeskLPC\system\View\View.php(210): include('C:\\xampps\\htdoc...')
#2 C:\xampps\htdocs\helpdeskLPC\system\View\View.php(213): CodeIgniter\View\View->CodeIgniter\View\{closure}()
#3 C:\xampps\htdocs\helpdeskLPC\system\Common.php(1089): CodeIgniter\View\View->render('admin/index', Array, true)
#4 C:\xampps\htdocs\helpdeskLPC\system\Helpers\sn_helper.php(7): view('admin/index', Array)
#5 C:\xampps\htdocs\helpdeskLPC\app\Controllers\Admin.php(38): tampilan('admin/index', Array)
#6 C:\xampps\htdocs\helpdeskLPC\system\CodeIgniter.php(825): App\Controllers\Admin->index()
#7 C:\xampps\htdocs\helpdeskLPC\system\CodeIgniter.php(412): CodeIgniter\CodeIgniter->runController(Object(App\Controllers\Admin))
#8 C:\xampps\htdocs\helpdeskLPC\system\CodeIgniter.php(320): CodeIgniter\CodeIgniter->handleRequest(NULL, Object(Config\Cache), false)
#9 C:\xampps\htdocs\helpdeskLPC\public\index.php(37): CodeIgniter\CodeIgniter->run()
#10 C:\xampps\htdocs\helpdeskLPC\system\Commands\Server\rewrite.php(43): require_once('C:\\xampps\\htdoc...')
#11 {main}
CRITICAL - 2022-02-08 22:08:57 --> Undefined property: stdClass::$id
#0 C:\xampps\htdocs\helpdeskLPC\app\Views\admin\index.php(73): CodeIgniter\Debug\Exceptions->errorHandler(2, 'Undefined prope...', 'C:\\xampps\\htdoc...', 73)
#1 C:\xampps\htdocs\helpdeskLPC\system\View\View.php(210): include('C:\\xampps\\htdoc...')
#2 C:\xampps\htdocs\helpdeskLPC\system\View\View.php(213): CodeIgniter\View\View->CodeIgniter\View\{closure}()
#3 C:\xampps\htdocs\helpdeskLPC\system\Common.php(1089): CodeIgniter\View\View->render('admin/index', Array, true)
#4 C:\xampps\htdocs\helpdeskLPC\system\Helpers\sn_helper.php(7): view('admin/index', Array)
#5 C:\xampps\htdocs\helpdeskLPC\app\Controllers\Admin.php(38): tampilan('admin/index', Array)
#6 C:\xampps\htdocs\helpdeskLPC\system\CodeIgniter.php(825): App\Controllers\Admin->index()
#7 C:\xampps\htdocs\helpdeskLPC\system\CodeIgniter.php(412): CodeIgniter\CodeIgniter->runController(Object(App\Controllers\Admin))
#8 C:\xampps\htdocs\helpdeskLPC\system\CodeIgniter.php(320): CodeIgniter\CodeIgniter->handleRequest(NULL, Object(Config\Cache), false)
#9 C:\xampps\htdocs\helpdeskLPC\public\index.php(37): CodeIgniter\CodeIgniter->run()
#10 C:\xampps\htdocs\helpdeskLPC\system\Commands\Server\rewrite.php(43): require_once('C:\\xampps\\htdoc...')
#11 {main}
CRITICAL - 2022-02-08 22:09:53 --> Undefined property: stdClass::$id
#0 C:\xampps\htdocs\helpdeskLPC\app\Views\admin\index.php(73): CodeIgniter\Debug\Exceptions->errorHandler(2, 'Undefined prope...', 'C:\\xampps\\htdoc...', 73)
#1 C:\xampps\htdocs\helpdeskLPC\system\View\View.php(210): include('C:\\xampps\\htdoc...')
#2 C:\xampps\htdocs\helpdeskLPC\system\View\View.php(213): CodeIgniter\View\View->CodeIgniter\View\{closure}()
#3 C:\xampps\htdocs\helpdeskLPC\system\Common.php(1089): CodeIgniter\View\View->render('admin/index', Array, true)
#4 C:\xampps\htdocs\helpdeskLPC\system\Helpers\sn_helper.php(7): view('admin/index', Array)
#5 C:\xampps\htdocs\helpdeskLPC\app\Controllers\Admin.php(38): tampilan('admin/index', Array)
#6 C:\xampps\htdocs\helpdeskLPC\system\CodeIgniter.php(825): App\Controllers\Admin->index()
#7 C:\xampps\htdocs\helpdeskLPC\system\CodeIgniter.php(412): CodeIgniter\CodeIgniter->runController(Object(App\Controllers\Admin))
#8 C:\xampps\htdocs\helpdeskLPC\system\CodeIgniter.php(320): CodeIgniter\CodeIgniter->handleRequest(NULL, Object(Config\Cache), false)
#9 C:\xampps\htdocs\helpdeskLPC\public\index.php(37): CodeIgniter\CodeIgniter->run()
#10 C:\xampps\htdocs\helpdeskLPC\system\Commands\Server\rewrite.php(43): require_once('C:\\xampps\\htdoc...')
#11 {main}
CRITICAL - 2022-02-08 22:10:09 --> Undefined property: App\Controllers\Admin::$model
#0 C:\xampps\htdocs\helpdeskLPC\app\Controllers\Admin.php(149): CodeIgniter\Debug\Exceptions->errorHandler(2, 'Undefined prope...', 'C:\\xampps\\htdoc...', 149)
#1 C:\xampps\htdocs\helpdeskLPC\system\CodeIgniter.php(825): App\Controllers\Admin->hapus('Muslih')
#2 C:\xampps\htdocs\helpdeskLPC\system\CodeIgniter.php(412): CodeIgniter\CodeIgniter->runController(Object(App\Controllers\Admin))
#3 C:\xampps\htdocs\helpdeskLPC\system\CodeIgniter.php(320): CodeIgniter\CodeIgniter->handleRequest(NULL, Object(Config\Cache), false)
#4 C:\xampps\htdocs\helpdeskLPC\public\index.php(37): CodeIgniter\CodeIgniter->run()
#5 C:\xampps\htdocs\helpdeskLPC\system\Commands\Server\rewrite.php(43): require_once('C:\\xampps\\htdoc...')
#6 {main}
CRITICAL - 2022-02-08 22:11:01 --> Undefined property: App\Controllers\Admin::$model
#0 C:\xampps\htdocs\helpdeskLPC\app\Controllers\Admin.php(149): CodeIgniter\Debug\Exceptions->errorHandler(2, 'Undefined prope...', 'C:\\xampps\\htdoc...', 149)
#1 C:\xampps\htdocs\helpdeskLPC\system\CodeIgniter.php(825): App\Controllers\Admin->hapus('Muslih')
#2 C:\xampps\htdocs\helpdeskLPC\system\CodeIgniter.php(412): CodeIgniter\CodeIgniter->runController(Object(App\Controllers\Admin))
#3 C:\xampps\htdocs\helpdeskLPC\system\CodeIgniter.php(320): CodeIgniter\CodeIgniter->handleRequest(NULL, Object(Config\Cache), false)
#4 C:\xampps\htdocs\helpdeskLPC\public\index.php(37): CodeIgniter\CodeIgniter->run()
#5 C:\xampps\htdocs\helpdeskLPC\system\Commands\Server\rewrite.php(43): require_once('C:\\xampps\\htdoc...')
#6 {main}
CRITICAL - 2022-02-08 22:11:04 --> Undefined property: stdClass::$id
#0 C:\xampps\htdocs\helpdeskLPC\app\Views\admin\index.php(73): CodeIgniter\Debug\Exceptions->errorHandler(2, 'Undefined prope...', 'C:\\xampps\\htdoc...', 73)
#1 C:\xampps\htdocs\helpdeskLPC\system\View\View.php(210): include('C:\\xampps\\htdoc...')
#2 C:\xampps\htdocs\helpdeskLPC\system\View\View.php(213): CodeIgniter\View\View->CodeIgniter\View\{closure}()
#3 C:\xampps\htdocs\helpdeskLPC\system\Common.php(1089): CodeIgniter\View\View->render('admin/index', Array, true)
#4 C:\xampps\htdocs\helpdeskLPC\system\Helpers\sn_helper.php(7): view('admin/index', Array)
#5 C:\xampps\htdocs\helpdeskLPC\app\Controllers\Admin.php(38): tampilan('admin/index', Array)
#6 C:\xampps\htdocs\helpdeskLPC\system\CodeIgniter.php(825): App\Controllers\Admin->index()
#7 C:\xampps\htdocs\helpdeskLPC\system\CodeIgniter.php(412): CodeIgniter\CodeIgniter->runController(Object(App\Controllers\Admin))
#8 C:\xampps\htdocs\helpdeskLPC\system\CodeIgniter.php(320): CodeIgniter\CodeIgniter->handleRequest(NULL, Object(Config\Cache), false)
#9 C:\xampps\htdocs\helpdeskLPC\public\index.php(37): CodeIgniter\CodeIgniter->run()
#10 C:\xampps\htdocs\helpdeskLPC\system\Commands\Server\rewrite.php(43): require_once('C:\\xampps\\htdoc...')
#11 {main}
CRITICAL - 2022-02-08 22:11:06 --> Undefined property: stdClass::$id
#0 C:\xampps\htdocs\helpdeskLPC\app\Views\admin\index.php(73): CodeIgniter\Debug\Exceptions->errorHandler(2, 'Undefined prope...', 'C:\\xampps\\htdoc...', 73)
#1 C:\xampps\htdocs\helpdeskLPC\system\View\View.php(210): include('C:\\xampps\\htdoc...')
#2 C:\xampps\htdocs\helpdeskLPC\system\View\View.php(213): CodeIgniter\View\View->CodeIgniter\View\{closure}()
#3 C:\xampps\htdocs\helpdeskLPC\system\Common.php(1089): CodeIgniter\View\View->render('admin/index', Array, true)
#4 C:\xampps\htdocs\helpdeskLPC\system\Helpers\sn_helper.php(7): view('admin/index', Array)
#5 C:\xampps\htdocs\helpdeskLPC\app\Controllers\Admin.php(38): tampilan('admin/index', Array)
#6 C:\xampps\htdocs\helpdeskLPC\system\CodeIgniter.php(825): App\Controllers\Admin->index()
#7 C:\xampps\htdocs\helpdeskLPC\system\CodeIgniter.php(412): CodeIgniter\CodeIgniter->runController(Object(App\Controllers\Admin))
#8 C:\xampps\htdocs\helpdeskLPC\system\CodeIgniter.php(320): CodeIgniter\CodeIgniter->handleRequest(NULL, Object(Config\Cache), false)
#9 C:\xampps\htdocs\helpdeskLPC\public\index.php(37): CodeIgniter\CodeIgniter->run()
#10 C:\xampps\htdocs\helpdeskLPC\system\Commands\Server\rewrite.php(43): require_once('C:\\xampps\\htdoc...')
#11 {main}
CRITICAL - 2022-02-08 22:12:53 --> Undefined property: stdClass::$id
#0 C:\xampps\htdocs\helpdeskLPC\app\Views\admin\index.php(73): CodeIgniter\Debug\Exceptions->errorHandler(2, 'Undefined prope...', 'C:\\xampps\\htdoc...', 73)
#1 C:\xampps\htdocs\helpdeskLPC\system\View\View.php(210): include('C:\\xampps\\htdoc...')
#2 C:\xampps\htdocs\helpdeskLPC\system\View\View.php(213): CodeIgniter\View\View->CodeIgniter\View\{closure}()
#3 C:\xampps\htdocs\helpdeskLPC\system\Common.php(1089): CodeIgniter\View\View->render('admin/index', Array, true)
#4 C:\xampps\htdocs\helpdeskLPC\system\Helpers\sn_helper.php(7): view('admin/index', Array)
#5 C:\xampps\htdocs\helpdeskLPC\app\Controllers\Admin.php(38): tampilan('admin/index', Array)
#6 C:\xampps\htdocs\helpdeskLPC\system\CodeIgniter.php(825): App\Controllers\Admin->index()
#7 C:\xampps\htdocs\helpdeskLPC\system\CodeIgniter.php(412): CodeIgniter\CodeIgniter->runController(Object(App\Controllers\Admin))
#8 C:\xampps\htdocs\helpdeskLPC\system\CodeIgniter.php(320): CodeIgniter\CodeIgniter->handleRequest(NULL, Object(Config\Cache), false)
#9 C:\xampps\htdocs\helpdeskLPC\public\index.php(37): CodeIgniter\CodeIgniter->run()
#10 C:\xampps\htdocs\helpdeskLPC\system\Commands\Server\rewrite.php(43): require_once('C:\\xampps\\htdoc...')
#11 {main}
CRITICAL - 2022-02-08 22:13:26 --> Undefined property: stdClass::$id
#0 C:\xampps\htdocs\helpdeskLPC\app\Views\admin\index.php(73): CodeIgniter\Debug\Exceptions->errorHandler(2, 'Undefined prope...', 'C:\\xampps\\htdoc...', 73)
#1 C:\xampps\htdocs\helpdeskLPC\system\View\View.php(210): include('C:\\xampps\\htdoc...')
#2 C:\xampps\htdocs\helpdeskLPC\system\View\View.php(213): CodeIgniter\View\View->CodeIgniter\View\{closure}()
#3 C:\xampps\htdocs\helpdeskLPC\system\Common.php(1089): CodeIgniter\View\View->render('admin/index', Array, true)
#4 C:\xampps\htdocs\helpdeskLPC\system\Helpers\sn_helper.php(7): view('admin/index', Array)
#5 C:\xampps\htdocs\helpdeskLPC\app\Controllers\Admin.php(38): tampilan('admin/index', Array)
#6 C:\xampps\htdocs\helpdeskLPC\system\CodeIgniter.php(825): App\Controllers\Admin->index()
#7 C:\xampps\htdocs\helpdeskLPC\system\CodeIgniter.php(412): CodeIgniter\CodeIgniter->runController(Object(App\Controllers\Admin))
#8 C:\xampps\htdocs\helpdeskLPC\system\CodeIgniter.php(320): CodeIgniter\CodeIgniter->handleRequest(NULL, Object(Config\Cache), false)
#9 C:\xampps\htdocs\helpdeskLPC\public\index.php(37): CodeIgniter\CodeIgniter->run()
#10 C:\xampps\htdocs\helpdeskLPC\system\Commands\Server\rewrite.php(43): require_once('C:\\xampps\\htdoc...')
#11 {main}
CRITICAL - 2022-02-08 22:13:29 --> Undefined property: stdClass::$id
#0 C:\xampps\htdocs\helpdeskLPC\app\Views\admin\index.php(73): CodeIgniter\Debug\Exceptions->errorHandler(2, 'Undefined prope...', 'C:\\xampps\\htdoc...', 73)
#1 C:\xampps\htdocs\helpdeskLPC\system\View\View.php(210): include('C:\\xampps\\htdoc...')
#2 C:\xampps\htdocs\helpdeskLPC\system\View\View.php(213): CodeIgniter\View\View->CodeIgniter\View\{closure}()
#3 C:\xampps\htdocs\helpdeskLPC\system\Common.php(1089): CodeIgniter\View\View->render('admin/index', Array, true)
#4 C:\xampps\htdocs\helpdeskLPC\system\Helpers\sn_helper.php(7): view('admin/index', Array)
#5 C:\xampps\htdocs\helpdeskLPC\app\Controllers\Admin.php(38): tampilan('admin/index', Array)
#6 C:\xampps\htdocs\helpdeskLPC\system\CodeIgniter.php(825): App\Controllers\Admin->index()
#7 C:\xampps\htdocs\helpdeskLPC\system\CodeIgniter.php(412): CodeIgniter\CodeIgniter->runController(Object(App\Controllers\Admin))
#8 C:\xampps\htdocs\helpdeskLPC\system\CodeIgniter.php(320): CodeIgniter\CodeIgniter->handleRequest(NULL, Object(Config\Cache), false)
#9 C:\xampps\htdocs\helpdeskLPC\public\index.php(37): CodeIgniter\CodeIgniter->run()
#10 C:\xampps\htdocs\helpdeskLPC\system\Commands\Server\rewrite.php(43): require_once('C:\\xampps\\htdoc...')
#11 {main}
CRITICAL - 2022-02-08 22:14:26 --> Undefined property: stdClass::$id
#0 C:\xampps\htdocs\helpdeskLPC\app\Views\admin\index.php(73): CodeIgniter\Debug\Exceptions->errorHandler(2, 'Undefined prope...', 'C:\\xampps\\htdoc...', 73)
#1 C:\xampps\htdocs\helpdeskLPC\system\View\View.php(210): include('C:\\xampps\\htdoc...')
#2 C:\xampps\htdocs\helpdeskLPC\system\View\View.php(213): CodeIgniter\View\View->CodeIgniter\View\{closure}()
#3 C:\xampps\htdocs\helpdeskLPC\system\Common.php(1089): CodeIgniter\View\View->render('admin/index', Array, true)
#4 C:\xampps\htdocs\helpdeskLPC\system\Helpers\sn_helper.php(7): view('admin/index', Array)
#5 C:\xampps\htdocs\helpdeskLPC\app\Controllers\Admin.php(38): tampilan('admin/index', Array)
#6 C:\xampps\htdocs\helpdeskLPC\system\CodeIgniter.php(825): App\Controllers\Admin->index()
#7 C:\xampps\htdocs\helpdeskLPC\system\CodeIgniter.php(412): CodeIgniter\CodeIgniter->runController(Object(App\Controllers\Admin))
#8 C:\xampps\htdocs\helpdeskLPC\system\CodeIgniter.php(320): CodeIgniter\CodeIgniter->handleRequest(NULL, Object(Config\Cache), false)
#9 C:\xampps\htdocs\helpdeskLPC\public\index.php(37): CodeIgniter\CodeIgniter->run()
#10 C:\xampps\htdocs\helpdeskLPC\system\Commands\Server\rewrite.php(43): require_once('C:\\xampps\\htdoc...')
#11 {main}
CRITICAL - 2022-02-08 22:17:54 --> Undefined property: stdClass::$id
#0 C:\xampps\htdocs\helpdeskLPC\app\Views\admin\index.php(73): CodeIgniter\Debug\Exceptions->errorHandler(2, 'Undefined prope...', 'C:\\xampps\\htdoc...', 73)
#1 C:\xampps\htdocs\helpdeskLPC\system\View\View.php(210): include('C:\\xampps\\htdoc...')
#2 C:\xampps\htdocs\helpdeskLPC\system\View\View.php(213): CodeIgniter\View\View->CodeIgniter\View\{closure}()
#3 C:\xampps\htdocs\helpdeskLPC\system\Common.php(1089): CodeIgniter\View\View->render('admin/index', Array, true)
#4 C:\xampps\htdocs\helpdeskLPC\system\Helpers\sn_helper.php(7): view('admin/index', Array)
#5 C:\xampps\htdocs\helpdeskLPC\app\Controllers\Admin.php(38): tampilan('admin/index', Array)
#6 C:\xampps\htdocs\helpdeskLPC\system\CodeIgniter.php(825): App\Controllers\Admin->index()
#7 C:\xampps\htdocs\helpdeskLPC\system\CodeIgniter.php(412): CodeIgniter\CodeIgniter->runController(Object(App\Controllers\Admin))
#8 C:\xampps\htdocs\helpdeskLPC\system\CodeIgniter.php(320): CodeIgniter\CodeIgniter->handleRequest(NULL, Object(Config\Cache), false)
#9 C:\xampps\htdocs\helpdeskLPC\public\index.php(37): CodeIgniter\CodeIgniter->run()
#10 C:\xampps\htdocs\helpdeskLPC\system\Commands\Server\rewrite.php(43): require_once('C:\\xampps\\htdoc...')
#11 {main}
CRITICAL - 2022-02-08 22:17:57 --> Undefined property: stdClass::$id
#0 C:\xampps\htdocs\helpdeskLPC\app\Views\admin\index.php(73): CodeIgniter\Debug\Exceptions->errorHandler(2, 'Undefined prope...', 'C:\\xampps\\htdoc...', 73)
#1 C:\xampps\htdocs\helpdeskLPC\system\View\View.php(210): include('C:\\xampps\\htdoc...')
#2 C:\xampps\htdocs\helpdeskLPC\system\View\View.php(213): CodeIgniter\View\View->CodeIgniter\View\{closure}()
#3 C:\xampps\htdocs\helpdeskLPC\system\Common.php(1089): CodeIgniter\View\View->render('admin/index', Array, true)
#4 C:\xampps\htdocs\helpdeskLPC\system\Helpers\sn_helper.php(7): view('admin/index', Array)
#5 C:\xampps\htdocs\helpdeskLPC\app\Controllers\Admin.php(38): tampilan('admin/index', Array)
#6 C:\xampps\htdocs\helpdeskLPC\system\CodeIgniter.php(825): App\Controllers\Admin->index()
#7 C:\xampps\htdocs\helpdeskLPC\system\CodeIgniter.php(412): CodeIgniter\CodeIgniter->runController(Object(App\Controllers\Admin))
#8 C:\xampps\htdocs\helpdeskLPC\system\CodeIgniter.php(320): CodeIgniter\CodeIgniter->handleRequest(NULL, Object(Config\Cache), false)
#9 C:\xampps\htdocs\helpdeskLPC\public\index.php(37): CodeIgniter\CodeIgniter->run()
#10 C:\xampps\htdocs\helpdeskLPC\system\Commands\Server\rewrite.php(43): require_once('C:\\xampps\\htdoc...')
#11 {main}
CRITICAL - 2022-02-08 22:17:59 --> Undefined property: stdClass::$id
#0 C:\xampps\htdocs\helpdeskLPC\app\Views\admin\index.php(73): CodeIgniter\Debug\Exceptions->errorHandler(2, 'Undefined prope...', 'C:\\xampps\\htdoc...', 73)
#1 C:\xampps\htdocs\helpdeskLPC\system\View\View.php(210): include('C:\\xampps\\htdoc...')
#2 C:\xampps\htdocs\helpdeskLPC\system\View\View.php(213): CodeIgniter\View\View->CodeIgniter\View\{closure}()
#3 C:\xampps\htdocs\helpdeskLPC\system\Common.php(1089): CodeIgniter\View\View->render('admin/index', Array, true)
#4 C:\xampps\htdocs\helpdeskLPC\system\Helpers\sn_helper.php(7): view('admin/index', Array)
#5 C:\xampps\htdocs\helpdeskLPC\app\Controllers\Admin.php(38): tampilan('admin/index', Array)
#6 C:\xampps\htdocs\helpdeskLPC\system\CodeIgniter.php(825): App\Controllers\Admin->index()
#7 C:\xampps\htdocs\helpdeskLPC\system\CodeIgniter.php(412): CodeIgniter\CodeIgniter->runController(Object(App\Controllers\Admin))
#8 C:\xampps\htdocs\helpdeskLPC\system\CodeIgniter.php(320): CodeIgniter\CodeIgniter->handleRequest(NULL, Object(Config\Cache), false)
#9 C:\xampps\htdocs\helpdeskLPC\public\index.php(37): CodeIgniter\CodeIgniter->run()
#10 C:\xampps\htdocs\helpdeskLPC\system\Commands\Server\rewrite.php(43): require_once('C:\\xampps\\htdoc...')
#11 {main}
CRITICAL - 2022-02-08 22:21:48 --> Cannot use object of type stdClass as array
#0 C:\xampps\htdocs\helpdeskLPC\system\View\View.php(210): include()
#1 C:\xampps\htdocs\helpdeskLPC\system\View\View.php(213): CodeIgniter\View\View->CodeIgniter\View\{closure}()
#2 C:\xampps\htdocs\helpdeskLPC\system\Common.php(1089): CodeIgniter\View\View->render('admin/index', Array, true)
#3 C:\xampps\htdocs\helpdeskLPC\system\Helpers\sn_helper.php(7): view('admin/index', Array)
#4 C:\xampps\htdocs\helpdeskLPC\app\Controllers\Admin.php(38): tampilan('admin/index', Array)
#5 C:\xampps\htdocs\helpdeskLPC\system\CodeIgniter.php(825): App\Controllers\Admin->index()
#6 C:\xampps\htdocs\helpdeskLPC\system\CodeIgniter.php(412): CodeIgniter\CodeIgniter->runController(Object(App\Controllers\Admin))
#7 C:\xampps\htdocs\helpdeskLPC\system\CodeIgniter.php(320): CodeIgniter\CodeIgniter->handleRequest(NULL, Object(Config\Cache), false)
#8 C:\xampps\htdocs\helpdeskLPC\public\index.php(37): CodeIgniter\CodeIgniter->run()
#9 C:\xampps\htdocs\helpdeskLPC\system\Commands\Server\rewrite.php(43): require_once('C:\\xampps\\htdoc...')
#10 {main}
CRITICAL - 2022-02-08 22:23:11 --> Undefined property: App\Controllers\Admin::$model
#0 C:\xampps\htdocs\helpdeskLPC\app\Controllers\Admin.php(149): CodeIgniter\Debug\Exceptions->errorHandler(2, 'Undefined prope...', 'C:\\xampps\\htdoc...', 149)
#1 C:\xampps\htdocs\helpdeskLPC\system\CodeIgniter.php(825): App\Controllers\Admin->hapus('9')
#2 C:\xampps\htdocs\helpdeskLPC\system\CodeIgniter.php(412): CodeIgniter\CodeIgniter->runController(Object(App\Controllers\Admin))
#3 C:\xampps\htdocs\helpdeskLPC\system\CodeIgniter.php(320): CodeIgniter\CodeIgniter->handleRequest(NULL, Object(Config\Cache), false)
#4 C:\xampps\htdocs\helpdeskLPC\public\index.php(37): CodeIgniter\CodeIgniter->run()
#5 C:\xampps\htdocs\helpdeskLPC\system\Commands\Server\rewrite.php(43): require_once('C:\\xampps\\htdoc...')
#6 {main}
CRITICAL - 2022-02-08 22:23:38 --> Undefined property: App\Controllers\Admin::$model
#0 C:\xampps\htdocs\helpdeskLPC\app\Controllers\Admin.php(149): CodeIgniter\Debug\Exceptions->errorHandler(2, 'Undefined prope...', 'C:\\xampps\\htdoc...', 149)
#1 C:\xampps\htdocs\helpdeskLPC\system\CodeIgniter.php(825): App\Controllers\Admin->hapus('9')
#2 C:\xampps\htdocs\helpdeskLPC\system\CodeIgniter.php(412): CodeIgniter\CodeIgniter->runController(Object(App\Controllers\Admin))
#3 C:\xampps\htdocs\helpdeskLPC\system\CodeIgniter.php(320): CodeIgniter\CodeIgniter->handleRequest(NULL, Object(Config\Cache), false)
#4 C:\xampps\htdocs\helpdeskLPC\public\index.php(37): CodeIgniter\CodeIgniter->run()
#5 C:\xampps\htdocs\helpdeskLPC\system\Commands\Server\rewrite.php(43): require_once('C:\\xampps\\htdoc...')
#6 {main}
CRITICAL - 2022-02-08 22:23:45 --> Undefined property: App\Controllers\Admin::$model
#0 C:\xampps\htdocs\helpdeskLPC\app\Controllers\Admin.php(149): CodeIgniter\Debug\Exceptions->errorHandler(2, 'Undefined prope...', 'C:\\xampps\\htdoc...', 149)
#1 C:\xampps\htdocs\helpdeskLPC\system\CodeIgniter.php(825): App\Controllers\Admin->hapus('9')
#2 C:\xampps\htdocs\helpdeskLPC\system\CodeIgniter.php(412): CodeIgniter\CodeIgniter->runController(Object(App\Controllers\Admin))
#3 C:\xampps\htdocs\helpdeskLPC\system\CodeIgniter.php(320): CodeIgniter\CodeIgniter->handleRequest(NULL, Object(Config\Cache), false)
#4 C:\xampps\htdocs\helpdeskLPC\public\index.php(37): CodeIgniter\CodeIgniter->run()
#5 C:\xampps\htdocs\helpdeskLPC\system\Commands\Server\rewrite.php(43): require_once('C:\\xampps\\htdoc...')
#6 {main}
CRITICAL - 2022-02-08 22:25:10 --> Undefined property: App\Controllers\Admin::$model
#0 C:\xampps\htdocs\helpdeskLPC\app\Controllers\Admin.php(149): CodeIgniter\Debug\Exceptions->errorHandler(2, 'Undefined prope...', 'C:\\xampps\\htdoc...', 149)
#1 C:\xampps\htdocs\helpdeskLPC\system\CodeIgniter.php(825): App\Controllers\Admin->hapus('9')
#2 C:\xampps\htdocs\helpdeskLPC\system\CodeIgniter.php(412): CodeIgniter\CodeIgniter->runController(Object(App\Controllers\Admin))
#3 C:\xampps\htdocs\helpdeskLPC\system\CodeIgniter.php(320): CodeIgniter\CodeIgniter->handleRequest(NULL, Object(Config\Cache), false)
#4 C:\xampps\htdocs\helpdeskLPC\public\index.php(37): CodeIgniter\CodeIgniter->run()
#5 C:\xampps\htdocs\helpdeskLPC\system\Commands\Server\rewrite.php(43): require_once('C:\\xampps\\htdoc...')
#6 {main}
CRITICAL - 2022-02-08 22:25:16 --> Undefined property: App\Controllers\Admin::$model
#0 C:\xampps\htdocs\helpdeskLPC\app\Controllers\Admin.php(149): CodeIgniter\Debug\Exceptions->errorHandler(2, 'Undefined prope...', 'C:\\xampps\\htdoc...', 149)
#1 C:\xampps\htdocs\helpdeskLPC\system\CodeIgniter.php(825): App\Controllers\Admin->hapus('9')
#2 C:\xampps\htdocs\helpdeskLPC\system\CodeIgniter.php(412): CodeIgniter\CodeIgniter->runController(Object(App\Controllers\Admin))
#3 C:\xampps\htdocs\helpdeskLPC\system\CodeIgniter.php(320): CodeIgniter\CodeIgniter->handleRequest(NULL, Object(Config\Cache), false)
#4 C:\xampps\htdocs\helpdeskLPC\public\index.php(37): CodeIgniter\CodeIgniter->run()
#5 C:\xampps\htdocs\helpdeskLPC\system\Commands\Server\rewrite.php(43): require_once('C:\\xampps\\htdoc...')
#6 {main}
