CRITICAL - 2022-01-20 01:34:15 --> Undefined variable $row
#0 C:\xampps\htdocs\helpdeskLPC\app\Views\Progress\index.php(135): CodeIgniter\Debug\Exceptions->errorHandler(2, 'Undefined varia...', 'C:\\xampps\\htdoc...', 135)
#1 C:\xampps\htdocs\helpdeskLPC\system\View\View.php(210): include('C:\\xampps\\htdoc...')
#2 C:\xampps\htdocs\helpdeskLPC\system\View\View.php(213): CodeIgniter\View\View->CodeIgniter\View\{closure}()
#3 C:\xampps\htdocs\helpdeskLPC\system\Common.php(1089): CodeIgniter\View\View->render('progress/index', Array, true)
#4 C:\xampps\htdocs\helpdeskLPC\app\Controllers\Progress.php(23): view('progress/index', Array)
#5 C:\xampps\htdocs\helpdeskLPC\system\CodeIgniter.php(825): App\Controllers\Progress->index()
#6 C:\xampps\htdocs\helpdeskLPC\system\CodeIgniter.php(412): CodeIgniter\CodeIgniter->runController(Object(App\Controllers\Progress))
#7 C:\xampps\htdocs\helpdeskLPC\system\CodeIgniter.php(320): CodeIgniter\CodeIgniter->handleRequest(NULL, Object(Config\Cache), false)
#8 C:\xampps\htdocs\helpdeskLPC\public\index.php(37): CodeIgniter\CodeIgniter->run()
#9 C:\xampps\htdocs\helpdeskLPC\system\Commands\Server\rewrite.php(43): require_once('C:\\xampps\\htdoc...')
#10 {main}
CRITICAL - 2022-01-20 01:35:50 --> Undefined variable $row
#0 C:\xampps\htdocs\helpdeskLPC\app\Views\Progress\index.php(135): CodeIgniter\Debug\Exceptions->errorHandler(2, 'Undefined varia...', 'C:\\xampps\\htdoc...', 135)
#1 C:\xampps\htdocs\helpdeskLPC\system\View\View.php(210): include('C:\\xampps\\htdoc...')
#2 C:\xampps\htdocs\helpdeskLPC\system\View\View.php(213): CodeIgniter\View\View->CodeIgniter\View\{closure}()
#3 C:\xampps\htdocs\helpdeskLPC\system\Common.php(1089): CodeIgniter\View\View->render('progress/index', Array, true)
#4 C:\xampps\htdocs\helpdeskLPC\app\Controllers\Progress.php(23): view('progress/index', Array)
#5 C:\xampps\htdocs\helpdeskLPC\system\CodeIgniter.php(825): App\Controllers\Progress->index()
#6 C:\xampps\htdocs\helpdeskLPC\system\CodeIgniter.php(412): CodeIgniter\CodeIgniter->runController(Object(App\Controllers\Progress))
#7 C:\xampps\htdocs\helpdeskLPC\system\CodeIgniter.php(320): CodeIgniter\CodeIgniter->handleRequest(NULL, Object(Config\Cache), false)
#8 C:\xampps\htdocs\helpdeskLPC\public\index.php(37): CodeIgniter\CodeIgniter->run()
#9 C:\xampps\htdocs\helpdeskLPC\system\Commands\Server\rewrite.php(43): require_once('C:\\xampps\\htdoc...')
#10 {main}
CRITICAL - 2022-01-20 01:35:53 --> Undefined variable $row
#0 C:\xampps\htdocs\helpdeskLPC\app\Views\Progress\index.php(135): CodeIgniter\Debug\Exceptions->errorHandler(2, 'Undefined varia...', 'C:\\xampps\\htdoc...', 135)
#1 C:\xampps\htdocs\helpdeskLPC\system\View\View.php(210): include('C:\\xampps\\htdoc...')
#2 C:\xampps\htdocs\helpdeskLPC\system\View\View.php(213): CodeIgniter\View\View->CodeIgniter\View\{closure}()
#3 C:\xampps\htdocs\helpdeskLPC\system\Common.php(1089): CodeIgniter\View\View->render('progress/index', Array, true)
#4 C:\xampps\htdocs\helpdeskLPC\app\Controllers\Progress.php(23): view('progress/index', Array)
#5 C:\xampps\htdocs\helpdeskLPC\system\CodeIgniter.php(825): App\Controllers\Progress->index()
#6 C:\xampps\htdocs\helpdeskLPC\system\CodeIgniter.php(412): CodeIgniter\CodeIgniter->runController(Object(App\Controllers\Progress))
#7 C:\xampps\htdocs\helpdeskLPC\system\CodeIgniter.php(320): CodeIgniter\CodeIgniter->handleRequest(NULL, Object(Config\Cache), false)
#8 C:\xampps\htdocs\helpdeskLPC\public\index.php(37): CodeIgniter\CodeIgniter->run()
#9 C:\xampps\htdocs\helpdeskLPC\system\Commands\Server\rewrite.php(43): require_once('C:\\xampps\\htdoc...')
#10 {main}
CRITICAL - 2022-01-20 01:37:23 --> Undefined variable $row
#0 C:\xampps\htdocs\helpdeskLPC\app\Views\Progress\index.php(135): CodeIgniter\Debug\Exceptions->errorHandler(2, 'Undefined varia...', 'C:\\xampps\\htdoc...', 135)
#1 C:\xampps\htdocs\helpdeskLPC\system\View\View.php(210): include('C:\\xampps\\htdoc...')
#2 C:\xampps\htdocs\helpdeskLPC\system\View\View.php(213): CodeIgniter\View\View->CodeIgniter\View\{closure}()
#3 C:\xampps\htdocs\helpdeskLPC\system\Common.php(1089): CodeIgniter\View\View->render('progress/index', Array, true)
#4 C:\xampps\htdocs\helpdeskLPC\app\Controllers\Progress.php(23): view('progress/index', Array)
#5 C:\xampps\htdocs\helpdeskLPC\system\CodeIgniter.php(825): App\Controllers\Progress->index()
#6 C:\xampps\htdocs\helpdeskLPC\system\CodeIgniter.php(412): CodeIgniter\CodeIgniter->runController(Object(App\Controllers\Progress))
#7 C:\xampps\htdocs\helpdeskLPC\system\CodeIgniter.php(320): CodeIgniter\CodeIgniter->handleRequest(NULL, Object(Config\Cache), false)
#8 C:\xampps\htdocs\helpdeskLPC\public\index.php(37): CodeIgniter\CodeIgniter->run()
#9 C:\xampps\htdocs\helpdeskLPC\system\Commands\Server\rewrite.php(43): require_once('C:\\xampps\\htdoc...')
#10 {main}
CRITICAL - 2022-01-20 01:37:29 --> Undefined variable $row
#0 C:\xampps\htdocs\helpdeskLPC\app\Views\Progress\index.php(135): CodeIgniter\Debug\Exceptions->errorHandler(2, 'Undefined varia...', 'C:\\xampps\\htdoc...', 135)
#1 C:\xampps\htdocs\helpdeskLPC\system\View\View.php(210): include('C:\\xampps\\htdoc...')
#2 C:\xampps\htdocs\helpdeskLPC\system\View\View.php(213): CodeIgniter\View\View->CodeIgniter\View\{closure}()
#3 C:\xampps\htdocs\helpdeskLPC\system\Common.php(1089): CodeIgniter\View\View->render('progress/index', Array, true)
#4 C:\xampps\htdocs\helpdeskLPC\app\Controllers\Progress.php(23): view('progress/index', Array)
#5 C:\xampps\htdocs\helpdeskLPC\system\CodeIgniter.php(825): App\Controllers\Progress->index()
#6 C:\xampps\htdocs\helpdeskLPC\system\CodeIgniter.php(412): CodeIgniter\CodeIgniter->runController(Object(App\Controllers\Progress))
#7 C:\xampps\htdocs\helpdeskLPC\system\CodeIgniter.php(320): CodeIgniter\CodeIgniter->handleRequest(NULL, Object(Config\Cache), false)
#8 C:\xampps\htdocs\helpdeskLPC\public\index.php(37): CodeIgniter\CodeIgniter->run()
#9 C:\xampps\htdocs\helpdeskLPC\system\Commands\Server\rewrite.php(43): require_once('C:\\xampps\\htdoc...')
#10 {main}
CRITICAL - 2022-01-20 01:38:45 --> Undefined variable $row
#0 C:\xampps\htdocs\helpdeskLPC\app\Views\Progress\index.php(135): CodeIgniter\Debug\Exceptions->errorHandler(2, 'Undefined varia...', 'C:\\xampps\\htdoc...', 135)
#1 C:\xampps\htdocs\helpdeskLPC\system\View\View.php(210): include('C:\\xampps\\htdoc...')
#2 C:\xampps\htdocs\helpdeskLPC\system\View\View.php(213): CodeIgniter\View\View->CodeIgniter\View\{closure}()
#3 C:\xampps\htdocs\helpdeskLPC\system\Common.php(1089): CodeIgniter\View\View->render('progress/index', Array, true)
#4 C:\xampps\htdocs\helpdeskLPC\app\Controllers\Progress.php(23): view('progress/index', Array)
#5 C:\xampps\htdocs\helpdeskLPC\system\CodeIgniter.php(825): App\Controllers\Progress->index()
#6 C:\xampps\htdocs\helpdeskLPC\system\CodeIgniter.php(412): CodeIgniter\CodeIgniter->runController(Object(App\Controllers\Progress))
#7 C:\xampps\htdocs\helpdeskLPC\system\CodeIgniter.php(320): CodeIgniter\CodeIgniter->handleRequest(NULL, Object(Config\Cache), false)
#8 C:\xampps\htdocs\helpdeskLPC\public\index.php(37): CodeIgniter\CodeIgniter->run()
#9 C:\xampps\htdocs\helpdeskLPC\system\Commands\Server\rewrite.php(43): require_once('C:\\xampps\\htdoc...')
#10 {main}
CRITICAL - 2022-01-20 01:38:49 --> Undefined variable $row
#0 C:\xampps\htdocs\helpdeskLPC\app\Views\Progress\index.php(135): CodeIgniter\Debug\Exceptions->errorHandler(2, 'Undefined varia...', 'C:\\xampps\\htdoc...', 135)
#1 C:\xampps\htdocs\helpdeskLPC\system\View\View.php(210): include('C:\\xampps\\htdoc...')
#2 C:\xampps\htdocs\helpdeskLPC\system\View\View.php(213): CodeIgniter\View\View->CodeIgniter\View\{closure}()
#3 C:\xampps\htdocs\helpdeskLPC\system\Common.php(1089): CodeIgniter\View\View->render('progress/index', Array, true)
#4 C:\xampps\htdocs\helpdeskLPC\app\Controllers\Progress.php(23): view('progress/index', Array)
#5 C:\xampps\htdocs\helpdeskLPC\system\CodeIgniter.php(825): App\Controllers\Progress->index()
#6 C:\xampps\htdocs\helpdeskLPC\system\CodeIgniter.php(412): CodeIgniter\CodeIgniter->runController(Object(App\Controllers\Progress))
#7 C:\xampps\htdocs\helpdeskLPC\system\CodeIgniter.php(320): CodeIgniter\CodeIgniter->handleRequest(NULL, Object(Config\Cache), false)
#8 C:\xampps\htdocs\helpdeskLPC\public\index.php(37): CodeIgniter\CodeIgniter->run()
#9 C:\xampps\htdocs\helpdeskLPC\system\Commands\Server\rewrite.php(43): require_once('C:\\xampps\\htdoc...')
#10 {main}
CRITICAL - 2022-01-20 01:39:06 --> Undefined variable $row
#0 C:\xampps\htdocs\helpdeskLPC\app\Views\Progress\index.php(135): CodeIgniter\Debug\Exceptions->errorHandler(2, 'Undefined varia...', 'C:\\xampps\\htdoc...', 135)
#1 C:\xampps\htdocs\helpdeskLPC\system\View\View.php(210): include('C:\\xampps\\htdoc...')
#2 C:\xampps\htdocs\helpdeskLPC\system\View\View.php(213): CodeIgniter\View\View->CodeIgniter\View\{closure}()
#3 C:\xampps\htdocs\helpdeskLPC\system\Common.php(1089): CodeIgniter\View\View->render('progress/index', Array, true)
#4 C:\xampps\htdocs\helpdeskLPC\app\Controllers\Progress.php(23): view('progress/index', Array)
#5 C:\xampps\htdocs\helpdeskLPC\system\CodeIgniter.php(825): App\Controllers\Progress->index()
#6 C:\xampps\htdocs\helpdeskLPC\system\CodeIgniter.php(412): CodeIgniter\CodeIgniter->runController(Object(App\Controllers\Progress))
#7 C:\xampps\htdocs\helpdeskLPC\system\CodeIgniter.php(320): CodeIgniter\CodeIgniter->handleRequest(NULL, Object(Config\Cache), false)
#8 C:\xampps\htdocs\helpdeskLPC\public\index.php(37): CodeIgniter\CodeIgniter->run()
#9 C:\xampps\htdocs\helpdeskLPC\system\Commands\Server\rewrite.php(43): require_once('C:\\xampps\\htdoc...')
#10 {main}
CRITICAL - 2022-01-20 01:47:47 --> Undefined variable $row
#0 C:\xampps\htdocs\helpdeskLPC\app\Views\Progress\index.php(135): CodeIgniter\Debug\Exceptions->errorHandler(2, 'Undefined varia...', 'C:\\xampps\\htdoc...', 135)
#1 C:\xampps\htdocs\helpdeskLPC\system\View\View.php(210): include('C:\\xampps\\htdoc...')
#2 C:\xampps\htdocs\helpdeskLPC\system\View\View.php(213): CodeIgniter\View\View->CodeIgniter\View\{closure}()
#3 C:\xampps\htdocs\helpdeskLPC\system\Common.php(1089): CodeIgniter\View\View->render('progress/index', Array, true)
#4 C:\xampps\htdocs\helpdeskLPC\app\Controllers\Progress.php(23): view('progress/index', Array)
#5 C:\xampps\htdocs\helpdeskLPC\system\CodeIgniter.php(825): App\Controllers\Progress->index()
#6 C:\xampps\htdocs\helpdeskLPC\system\CodeIgniter.php(412): CodeIgniter\CodeIgniter->runController(Object(App\Controllers\Progress))
#7 C:\xampps\htdocs\helpdeskLPC\system\CodeIgniter.php(320): CodeIgniter\CodeIgniter->handleRequest(NULL, Object(Config\Cache), false)
#8 C:\xampps\htdocs\helpdeskLPC\public\index.php(37): CodeIgniter\CodeIgniter->run()
#9 C:\xampps\htdocs\helpdeskLPC\system\Commands\Server\rewrite.php(43): require_once('C:\\xampps\\htdoc...')
#10 {main}
CRITICAL - 2022-01-20 01:47:57 --> Undefined variable $row
#0 C:\xampps\htdocs\helpdeskLPC\app\Views\Progress\index.php(135): CodeIgniter\Debug\Exceptions->errorHandler(2, 'Undefined varia...', 'C:\\xampps\\htdoc...', 135)
#1 C:\xampps\htdocs\helpdeskLPC\system\View\View.php(210): include('C:\\xampps\\htdoc...')
#2 C:\xampps\htdocs\helpdeskLPC\system\View\View.php(213): CodeIgniter\View\View->CodeIgniter\View\{closure}()
#3 C:\xampps\htdocs\helpdeskLPC\system\Common.php(1089): CodeIgniter\View\View->render('progress/index', Array, true)
#4 C:\xampps\htdocs\helpdeskLPC\app\Controllers\Progress.php(23): view('progress/index', Array)
#5 C:\xampps\htdocs\helpdeskLPC\system\CodeIgniter.php(825): App\Controllers\Progress->index()
#6 C:\xampps\htdocs\helpdeskLPC\system\CodeIgniter.php(412): CodeIgniter\CodeIgniter->runController(Object(App\Controllers\Progress))
#7 C:\xampps\htdocs\helpdeskLPC\system\CodeIgniter.php(320): CodeIgniter\CodeIgniter->handleRequest(NULL, Object(Config\Cache), false)
#8 C:\xampps\htdocs\helpdeskLPC\public\index.php(37): CodeIgniter\CodeIgniter->run()
#9 C:\xampps\htdocs\helpdeskLPC\system\Commands\Server\rewrite.php(43): require_once('C:\\xampps\\htdoc...')
#10 {main}
CRITICAL - 2022-01-20 01:52:52 --> Undefined variable $row
#0 C:\xampps\htdocs\helpdeskLPC\app\Views\Progress\index.php(135): CodeIgniter\Debug\Exceptions->errorHandler(2, 'Undefined varia...', 'C:\\xampps\\htdoc...', 135)
#1 C:\xampps\htdocs\helpdeskLPC\system\View\View.php(210): include('C:\\xampps\\htdoc...')
#2 C:\xampps\htdocs\helpdeskLPC\system\View\View.php(213): CodeIgniter\View\View->CodeIgniter\View\{closure}()
#3 C:\xampps\htdocs\helpdeskLPC\system\Common.php(1089): CodeIgniter\View\View->render('progress/index', Array, true)
#4 C:\xampps\htdocs\helpdeskLPC\app\Controllers\Progress.php(23): view('progress/index', Array)
#5 C:\xampps\htdocs\helpdeskLPC\system\CodeIgniter.php(825): App\Controllers\Progress->index()
#6 C:\xampps\htdocs\helpdeskLPC\system\CodeIgniter.php(412): CodeIgniter\CodeIgniter->runController(Object(App\Controllers\Progress))
#7 C:\xampps\htdocs\helpdeskLPC\system\CodeIgniter.php(320): CodeIgniter\CodeIgniter->handleRequest(NULL, Object(Config\Cache), false)
#8 C:\xampps\htdocs\helpdeskLPC\public\index.php(37): CodeIgniter\CodeIgniter->run()
#9 C:\xampps\htdocs\helpdeskLPC\system\Commands\Server\rewrite.php(43): require_once('C:\\xampps\\htdoc...')
#10 {main}
CRITICAL - 2022-01-20 01:55:35 --> Undefined variable $row
#0 C:\xampps\htdocs\helpdeskLPC\app\Views\Progress\index.php(135): CodeIgniter\Debug\Exceptions->errorHandler(2, 'Undefined varia...', 'C:\\xampps\\htdoc...', 135)
#1 C:\xampps\htdocs\helpdeskLPC\system\View\View.php(210): include('C:\\xampps\\htdoc...')
#2 C:\xampps\htdocs\helpdeskLPC\system\View\View.php(213): CodeIgniter\View\View->CodeIgniter\View\{closure}()
#3 C:\xampps\htdocs\helpdeskLPC\system\Common.php(1089): CodeIgniter\View\View->render('progress/index', Array, true)
#4 C:\xampps\htdocs\helpdeskLPC\app\Controllers\Progress.php(23): view('progress/index', Array)
#5 C:\xampps\htdocs\helpdeskLPC\system\CodeIgniter.php(825): App\Controllers\Progress->index()
#6 C:\xampps\htdocs\helpdeskLPC\system\CodeIgniter.php(412): CodeIgniter\CodeIgniter->runController(Object(App\Controllers\Progress))
#7 C:\xampps\htdocs\helpdeskLPC\system\CodeIgniter.php(320): CodeIgniter\CodeIgniter->handleRequest(NULL, Object(Config\Cache), false)
#8 C:\xampps\htdocs\helpdeskLPC\public\index.php(37): CodeIgniter\CodeIgniter->run()
#9 C:\xampps\htdocs\helpdeskLPC\system\Commands\Server\rewrite.php(43): require_once('C:\\xampps\\htdoc...')
#10 {main}
CRITICAL - 2022-01-20 01:55:47 --> Undefined variable $row
#0 C:\xampps\htdocs\helpdeskLPC\app\Views\Progress\index.php(135): CodeIgniter\Debug\Exceptions->errorHandler(2, 'Undefined varia...', 'C:\\xampps\\htdoc...', 135)
#1 C:\xampps\htdocs\helpdeskLPC\system\View\View.php(210): include('C:\\xampps\\htdoc...')
#2 C:\xampps\htdocs\helpdeskLPC\system\View\View.php(213): CodeIgniter\View\View->CodeIgniter\View\{closure}()
#3 C:\xampps\htdocs\helpdeskLPC\system\Common.php(1089): CodeIgniter\View\View->render('progress/index', Array, true)
#4 C:\xampps\htdocs\helpdeskLPC\app\Controllers\Progress.php(23): view('progress/index', Array)
#5 C:\xampps\htdocs\helpdeskLPC\system\CodeIgniter.php(825): App\Controllers\Progress->index()
#6 C:\xampps\htdocs\helpdeskLPC\system\CodeIgniter.php(412): CodeIgniter\CodeIgniter->runController(Object(App\Controllers\Progress))
#7 C:\xampps\htdocs\helpdeskLPC\system\CodeIgniter.php(320): CodeIgniter\CodeIgniter->handleRequest(NULL, Object(Config\Cache), false)
#8 C:\xampps\htdocs\helpdeskLPC\public\index.php(37): CodeIgniter\CodeIgniter->run()
#9 C:\xampps\htdocs\helpdeskLPC\system\Commands\Server\rewrite.php(43): require_once('C:\\xampps\\htdoc...')
#10 {main}
CRITICAL - 2022-01-20 01:57:00 --> Undefined variable $row
#0 C:\xampps\htdocs\helpdeskLPC\app\Views\Progress\index.php(135): CodeIgniter\Debug\Exceptions->errorHandler(2, 'Undefined varia...', 'C:\\xampps\\htdoc...', 135)
#1 C:\xampps\htdocs\helpdeskLPC\system\View\View.php(210): include('C:\\xampps\\htdoc...')
#2 C:\xampps\htdocs\helpdeskLPC\system\View\View.php(213): CodeIgniter\View\View->CodeIgniter\View\{closure}()
#3 C:\xampps\htdocs\helpdeskLPC\system\Common.php(1089): CodeIgniter\View\View->render('progress/index', Array, true)
#4 C:\xampps\htdocs\helpdeskLPC\app\Controllers\Progress.php(23): view('progress/index', Array)
#5 C:\xampps\htdocs\helpdeskLPC\system\CodeIgniter.php(825): App\Controllers\Progress->index()
#6 C:\xampps\htdocs\helpdeskLPC\system\CodeIgniter.php(412): CodeIgniter\CodeIgniter->runController(Object(App\Controllers\Progress))
#7 C:\xampps\htdocs\helpdeskLPC\system\CodeIgniter.php(320): CodeIgniter\CodeIgniter->handleRequest(NULL, Object(Config\Cache), false)
#8 C:\xampps\htdocs\helpdeskLPC\public\index.php(37): CodeIgniter\CodeIgniter->run()
#9 C:\xampps\htdocs\helpdeskLPC\system\Commands\Server\rewrite.php(43): require_once('C:\\xampps\\htdoc...')
#10 {main}
CRITICAL - 2022-01-20 01:57:03 --> Undefined variable $row
#0 C:\xampps\htdocs\helpdeskLPC\app\Views\Progress\index.php(135): CodeIgniter\Debug\Exceptions->errorHandler(2, 'Undefined varia...', 'C:\\xampps\\htdoc...', 135)
#1 C:\xampps\htdocs\helpdeskLPC\system\View\View.php(210): include('C:\\xampps\\htdoc...')
#2 C:\xampps\htdocs\helpdeskLPC\system\View\View.php(213): CodeIgniter\View\View->CodeIgniter\View\{closure}()
#3 C:\xampps\htdocs\helpdeskLPC\system\Common.php(1089): CodeIgniter\View\View->render('progress/index', Array, true)
#4 C:\xampps\htdocs\helpdeskLPC\app\Controllers\Progress.php(23): view('progress/index', Array)
#5 C:\xampps\htdocs\helpdeskLPC\system\CodeIgniter.php(825): App\Controllers\Progress->index()
#6 C:\xampps\htdocs\helpdeskLPC\system\CodeIgniter.php(412): CodeIgniter\CodeIgniter->runController(Object(App\Controllers\Progress))
#7 C:\xampps\htdocs\helpdeskLPC\system\CodeIgniter.php(320): CodeIgniter\CodeIgniter->handleRequest(NULL, Object(Config\Cache), false)
#8 C:\xampps\htdocs\helpdeskLPC\public\index.php(37): CodeIgniter\CodeIgniter->run()
#9 C:\xampps\htdocs\helpdeskLPC\system\Commands\Server\rewrite.php(43): require_once('C:\\xampps\\htdoc...')
#10 {main}
CRITICAL - 2022-01-20 01:57:06 --> Undefined variable $row
#0 C:\xampps\htdocs\helpdeskLPC\app\Views\Progress\index.php(135): CodeIgniter\Debug\Exceptions->errorHandler(2, 'Undefined varia...', 'C:\\xampps\\htdoc...', 135)
#1 C:\xampps\htdocs\helpdeskLPC\system\View\View.php(210): include('C:\\xampps\\htdoc...')
#2 C:\xampps\htdocs\helpdeskLPC\system\View\View.php(213): CodeIgniter\View\View->CodeIgniter\View\{closure}()
#3 C:\xampps\htdocs\helpdeskLPC\system\Common.php(1089): CodeIgniter\View\View->render('progress/index', Array, true)
#4 C:\xampps\htdocs\helpdeskLPC\app\Controllers\Progress.php(23): view('progress/index', Array)
#5 C:\xampps\htdocs\helpdeskLPC\system\CodeIgniter.php(825): App\Controllers\Progress->index()
#6 C:\xampps\htdocs\helpdeskLPC\system\CodeIgniter.php(412): CodeIgniter\CodeIgniter->runController(Object(App\Controllers\Progress))
#7 C:\xampps\htdocs\helpdeskLPC\system\CodeIgniter.php(320): CodeIgniter\CodeIgniter->handleRequest(NULL, Object(Config\Cache), false)
#8 C:\xampps\htdocs\helpdeskLPC\public\index.php(37): CodeIgniter\CodeIgniter->run()
#9 C:\xampps\htdocs\helpdeskLPC\system\Commands\Server\rewrite.php(43): require_once('C:\\xampps\\htdoc...')
#10 {main}
CRITICAL - 2022-01-20 01:58:26 --> Undefined variable $row
#0 C:\xampps\htdocs\helpdeskLPC\app\Views\Progress\index.php(135): CodeIgniter\Debug\Exceptions->errorHandler(2, 'Undefined varia...', 'C:\\xampps\\htdoc...', 135)
#1 C:\xampps\htdocs\helpdeskLPC\system\View\View.php(210): include('C:\\xampps\\htdoc...')
#2 C:\xampps\htdocs\helpdeskLPC\system\View\View.php(213): CodeIgniter\View\View->CodeIgniter\View\{closure}()
#3 C:\xampps\htdocs\helpdeskLPC\system\Common.php(1089): CodeIgniter\View\View->render('progress/index', Array, true)
#4 C:\xampps\htdocs\helpdeskLPC\app\Controllers\Progress.php(23): view('progress/index', Array)
#5 C:\xampps\htdocs\helpdeskLPC\system\CodeIgniter.php(825): App\Controllers\Progress->index()
#6 C:\xampps\htdocs\helpdeskLPC\system\CodeIgniter.php(412): CodeIgniter\CodeIgniter->runController(Object(App\Controllers\Progress))
#7 C:\xampps\htdocs\helpdeskLPC\system\CodeIgniter.php(320): CodeIgniter\CodeIgniter->handleRequest(NULL, Object(Config\Cache), false)
#8 C:\xampps\htdocs\helpdeskLPC\public\index.php(37): CodeIgniter\CodeIgniter->run()
#9 C:\xampps\htdocs\helpdeskLPC\system\Commands\Server\rewrite.php(43): require_once('C:\\xampps\\htdoc...')
#10 {main}
CRITICAL - 2022-01-20 01:58:29 --> Undefined variable $row
#0 C:\xampps\htdocs\helpdeskLPC\app\Views\Progress\index.php(135): CodeIgniter\Debug\Exceptions->errorHandler(2, 'Undefined varia...', 'C:\\xampps\\htdoc...', 135)
#1 C:\xampps\htdocs\helpdeskLPC\system\View\View.php(210): include('C:\\xampps\\htdoc...')
#2 C:\xampps\htdocs\helpdeskLPC\system\View\View.php(213): CodeIgniter\View\View->CodeIgniter\View\{closure}()
#3 C:\xampps\htdocs\helpdeskLPC\system\Common.php(1089): CodeIgniter\View\View->render('progress/index', Array, true)
#4 C:\xampps\htdocs\helpdeskLPC\app\Controllers\Progress.php(23): view('progress/index', Array)
#5 C:\xampps\htdocs\helpdeskLPC\system\CodeIgniter.php(825): App\Controllers\Progress->index()
#6 C:\xampps\htdocs\helpdeskLPC\system\CodeIgniter.php(412): CodeIgniter\CodeIgniter->runController(Object(App\Controllers\Progress))
#7 C:\xampps\htdocs\helpdeskLPC\system\CodeIgniter.php(320): CodeIgniter\CodeIgniter->handleRequest(NULL, Object(Config\Cache), false)
#8 C:\xampps\htdocs\helpdeskLPC\public\index.php(37): CodeIgniter\CodeIgniter->run()
#9 C:\xampps\htdocs\helpdeskLPC\system\Commands\Server\rewrite.php(43): require_once('C:\\xampps\\htdoc...')
#10 {main}
CRITICAL - 2022-01-20 02:01:22 --> Undefined variable $row
#0 C:\xampps\htdocs\helpdeskLPC\app\Views\Progress\index.php(135): CodeIgniter\Debug\Exceptions->errorHandler(2, 'Undefined varia...', 'C:\\xampps\\htdoc...', 135)
#1 C:\xampps\htdocs\helpdeskLPC\system\View\View.php(210): include('C:\\xampps\\htdoc...')
#2 C:\xampps\htdocs\helpdeskLPC\system\View\View.php(213): CodeIgniter\View\View->CodeIgniter\View\{closure}()
#3 C:\xampps\htdocs\helpdeskLPC\system\Common.php(1089): CodeIgniter\View\View->render('progress/index', Array, true)
#4 C:\xampps\htdocs\helpdeskLPC\app\Controllers\Progress.php(23): view('progress/index', Array)
#5 C:\xampps\htdocs\helpdeskLPC\system\CodeIgniter.php(825): App\Controllers\Progress->index()
#6 C:\xampps\htdocs\helpdeskLPC\system\CodeIgniter.php(412): CodeIgniter\CodeIgniter->runController(Object(App\Controllers\Progress))
#7 C:\xampps\htdocs\helpdeskLPC\system\CodeIgniter.php(320): CodeIgniter\CodeIgniter->handleRequest(NULL, Object(Config\Cache), false)
#8 C:\xampps\htdocs\helpdeskLPC\public\index.php(37): CodeIgniter\CodeIgniter->run()
#9 C:\xampps\htdocs\helpdeskLPC\system\Commands\Server\rewrite.php(43): require_once('C:\\xampps\\htdoc...')
#10 {main}
CRITICAL - 2022-01-20 02:01:28 --> Undefined variable $row
#0 C:\xampps\htdocs\helpdeskLPC\app\Views\Progress\index.php(135): CodeIgniter\Debug\Exceptions->errorHandler(2, 'Undefined varia...', 'C:\\xampps\\htdoc...', 135)
#1 C:\xampps\htdocs\helpdeskLPC\system\View\View.php(210): include('C:\\xampps\\htdoc...')
#2 C:\xampps\htdocs\helpdeskLPC\system\View\View.php(213): CodeIgniter\View\View->CodeIgniter\View\{closure}()
#3 C:\xampps\htdocs\helpdeskLPC\system\Common.php(1089): CodeIgniter\View\View->render('progress/index', Array, true)
#4 C:\xampps\htdocs\helpdeskLPC\app\Controllers\Progress.php(23): view('progress/index', Array)
#5 C:\xampps\htdocs\helpdeskLPC\system\CodeIgniter.php(825): App\Controllers\Progress->index()
#6 C:\xampps\htdocs\helpdeskLPC\system\CodeIgniter.php(412): CodeIgniter\CodeIgniter->runController(Object(App\Controllers\Progress))
#7 C:\xampps\htdocs\helpdeskLPC\system\CodeIgniter.php(320): CodeIgniter\CodeIgniter->handleRequest(NULL, Object(Config\Cache), false)
#8 C:\xampps\htdocs\helpdeskLPC\public\index.php(37): CodeIgniter\CodeIgniter->run()
#9 C:\xampps\htdocs\helpdeskLPC\system\Commands\Server\rewrite.php(43): require_once('C:\\xampps\\htdoc...')
#10 {main}
CRITICAL - 2022-01-20 02:08:25 --> Undefined variable $row
#0 C:\xampps\htdocs\helpdeskLPC\app\Views\Progress\index.php(135): CodeIgniter\Debug\Exceptions->errorHandler(2, 'Undefined varia...', 'C:\\xampps\\htdoc...', 135)
#1 C:\xampps\htdocs\helpdeskLPC\system\View\View.php(210): include('C:\\xampps\\htdoc...')
#2 C:\xampps\htdocs\helpdeskLPC\system\View\View.php(213): CodeIgniter\View\View->CodeIgniter\View\{closure}()
#3 C:\xampps\htdocs\helpdeskLPC\system\Common.php(1089): CodeIgniter\View\View->render('progress/index', Array, true)
#4 C:\xampps\htdocs\helpdeskLPC\app\Controllers\Progress.php(23): view('progress/index', Array)
#5 C:\xampps\htdocs\helpdeskLPC\system\CodeIgniter.php(825): App\Controllers\Progress->index()
#6 C:\xampps\htdocs\helpdeskLPC\system\CodeIgniter.php(412): CodeIgniter\CodeIgniter->runController(Object(App\Controllers\Progress))
#7 C:\xampps\htdocs\helpdeskLPC\system\CodeIgniter.php(320): CodeIgniter\CodeIgniter->handleRequest(NULL, Object(Config\Cache), false)
#8 C:\xampps\htdocs\helpdeskLPC\public\index.php(37): CodeIgniter\CodeIgniter->run()
#9 C:\xampps\htdocs\helpdeskLPC\system\Commands\Server\rewrite.php(43): require_once('C:\\xampps\\htdoc...')
#10 {main}
CRITICAL - 2022-01-20 02:08:27 --> Undefined variable $row
#0 C:\xampps\htdocs\helpdeskLPC\app\Views\Progress\index.php(135): CodeIgniter\Debug\Exceptions->errorHandler(2, 'Undefined varia...', 'C:\\xampps\\htdoc...', 135)
#1 C:\xampps\htdocs\helpdeskLPC\system\View\View.php(210): include('C:\\xampps\\htdoc...')
#2 C:\xampps\htdocs\helpdeskLPC\system\View\View.php(213): CodeIgniter\View\View->CodeIgniter\View\{closure}()
#3 C:\xampps\htdocs\helpdeskLPC\system\Common.php(1089): CodeIgniter\View\View->render('progress/index', Array, true)
#4 C:\xampps\htdocs\helpdeskLPC\app\Controllers\Progress.php(23): view('progress/index', Array)
#5 C:\xampps\htdocs\helpdeskLPC\system\CodeIgniter.php(825): App\Controllers\Progress->index()
#6 C:\xampps\htdocs\helpdeskLPC\system\CodeIgniter.php(412): CodeIgniter\CodeIgniter->runController(Object(App\Controllers\Progress))
#7 C:\xampps\htdocs\helpdeskLPC\system\CodeIgniter.php(320): CodeIgniter\CodeIgniter->handleRequest(NULL, Object(Config\Cache), false)
#8 C:\xampps\htdocs\helpdeskLPC\public\index.php(37): CodeIgniter\CodeIgniter->run()
#9 C:\xampps\htdocs\helpdeskLPC\system\Commands\Server\rewrite.php(43): require_once('C:\\xampps\\htdoc...')
#10 {main}
CRITICAL - 2022-01-20 02:08:29 --> Undefined variable $row
#0 C:\xampps\htdocs\helpdeskLPC\app\Views\Progress\index.php(135): CodeIgniter\Debug\Exceptions->errorHandler(2, 'Undefined varia...', 'C:\\xampps\\htdoc...', 135)
#1 C:\xampps\htdocs\helpdeskLPC\system\View\View.php(210): include('C:\\xampps\\htdoc...')
#2 C:\xampps\htdocs\helpdeskLPC\system\View\View.php(213): CodeIgniter\View\View->CodeIgniter\View\{closure}()
#3 C:\xampps\htdocs\helpdeskLPC\system\Common.php(1089): CodeIgniter\View\View->render('progress/index', Array, true)
#4 C:\xampps\htdocs\helpdeskLPC\app\Controllers\Progress.php(23): view('progress/index', Array)
#5 C:\xampps\htdocs\helpdeskLPC\system\CodeIgniter.php(825): App\Controllers\Progress->index()
#6 C:\xampps\htdocs\helpdeskLPC\system\CodeIgniter.php(412): CodeIgniter\CodeIgniter->runController(Object(App\Controllers\Progress))
#7 C:\xampps\htdocs\helpdeskLPC\system\CodeIgniter.php(320): CodeIgniter\CodeIgniter->handleRequest(NULL, Object(Config\Cache), false)
#8 C:\xampps\htdocs\helpdeskLPC\public\index.php(37): CodeIgniter\CodeIgniter->run()
#9 C:\xampps\htdocs\helpdeskLPC\system\Commands\Server\rewrite.php(43): require_once('C:\\xampps\\htdoc...')
#10 {main}
ERROR - 2022-01-20 20:21:35 --> Unknown column 'id_ticket' in 'where clause'
CRITICAL - 2022-01-20 20:21:35 --> Unknown column 'id_ticket' in 'where clause'
#0 C:\xampps\htdocs\helpdeskLPC\system\Database\MySQLi\Connection.php(292): mysqli->query('SELECT 1\nFROM `...', 0)
#1 C:\xampps\htdocs\helpdeskLPC\system\Database\BaseConnection.php(670): CodeIgniter\Database\MySQLi\Connection->execute('SELECT 1\nFROM `...')
#2 C:\xampps\htdocs\helpdeskLPC\system\Database\BaseConnection.php(598): CodeIgniter\Database\BaseConnection->simpleQuery('SELECT 1\nFROM `...')
#3 C:\xampps\htdocs\helpdeskLPC\system\Database\BaseBuilder.php(1455): CodeIgniter\Database\BaseConnection->query('SELECT 1\nFROM `...', Array, false)
#4 C:\xampps\htdocs\helpdeskLPC\system\Validation\Rules.php(142): CodeIgniter\Database\BaseBuilder->get()
#5 C:\xampps\htdocs\helpdeskLPC\system\Validation\Validation.php(292): CodeIgniter\Validation\Rules->is_unique('2', 'id_ticket', Array, NULL)
#6 C:\xampps\htdocs\helpdeskLPC\system\Validation\Validation.php(157): CodeIgniter\Validation\Validation->processRules('id_ticket', 'Id Ticket', '2', Array, Array)
#7 C:\xampps\htdocs\helpdeskLPC\system\Controller.php(160): CodeIgniter\Validation\Validation->run()
#8 C:\xampps\htdocs\helpdeskLPC\app\Controllers\Progress.php(32): CodeIgniter\Controller->validate(Array)
#9 C:\xampps\htdocs\helpdeskLPC\system\CodeIgniter.php(825): App\Controllers\Progress->tambah()
#10 C:\xampps\htdocs\helpdeskLPC\system\CodeIgniter.php(412): CodeIgniter\CodeIgniter->runController(Object(App\Controllers\Progress))
#11 C:\xampps\htdocs\helpdeskLPC\system\CodeIgniter.php(320): CodeIgniter\CodeIgniter->handleRequest(NULL, Object(Config\Cache), false)
#12 C:\xampps\htdocs\helpdeskLPC\public\index.php(37): CodeIgniter\CodeIgniter->run()
#13 C:\xampps\htdocs\helpdeskLPC\system\Commands\Server\rewrite.php(43): require_once('C:\\xampps\\htdoc...')
#14 {main}
ERROR - 2022-01-20 20:22:40 --> Unknown column 'id_ticket' in 'where clause'
CRITICAL - 2022-01-20 20:22:40 --> Unknown column 'id_ticket' in 'where clause'
#0 C:\xampps\htdocs\helpdeskLPC\system\Database\MySQLi\Connection.php(292): mysqli->query('SELECT 1\nFROM `...', 0)
#1 C:\xampps\htdocs\helpdeskLPC\system\Database\BaseConnection.php(670): CodeIgniter\Database\MySQLi\Connection->execute('SELECT 1\nFROM `...')
#2 C:\xampps\htdocs\helpdeskLPC\system\Database\BaseConnection.php(598): CodeIgniter\Database\BaseConnection->simpleQuery('SELECT 1\nFROM `...')
#3 C:\xampps\htdocs\helpdeskLPC\system\Database\BaseBuilder.php(1455): CodeIgniter\Database\BaseConnection->query('SELECT 1\nFROM `...', Array, false)
#4 C:\xampps\htdocs\helpdeskLPC\system\Validation\Rules.php(142): CodeIgniter\Database\BaseBuilder->get()
#5 C:\xampps\htdocs\helpdeskLPC\system\Validation\Validation.php(292): CodeIgniter\Validation\Rules->is_unique('2', 'id_ticket', Array, NULL)
#6 C:\xampps\htdocs\helpdeskLPC\system\Validation\Validation.php(157): CodeIgniter\Validation\Validation->processRules('id_ticket', 'Id Ticket', '2', Array, Array)
#7 C:\xampps\htdocs\helpdeskLPC\system\Controller.php(160): CodeIgniter\Validation\Validation->run()
#8 C:\xampps\htdocs\helpdeskLPC\app\Controllers\Progress.php(32): CodeIgniter\Controller->validate(Array)
#9 C:\xampps\htdocs\helpdeskLPC\system\CodeIgniter.php(825): App\Controllers\Progress->tambah()
#10 C:\xampps\htdocs\helpdeskLPC\system\CodeIgniter.php(412): CodeIgniter\CodeIgniter->runController(Object(App\Controllers\Progress))
#11 C:\xampps\htdocs\helpdeskLPC\system\CodeIgniter.php(320): CodeIgniter\CodeIgniter->handleRequest(NULL, Object(Config\Cache), false)
#12 C:\xampps\htdocs\helpdeskLPC\public\index.php(37): CodeIgniter\CodeIgniter->run()
#13 C:\xampps\htdocs\helpdeskLPC\system\Commands\Server\rewrite.php(43): require_once('C:\\xampps\\htdoc...')
#14 {main}
ERROR - 2022-01-20 20:23:47 --> Unknown column 'id_ticket' in 'where clause'
CRITICAL - 2022-01-20 20:23:47 --> Unknown column 'id_ticket' in 'where clause'
#0 C:\xampps\htdocs\helpdeskLPC\system\Database\MySQLi\Connection.php(292): mysqli->query('SELECT 1\nFROM `...', 0)
#1 C:\xampps\htdocs\helpdeskLPC\system\Database\BaseConnection.php(670): CodeIgniter\Database\MySQLi\Connection->execute('SELECT 1\nFROM `...')
#2 C:\xampps\htdocs\helpdeskLPC\system\Database\BaseConnection.php(598): CodeIgniter\Database\BaseConnection->simpleQuery('SELECT 1\nFROM `...')
#3 C:\xampps\htdocs\helpdeskLPC\system\Database\BaseBuilder.php(1455): CodeIgniter\Database\BaseConnection->query('SELECT 1\nFROM `...', Array, false)
#4 C:\xampps\htdocs\helpdeskLPC\system\Validation\Rules.php(142): CodeIgniter\Database\BaseBuilder->get()
#5 C:\xampps\htdocs\helpdeskLPC\system\Validation\Validation.php(292): CodeIgniter\Validation\Rules->is_unique('2', 'id_ticket', Array, NULL)
#6 C:\xampps\htdocs\helpdeskLPC\system\Validation\Validation.php(157): CodeIgniter\Validation\Validation->processRules('id_ticket', 'Id Ticket', '2', Array, Array)
#7 C:\xampps\htdocs\helpdeskLPC\system\Controller.php(160): CodeIgniter\Validation\Validation->run()
#8 C:\xampps\htdocs\helpdeskLPC\app\Controllers\Progress.php(32): CodeIgniter\Controller->validate(Array)
#9 C:\xampps\htdocs\helpdeskLPC\system\CodeIgniter.php(825): App\Controllers\Progress->tambah()
#10 C:\xampps\htdocs\helpdeskLPC\system\CodeIgniter.php(412): CodeIgniter\CodeIgniter->runController(Object(App\Controllers\Progress))
#11 C:\xampps\htdocs\helpdeskLPC\system\CodeIgniter.php(320): CodeIgniter\CodeIgniter->handleRequest(NULL, Object(Config\Cache), false)
#12 C:\xampps\htdocs\helpdeskLPC\public\index.php(37): CodeIgniter\CodeIgniter->run()
#13 C:\xampps\htdocs\helpdeskLPC\system\Commands\Server\rewrite.php(43): require_once('C:\\xampps\\htdoc...')
#14 {main}
ERROR - 2022-01-20 20:31:54 --> Unknown column 'id_ticket' in 'where clause'
CRITICAL - 2022-01-20 20:31:54 --> Unknown column 'id_ticket' in 'where clause'
#0 C:\xampps\htdocs\helpdeskLPC\system\Database\MySQLi\Connection.php(292): mysqli->query('SELECT 1\nFROM `...', 0)
#1 C:\xampps\htdocs\helpdeskLPC\system\Database\BaseConnection.php(670): CodeIgniter\Database\MySQLi\Connection->execute('SELECT 1\nFROM `...')
#2 C:\xampps\htdocs\helpdeskLPC\system\Database\BaseConnection.php(598): CodeIgniter\Database\BaseConnection->simpleQuery('SELECT 1\nFROM `...')
#3 C:\xampps\htdocs\helpdeskLPC\system\Database\BaseBuilder.php(1455): CodeIgniter\Database\BaseConnection->query('SELECT 1\nFROM `...', Array, false)
#4 C:\xampps\htdocs\helpdeskLPC\system\Validation\Rules.php(142): CodeIgniter\Database\BaseBuilder->get()
#5 C:\xampps\htdocs\helpdeskLPC\system\Validation\Validation.php(292): CodeIgniter\Validation\Rules->is_unique('3', 'id_ticket', Array, NULL)
#6 C:\xampps\htdocs\helpdeskLPC\system\Validation\Validation.php(157): CodeIgniter\Validation\Validation->processRules('id_ticket', 'Id Ticket', '3', Array, Array)
#7 C:\xampps\htdocs\helpdeskLPC\system\Controller.php(160): CodeIgniter\Validation\Validation->run()
#8 C:\xampps\htdocs\helpdeskLPC\app\Controllers\Progress.php(32): CodeIgniter\Controller->validate(Array)
#9 C:\xampps\htdocs\helpdeskLPC\system\CodeIgniter.php(825): App\Controllers\Progress->tambah()
#10 C:\xampps\htdocs\helpdeskLPC\system\CodeIgniter.php(412): CodeIgniter\CodeIgniter->runController(Object(App\Controllers\Progress))
#11 C:\xampps\htdocs\helpdeskLPC\system\CodeIgniter.php(320): CodeIgniter\CodeIgniter->handleRequest(NULL, Object(Config\Cache), false)
#12 C:\xampps\htdocs\helpdeskLPC\public\index.php(37): CodeIgniter\CodeIgniter->run()
#13 C:\xampps\htdocs\helpdeskLPC\system\Commands\Server\rewrite.php(43): require_once('C:\\xampps\\htdoc...')
#14 {main}
ERROR - 2022-01-20 20:34:38 --> Unknown column 'id_ticket' in 'where clause'
CRITICAL - 2022-01-20 20:34:38 --> Unknown column 'id_ticket' in 'where clause'
#0 C:\xampps\htdocs\helpdeskLPC\system\Database\MySQLi\Connection.php(292): mysqli->query('SELECT 1\nFROM `...', 0)
#1 C:\xampps\htdocs\helpdeskLPC\system\Database\BaseConnection.php(670): CodeIgniter\Database\MySQLi\Connection->execute('SELECT 1\nFROM `...')
#2 C:\xampps\htdocs\helpdeskLPC\system\Database\BaseConnection.php(598): CodeIgniter\Database\BaseConnection->simpleQuery('SELECT 1\nFROM `...')
#3 C:\xampps\htdocs\helpdeskLPC\system\Database\BaseBuilder.php(1455): CodeIgniter\Database\BaseConnection->query('SELECT 1\nFROM `...', Array, false)
#4 C:\xampps\htdocs\helpdeskLPC\system\Validation\Rules.php(142): CodeIgniter\Database\BaseBuilder->get()
#5 C:\xampps\htdocs\helpdeskLPC\system\Validation\Validation.php(292): CodeIgniter\Validation\Rules->is_unique('2', 'id_ticket', Array, NULL)
#6 C:\xampps\htdocs\helpdeskLPC\system\Validation\Validation.php(157): CodeIgniter\Validation\Validation->processRules('id_ticket', 'Id Ticket', '2', Array, Array)
#7 C:\xampps\htdocs\helpdeskLPC\system\Controller.php(160): CodeIgniter\Validation\Validation->run()
#8 C:\xampps\htdocs\helpdeskLPC\app\Controllers\Progress.php(32): CodeIgniter\Controller->validate(Array)
#9 C:\xampps\htdocs\helpdeskLPC\system\CodeIgniter.php(825): App\Controllers\Progress->tambah()
#10 C:\xampps\htdocs\helpdeskLPC\system\CodeIgniter.php(412): CodeIgniter\CodeIgniter->runController(Object(App\Controllers\Progress))
#11 C:\xampps\htdocs\helpdeskLPC\system\CodeIgniter.php(320): CodeIgniter\CodeIgniter->handleRequest(NULL, Object(Config\Cache), false)
#12 C:\xampps\htdocs\helpdeskLPC\public\index.php(37): CodeIgniter\CodeIgniter->run()
#13 C:\xampps\htdocs\helpdeskLPC\system\Commands\Server\rewrite.php(43): require_once('C:\\xampps\\htdoc...')
#14 {main}
ERROR - 2022-01-20 20:36:49 --> Unknown column 'id_ticket' in 'where clause'
CRITICAL - 2022-01-20 20:36:49 --> Call to a member function getRow() on bool
#0 C:\xampps\htdocs\helpdeskLPC\system\Validation\Validation.php(292): CodeIgniter\Validation\Rules->is_unique('2', 'id_ticket', Array, NULL)
#1 C:\xampps\htdocs\helpdeskLPC\system\Validation\Validation.php(157): CodeIgniter\Validation\Validation->processRules('id_ticket', 'Id Ticket', '2', Array, Array)
#2 C:\xampps\htdocs\helpdeskLPC\system\Controller.php(160): CodeIgniter\Validation\Validation->run()
#3 C:\xampps\htdocs\helpdeskLPC\app\Controllers\Progress.php(32): CodeIgniter\Controller->validate(Array)
#4 C:\xampps\htdocs\helpdeskLPC\system\CodeIgniter.php(825): App\Controllers\Progress->tambah()
#5 C:\xampps\htdocs\helpdeskLPC\system\CodeIgniter.php(412): CodeIgniter\CodeIgniter->runController(Object(App\Controllers\Progress))
#6 C:\xampps\htdocs\helpdeskLPC\system\CodeIgniter.php(320): CodeIgniter\CodeIgniter->handleRequest(NULL, Object(Config\Cache), false)
#7 C:\xampps\htdocs\helpdeskLPC\public\index.php(37): CodeIgniter\CodeIgniter->run()
#8 C:\xampps\htdocs\helpdeskLPC\system\Commands\Server\rewrite.php(43): require_once('C:\\xampps\\htdoc...')
#9 {main}
ERROR - 2022-01-20 20:37:41 --> Unknown column 'id_ticket' in 'where clause'
CRITICAL - 2022-01-20 20:37:41 --> Unknown column 'id_ticket' in 'where clause'
#0 C:\xampps\htdocs\helpdeskLPC\system\Database\MySQLi\Connection.php(292): mysqli->query('SELECT 1\nFROM `...', 0)
#1 C:\xampps\htdocs\helpdeskLPC\system\Database\BaseConnection.php(670): CodeIgniter\Database\MySQLi\Connection->execute('SELECT 1\nFROM `...')
#2 C:\xampps\htdocs\helpdeskLPC\system\Database\BaseConnection.php(598): CodeIgniter\Database\BaseConnection->simpleQuery('SELECT 1\nFROM `...')
#3 C:\xampps\htdocs\helpdeskLPC\system\Database\BaseBuilder.php(1455): CodeIgniter\Database\BaseConnection->query('SELECT 1\nFROM `...', Array, false)
#4 C:\xampps\htdocs\helpdeskLPC\system\Validation\Rules.php(142): CodeIgniter\Database\BaseBuilder->get()
#5 C:\xampps\htdocs\helpdeskLPC\system\Validation\Validation.php(292): CodeIgniter\Validation\Rules->is_unique('2', 'id_ticket', Array, NULL)
#6 C:\xampps\htdocs\helpdeskLPC\system\Validation\Validation.php(157): CodeIgniter\Validation\Validation->processRules('id_ticket', 'Id Ticket', '2', Array, Array)
#7 C:\xampps\htdocs\helpdeskLPC\system\Controller.php(160): CodeIgniter\Validation\Validation->run()
#8 C:\xampps\htdocs\helpdeskLPC\app\Controllers\Progress.php(32): CodeIgniter\Controller->validate(Array)
#9 C:\xampps\htdocs\helpdeskLPC\system\CodeIgniter.php(825): App\Controllers\Progress->tambah()
#10 C:\xampps\htdocs\helpdeskLPC\system\CodeIgniter.php(412): CodeIgniter\CodeIgniter->runController(Object(App\Controllers\Progress))
#11 C:\xampps\htdocs\helpdeskLPC\system\CodeIgniter.php(320): CodeIgniter\CodeIgniter->handleRequest(NULL, Object(Config\Cache), false)
#12 C:\xampps\htdocs\helpdeskLPC\public\index.php(37): CodeIgniter\CodeIgniter->run()
#13 C:\xampps\htdocs\helpdeskLPC\system\Commands\Server\rewrite.php(43): require_once('C:\\xampps\\htdoc...')
#14 {main}
CRITICAL - 2022-01-20 20:43:21 --> Undefined variable $row
#0 C:\xampps\htdocs\helpdeskLPC\app\Views\Progress\index.php(136): CodeIgniter\Debug\Exceptions->errorHandler(2, 'Undefined varia...', 'C:\\xampps\\htdoc...', 136)
#1 C:\xampps\htdocs\helpdeskLPC\system\View\View.php(210): include('C:\\xampps\\htdoc...')
#2 C:\xampps\htdocs\helpdeskLPC\system\View\View.php(213): CodeIgniter\View\View->CodeIgniter\View\{closure}()
#3 C:\xampps\htdocs\helpdeskLPC\system\Common.php(1089): CodeIgniter\View\View->render('progress/index', Array, true)
#4 C:\xampps\htdocs\helpdeskLPC\app\Controllers\Progress.php(23): view('progress/index', Array)
#5 C:\xampps\htdocs\helpdeskLPC\system\CodeIgniter.php(825): App\Controllers\Progress->index()
#6 C:\xampps\htdocs\helpdeskLPC\system\CodeIgniter.php(412): CodeIgniter\CodeIgniter->runController(Object(App\Controllers\Progress))
#7 C:\xampps\htdocs\helpdeskLPC\system\CodeIgniter.php(320): CodeIgniter\CodeIgniter->handleRequest(NULL, Object(Config\Cache), false)
#8 C:\xampps\htdocs\helpdeskLPC\public\index.php(37): CodeIgniter\CodeIgniter->run()
#9 C:\xampps\htdocs\helpdeskLPC\system\Commands\Server\rewrite.php(43): require_once('C:\\xampps\\htdoc...')
#10 {main}
CRITICAL - 2022-01-20 20:45:49 --> Undefined variable $row
#0 C:\xampps\htdocs\helpdeskLPC\app\Views\Progress\index.php(169): CodeIgniter\Debug\Exceptions->errorHandler(2, 'Undefined varia...', 'C:\\xampps\\htdoc...', 169)
#1 C:\xampps\htdocs\helpdeskLPC\system\View\View.php(210): include('C:\\xampps\\htdoc...')
#2 C:\xampps\htdocs\helpdeskLPC\system\View\View.php(213): CodeIgniter\View\View->CodeIgniter\View\{closure}()
#3 C:\xampps\htdocs\helpdeskLPC\system\Common.php(1089): CodeIgniter\View\View->render('progress/index', Array, true)
#4 C:\xampps\htdocs\helpdeskLPC\app\Controllers\Progress.php(23): view('progress/index', Array)
#5 C:\xampps\htdocs\helpdeskLPC\system\CodeIgniter.php(825): App\Controllers\Progress->index()
#6 C:\xampps\htdocs\helpdeskLPC\system\CodeIgniter.php(412): CodeIgniter\CodeIgniter->runController(Object(App\Controllers\Progress))
#7 C:\xampps\htdocs\helpdeskLPC\system\CodeIgniter.php(320): CodeIgniter\CodeIgniter->handleRequest(NULL, Object(Config\Cache), false)
#8 C:\xampps\htdocs\helpdeskLPC\public\index.php(37): CodeIgniter\CodeIgniter->run()
#9 C:\xampps\htdocs\helpdeskLPC\system\Commands\Server\rewrite.php(43): require_once('C:\\xampps\\htdoc...')
#10 {main}
CRITICAL - 2022-01-20 20:49:50 --> Undefined variable $row
#0 C:\xampps\htdocs\helpdeskLPC\app\Views\Progress\index.php(136): CodeIgniter\Debug\Exceptions->errorHandler(2, 'Undefined varia...', 'C:\\xampps\\htdoc...', 136)
#1 C:\xampps\htdocs\helpdeskLPC\system\View\View.php(210): include('C:\\xampps\\htdoc...')
#2 C:\xampps\htdocs\helpdeskLPC\system\View\View.php(213): CodeIgniter\View\View->CodeIgniter\View\{closure}()
#3 C:\xampps\htdocs\helpdeskLPC\system\Common.php(1089): CodeIgniter\View\View->render('progress/index', Array, true)
#4 C:\xampps\htdocs\helpdeskLPC\app\Controllers\Progress.php(23): view('progress/index', Array)
#5 C:\xampps\htdocs\helpdeskLPC\system\CodeIgniter.php(825): App\Controllers\Progress->index()
#6 C:\xampps\htdocs\helpdeskLPC\system\CodeIgniter.php(412): CodeIgniter\CodeIgniter->runController(Object(App\Controllers\Progress))
#7 C:\xampps\htdocs\helpdeskLPC\system\CodeIgniter.php(320): CodeIgniter\CodeIgniter->handleRequest(NULL, Object(Config\Cache), false)
#8 C:\xampps\htdocs\helpdeskLPC\public\index.php(37): CodeIgniter\CodeIgniter->run()
#9 C:\xampps\htdocs\helpdeskLPC\system\Commands\Server\rewrite.php(43): require_once('C:\\xampps\\htdoc...')
#10 {main}
